# Server version 0.08 running on DESKTOP-R5EVID9:8123
# Game ID: 136
# Board class: Saboteur.SaboteurBoard
# Timeout: 2000
# First Move Timeout: 30000
# Date: Sun Apr 12 20:48:37 EDT 2020
# Player 1: Player-0, '260778557', running on DESKTOP-R5EVID9
# Player 2: Player-1, 'RandomPlayer', running on DESKTOP-R5EVID9
START Player-0 260778557
START Player-1 RandomPlayer
BoardInit:Tile:0,Tile:12,Map,Tile:9,Bonus,Malus,Tile:8,Tile:9,Tile:6,Tile:8,Map,Tile:0,Tile:8,Tile:7,Tile:3,Tile:4,Tile:14,Map,Tile:8,Bonus,Map,Tile:15,Tile:6,Tile:13,Bonus,Tile:5,Tile:1,Tile:6,Bonus,Tile:11,Tile:5,Tile:10,Map,Tile:6,Tile:0,Tile:7,Tile:9,Tile:2,Tile:9,Tile:6,Malus-Tile:10,Tile:8,Tile:5,Tile:10,Destroy,Destroy,Tile:7-Destroy,Tile:7,Tile:0,Tile:7,Map,Tile:5,Tile:9-Tile:nugget,Tile:hidden1,Tile:hidden2
Tile:10 5 6 1
Map 12 3 0
Tile:5 4 5 1
Tile:0 6 5 0
Tile:8 7 5 1
Tile:9 7 4 0
Drop 2 0 1
Tile:9 7 3 0
Tile:0 8 4 1
Tile:9 7 2 0
Tile:6 7 6 1
Tile:8 9 4 0
Tile:10 9 3 1
Tile:0 10 4 0
Tile:7 7 1 1
Drop 1 0 0
Tile:8 9 2 1
Drop 1 0 0
Tile:3 8 5 1
Drop 1 0 0
Tile:8 10 2 1
Drop 1 0 0
Tile:14 4 6 1
Malus 0 0 0
Drop 4 0 1
Drop 1 0 0
Map 12 3 1
Drop 1 0 0
Drop 3 0 1
Tile:6 11 2 0
Drop 2 0 1
Drop 1 0 0
Bonus 0 0 1
Tile:10 11 1 0
Drop 0 0 1
Tile:6 12 2 0
Tile:1 6 1 1
Drop 2 0 0
Tile:5 12 1 1
Drop 2 0 0
Drop 1 0 1
Destroy 4 5 0
Tile:9_flip 13 1 1
Drop 1 0 0
Malus 0 0 1
Bonus 0 0 0
Tile:9 5 4 1
Drop 0 0 0
Tile:6_flip 3 6 1
Drop 0 0 0
Map 12 5 1
Drop 0 0 0
Drop 1 0 1
Drop 0 0 0
Drop 0 0 1
GAMEOVER DRAW
# Game ended: Sun Apr 12 20:48:37 EDT 2020
