# Server version 0.08 running on DESKTOP-R5EVID9:8123
# Game ID: 36
# Board class: Saboteur.SaboteurBoard
# Timeout: 2000
# First Move Timeout: 30000
# Date: Sun Apr 12 17:47:26 EDT 2020
# Player 1: Player-0, '260778557', running on DESKTOP-R5EVID9
# Player 2: Player-1, 'RandomPlayer', running on DESKTOP-R5EVID9
START Player-0 260778557
START Player-1 RandomPlayer
BoardInit:Tile:1,Tile:5,Bonus,Tile:9,Map,Map,Tile:12,Tile:13,Tile:6,Tile:8,Malus,Tile:6,Bonus,Malus,Destroy,Tile:0,Bonus,Tile:15,Tile:0,Tile:5,Tile:14,Tile:3,Tile:8,Tile:9,Tile:9,Tile:7,Map,Tile:6,Tile:8,Tile:0,Tile:0,Tile:6,Tile:8,Tile:7,Tile:10,Map,Tile:6,Tile:9,Tile:7,Tile:2,Tile:10-Tile:11,Bonus,Tile:7,Tile:4,Tile:9,Map,Destroy-Tile:8,Destroy,Tile:10,Map,Tile:7,Tile:5,Tile:5-Tile:hidden1,Tile:nugget,Tile:hidden2
Drop 3 0 1
Map 12 3 0
Drop 1 0 1
Tile:8 6 5 0
Tile:9 6 6 1
Tile:7 7 5 0
Destroy 6 5 1
Map 12 5 0
Drop 0 0 1
Tile:5_flip 5 6 0
Tile:7_flip 6 7 1
Tile:5_flip 7 7 0
Tile:6 4 6 1
Tile:8 4 5 0
Tile:1 3 6 1
Tile:6_flip 2 6 0
Tile:12_flip 1 6 1
Tile:0 3 5 0
Map 12 5 1
Tile:15 5 4 0
Map 12 7 1
Tile:13 7 6 0
Destroy 5 4 1
Tile:9_flip 5 4 0
Tile:14 8 6 1
Destroy 7 7 0
Drop 3 0 1
Tile:10 2 7 0
Drop 3 0 1
Tile:3_flip 2 8 0
Tile:9 4 4 1
Tile:6 7 7 0
Tile:0 8 7 1
Drop 2 0 0
Tile:8 6 5 1
Tile:9_flip 4 3 0
Tile:8 9 7 1
Tile:7_flip 2 5 0
Tile:8 10 7 1
Tile:5_flip 3 8 0
Tile:6_flip 4 2 1
Tile:7 10 6 0
Tile:10 5 3 1
Tile:2 2 4 0
Tile:10 10 8 1
