# Server version 0.08 running on DESKTOP-R5EVID9:8123
# Game ID: 42
# Board class: Saboteur.SaboteurBoard
# Timeout: 2000
# First Move Timeout: 30000
# Date: Sun Apr 12 19:01:03 EDT 2020
# Player 1: Player-0, '260778557', running on DESKTOP-R5EVID9
# Player 2: Player-1, 'RandomPlayer', running on DESKTOP-R5EVID9
START Player-0 260778557
START Player-1 RandomPlayer
BoardInit:Tile:15,Malus,Tile:1,Bonus,Tile:7,Tile:5,Map,Tile:4,Destroy,Tile:7,Tile:6,Tile:5,Tile:6,Map,Malus,Tile:8,Tile:0,Tile:8,Tile:9,Tile:5,Bonus,Destroy,Tile:9,Tile:0,Tile:14,Map,Tile:2,Tile:11,Tile:6,Bonus,Tile:6,Map,Tile:7,Tile:7,Tile:8,Tile:0,Tile:9,Map,Bonus,Tile:13,Tile:10-Tile:9,Tile:10,Tile:3,Tile:9,Tile:7,Tile:6,Tile:8-Map,Tile:0,Tile:10,Tile:8,Tile:5,Tile:12,Destroy-Tile:hidden1,Tile:nugget,Tile:hidden2
Tile:8 5 4 1
Map 12 3 0
Tile:3_flip 4 5 1
Drop 3 0 0
Drop 1 0 1
Drop 3 0 0
Tile:6_flip 6 4 1
Malus 0 0 0
Map 12 5 1
Drop 5 0 0
Drop 1 0 1
Drop 5 0 0
Drop 4 0 1
Drop 5 0 0
Destroy 6 4 1
Map 12 5 0
Drop 1 0 1
Tile:0 6 5 0
Drop 3 0 1
Tile:8 7 5 0
Drop 2 0 1
Tile:8 8 5 0
Drop 5 0 1
Tile:8 9 5 0
Drop 0 0 1
Tile:0 10 5 0
Drop 5 0 1
Tile:10 9 4 0
Drop 2 0 1
Drop 2 0 0
Drop 1 0 1
Drop 2 0 0
Drop 4 0 1
Drop 3 0 0
Drop 0 0 1
Drop 3 0 0
Drop 4 0 1
Tile:0 11 5 0
GAMEOVER WINNER 0
# Game ended: Sun Apr 12 19:01:03 EDT 2020
