# Server version 0.08 running on DESKTOP-R5EVID9:8123
# Game ID: 67
# Board class: Saboteur.SaboteurBoard
# Timeout: 2000
# First Move Timeout: 30000
# Date: Sun Apr 12 19:14:05 EDT 2020
# Player 1: Player-0, 'RandomPlayer', running on 127.0.0.1
# Player 2: Player-1, '260778557', running on 127.0.0.1
START Player-0 RandomPlayer
START Player-1 260778557
BoardInit:Map,Destroy,Tile:8,Tile:9,Map,Tile:0,Tile:6,Tile:7,Tile:6,Tile:10,Tile:0,Tile:10,Map,Tile:10,Tile:5,Tile:1,Malus,Map,Tile:9,Tile:0,Tile:12,Tile:2,Bonus,Tile:6,Malus,Tile:15,Tile:7,Bonus,Tile:9,Tile:8,Tile:6,Tile:4,Tile:5,Bonus,Tile:7,Destroy,Tile:6,Tile:13,Tile:11,Tile:8,Destroy-Tile:14,Map,Tile:3,Tile:9,Tile:8,Map,Bonus-Tile:0,Tile:8,Tile:9,Tile:7,Tile:5,Tile:7,Tile:5-Tile:hidden2,Tile:nugget,Tile:hidden1
Map 12 3 1
Tile:9_flip 5 6 0
Map 12 5 1
Tile:7 5 4 0
Tile:8 6 5 1
Tile:5_flip 7 5 0
Tile:9 7 4 1
Tile:5 7 3 0
Tile:8 8 4 1
Tile:9 4 4 0
Tile:6 9 4 1
Tile:8 9 3 0
Tile:6 10 4 1
Destroy 5 6 0
Tile:0 11 4 1
Tile:10 6 4 0
Drop 0 0 1
Tile:0 12 4 0
Drop 0 0 1
Tile:10 8 5 0
Drop 1 0 1
Tile:7_flip 6 6 0
Drop 1 0 1
Drop 1 0 0
Drop 1 0 1
Tile:1 7 6 0
Drop 1 0 1
Tile:2 8 3 0
Malus 0 0 1
Drop 6 0 0
Drop 2 0 1
Map 12 3 0
Malus 0 0 1
Drop 6 0 0
Drop 3 0 1
Drop 0 0 0
Drop 5 0 1
Destroy 10 4 0
Tile:6 13 4 1
Drop 0 0 0
Tile:9 13 3 1
Drop 4 0 0
Tile:6 10 4 1
Drop 1 0 0
Tile:9 4 3 1
Drop 3 0 0
Drop 2 0 1
Drop 0 0 0
Drop 2 0 1
Drop 2 0 0
Drop 0 0 1
Drop 0 0 0
Drop 0 0 1
Drop 0 0 0
Drop 0 0 1
GAMEOVER DRAW
# Game ended: Sun Apr 12 19:14:05 EDT 2020
