# Server version 0.08 running on DESKTOP-R5EVID9:8123
# Game ID: 98
# Board class: Saboteur.SaboteurBoard
# Timeout: 2000
# First Move Timeout: 30000
# Date: Sun Apr 12 19:31:55 EDT 2020
# Player 1: Player-0, 'RandomPlayer', running on DESKTOP-R5EVID9
# Player 2: Player-1, '260778557', running on DESKTOP-R5EVID9
START Player-0 RandomPlayer
START Player-1 260778557
BoardInit:Tile:10,Tile:5,Tile:6,Tile:6,Bonus,Tile:13,Tile:4,Tile:2,Tile:9,Tile:12,Tile:7,Tile:7,Tile:8,Destroy,Tile:6,Tile:1,Tile:7,Tile:8,Bonus,Tile:5,Tile:9,Bonus,Map,Malus,Tile:10,Tile:15,Tile:7,Tile:8,Bonus,Tile:0,Tile:8,Tile:0,Tile:9,Tile:14,Tile:11,Tile:6,Malus,Tile:8,Tile:7,Tile:5,Tile:9-Map,Map,Destroy,Tile:0,Destroy,Tile:9,Tile:5-Tile:6,Tile:3,Map,Tile:0,Map,Map,Tile:10-Tile:nugget,Tile:hidden2,Tile:hidden1
Map 12 3 1
Map 12 3 0
Tile:0 6 5 1
Map 12 7 0
Tile:6 7 5 1
Tile:5 5 4 0
Tile:9 7 4 1
Tile:0 8 4 0
Tile:5 7 3 1
Tile:6 4 5 0
Tile:10 4 4 1
Drop 1 0 0
Tile:7 9 4 1
Tile:12 8 5 0
Tile:9 9 5 1
Tile:2 4 3 0
Tile:8 10 5 1
Tile:10 10 6 0
Tile:6 11 5 1
Tile:6 12 6 0
Tile:7 12 4 1
Tile:7_flip 3 3 0
Map 12 3 1
Tile:13 11 4 0
Destroy 3 3 1
Destroy 7 3 0
Destroy 4 3 1
Tile:1 13 5 0
Drop 1 0 1
Tile:3 7 3 0
Drop 3 0 1
Tile:5_flip 9 6 0
Drop 0 0 1
Tile:8 5 6 0
Drop 0 0 1
Tile:14 6 4 0
Drop 6 0 1
Tile:6_flip 11 3 0
Malus 0 0 1
Bonus 0 0 0
Drop 0 0 1
Tile:8 10 7 0
Drop 0 0 1
Tile:5_flip 11 7 0
Drop 0 0 1
Tile:0 6 6 0
Drop 0 0 1
Tile:0 10 3 0
Drop 0 0 1
Tile:15 4 3 0
Drop 0 0 1
Malus 0 0 0
Drop 1 0 1
Drop 0 0 0
Drop 0 0 1
GAMEOVER DRAW
# Game ended: Sun Apr 12 19:31:56 EDT 2020
