# Server version 0.08 running on DESKTOP-R5EVID9:8123
# Game ID: 22
# Board class: Saboteur.SaboteurBoard
# Timeout: 2000
# First Move Timeout: 30000
# Date: Sun Apr 12 17:24:50 EDT 2020
# Player 1: Player-0, '260778557', running on DESKTOP-R5EVID9
# Player 2: Player-1, '260778557', running on DESKTOP-R5EVID9
START Player-0 260778557
START Player-1 260778557
BoardInit:Destroy,Destroy,Tile:14,Tile:6,Tile:9,Bonus,Tile:5,Tile:15,Tile:4,Tile:9,Tile:5,Tile:9,Map,Map,Tile:9,Tile:3,Map,Tile:0,Map,Tile:10,Tile:7,Tile:8,Tile:6,Malus,Destroy,Tile:0,Tile:10,Tile:10,Tile:6,Tile:11,Tile:1,Tile:7,Tile:9,Bonus,Map,Tile:2,Tile:12,Tile:8,Tile:0,Tile:13,Tile:7-Tile:6,Map,Tile:5,Tile:0,Tile:7,Bonus,Tile:8-Tile:8,Tile:7,Bonus,Tile:6,Tile:8,Malus,Tile:5-Tile:hidden2,Tile:hidden1,Tile:nugget
Map 12 3 1
Malus 0 0 0
Bonus 0 0 1
Tile:8 6 5 0
Drop 6 0 1
Tile:7 7 5 0
Tile:6 7 6 1
Tile:6 8 6 0
Tile:5 8 5 1
Drop 6 0 0
Drop 6 0 1
Tile:8 9 5 0
Tile:0 10 5 1
Tile:6 11 5 0
Map 12 7 1
Map 12 3 0
Tile:9_flip 12 4 1
Drop 6 0 0
Tile:9_flip 12 6 1
GAMEOVER WINNER 1
# Game ended: Sun Apr 12 17:24:50 EDT 2020
