# Server version 0.08 running on DESKTOP-R5EVID9:8123
# Game ID: 11
# Board class: Saboteur.SaboteurBoard
# Timeout: 2000
# First Move Timeout: 30000
# Date: Sun Apr 12 17:05:21 EDT 2020
# Player 1: Player-0, '260778557', running on DESKTOP-R5EVID9
# Player 2: Player-1, 'RandomPlayer', running on DESKTOP-R5EVID9
START Player-0 260778557
START Player-1 RandomPlayer
BoardInit:Tile:11,Tile:10,Bonus,Tile:13,Map,Tile:2,Map,Tile:5,Tile:7,Tile:8,Tile:3,Tile:0,Tile:14,Map,Tile:7,Tile:8,Tile:12,Tile:6,Map,Tile:4,Tile:10,Tile:7,Tile:15,Tile:0,Tile:1,Tile:8,Map,Tile:0,Tile:0,Tile:9,Malus,Tile:5,Tile:5,Tile:5,Tile:10,Bonus,Tile:6,Bonus,Tile:7,Destroy,Tile:7-Destroy,Tile:6,Tile:6,Map,Destroy,Tile:8,Malus-Tile:8,Tile:6,Tile:9,Tile:9,Bonus,Tile:9,Tile:9-Tile:hidden2,Tile:hidden1,Tile:nugget
Tile:6 6 5 1
Tile:8 7 5 0
Destroy 7 5 1
Tile:6 7 5 0
Tile:11_flip 8 5 1
Drop 6 0 0
Tile:8 7 4 1
Drop 6 0 0
Destroy 7 4 1
Tile:9 8 4 0
Tile:6_flip 5 4 1
Tile:8 9 4 0
Tile:7_flip 5 6 1
Tile:9 9 5 0
Drop 2 0 1
Map 12 3 0
Tile:7_flip 9 6 1
Tile:0 10 5 0
Tile:3 10 6 1
Tile:8 11 5 0
Map 12 7 1
Drop 6 0 0
Tile:14 8 6 1
Tile:9 11 6 0
Tile:12 10 4 1
Tile:6 12 6 0
Tile:1 4 4 1
Tile:9 11 4 0
Map 12 3 1
Tile:7 12 4 0
Tile:0 4 5 1
Tile:0 13 6 0
Tile:10 8 3 1
Tile:10 11 3 0
Tile:5 9 3 1
Tile:8 11 7 0
Tile:10 8 2 1
Tile:5 11 2 0
Map 12 3 1
Tile:0 12 2 0
Tile:6_flip 13 2 1
Tile:9 13 3 0
Drop 0 0 1
Tile:5 7 6 0
Tile:7_flip 11 8 1
Tile:5 8 1 0
Map 12 7 1
Destroy 8 3 0
Malus 0 0 1
Bonus 0 0 0
Tile:7_flip 3 4 1
Drop 0 0 0
Drop 1 0 1
Drop 0 0 0
Tile:15 7 7 1
GAMEOVER DRAW
# Game ended: Sun Apr 12 17:05:22 EDT 2020
