# Server version 0.08 running on DESKTOP-R5EVID9:8123
# Game ID: 139
# Board class: Saboteur.SaboteurBoard
# Timeout: 2000
# First Move Timeout: 30000
# Date: Sun Apr 12 20:48:50 EDT 2020
# Player 1: Player-0, 'RandomPlayer', running on DESKTOP-R5EVID9
# Player 2: Player-1, '260778557', running on DESKTOP-R5EVID9
START Player-0 RandomPlayer
START Player-1 260778557
BoardInit:Destroy,Map,Tile:5,Tile:9,Tile:0,Tile:0,Bonus,Tile:5,Tile:7,Tile:12,Tile:10,Tile:15,Tile:10,Tile:9,Tile:6,Tile:8,Tile:11,Tile:6,Tile:9,Malus,Tile:0,Tile:8,Tile:13,Tile:8,Tile:1,Tile:3,Tile:6,Tile:2,Tile:14,Tile:6,Tile:6,Tile:7,Map,Tile:8,Tile:5,Map,Bonus,Malus,Tile:10,Map,Destroy-Tile:7,Map,Tile:5,Tile:8,Bonus,Tile:4,Tile:0-Tile:7,Tile:9,Tile:9,Destroy,Tile:7,Map,Bonus-Tile:hidden2,Tile:nugget,Tile:hidden1
Map 12 3 1
Tile:9 5 4 0
Drop 0 0 1
Tile:7_flip 4 5 0
Drop 0 0 1
Tile:9_flip 6 5 0
Drop 2 0 1
Drop 2 0 0
Drop 4 0 1
Destroy 6 5 0
Drop 6 0 1
Tile:7 4 4 0
Tile:8 6 5 1
Map 12 5 0
Tile:0 7 5 1
Drop 2 0 0
Tile:0 8 5 1
Tile:9_flip 5 3 0
Drop 6 0 1
Tile:6_flip 5 2 0
Tile:6 9 5 1
Drop 4 0 0
Tile:0 10 5 1
Tile:8 6 4 0
Drop 6 0 1
Tile:12_flip 4 3 0
Drop 6 0 1
Tile:5_flip 7 4 0
Tile:6 11 5 1
GAMEOVER WINNER 1
# Game ended: Sun Apr 12 20:48:50 EDT 2020
