# Server version 0.08 running on DESKTOP-R5EVID9:8123
# Game ID: 24
# Board class: Saboteur.SaboteurBoard
# Timeout: 2000
# First Move Timeout: 30000
# Date: Sun Apr 12 17:25:07 EDT 2020
# Player 1: Player-0, '260778557', running on DESKTOP-R5EVID9
# Player 2: Player-1, 'RandomPlayer', running on DESKTOP-R5EVID9
START Player-0 260778557
START Player-1 RandomPlayer
BoardInit:Tile:6,Tile:12,Tile:9,Tile:5,Tile:14,Tile:4,Tile:0,Malus,Tile:9,Tile:0,Tile:0,Map,Bonus,Tile:8,Destroy,Tile:6,Destroy,Tile:0,Tile:7,Tile:7,Tile:6,Tile:5,Map,Tile:5,Tile:6,Tile:9,Tile:8,Tile:10,Bonus,Tile:7,Map,Tile:7,Map,Tile:8,Tile:9,Tile:15,Tile:5,Tile:6,Tile:7,Tile:10,Tile:13-Tile:1,Destroy,Tile:8,Malus,Bonus,Map,Tile:2-Tile:10,Bonus,Tile:11,Map,Tile:9,Tile:3,Tile:8-Tile:hidden2,Tile:hidden1,Tile:nugget
Tile:2 6 5 1
Map 12 3 0
Malus 0 0 1
Bonus 0 0 0
Destroy 6 5 1
Drop 1 0 0
Tile:9_flip 5 4 1
Drop 2 0 0
Tile:6 4 4 1
Drop 3 0 0
Tile:1 4 5 1
Drop 4 0 0
Tile:14 5 6 1
Map 12 5 0
Drop 1 0 1
Malus 0 0 0
Map 12 7 1
Tile:8 6 5 0
Destroy 5 6 1
Tile:0 7 5 0
Destroy 5 4 1
Tile:8 8 5 0
Drop 3 0 1
Tile:6 9 5 0
Drop 5 0 1
Tile:0 10 5 0
Map 12 5 1
Tile:7 11 5 0
Drop 6 0 1
Tile:10 11 6 0
Drop 4 0 1
Tile:9 11 7 0
GAMEOVER WINNER 0
# Game ended: Sun Apr 12 17:25:07 EDT 2020
