# Server version 0.08 running on DESKTOP-R5EVID9:8123
# Game ID: 131
# Board class: Saboteur.SaboteurBoard
# Timeout: 2000
# First Move Timeout: 30000
# Date: Sun Apr 12 20:46:12 EDT 2020
# Player 1: Player-0, 'RandomPlayer', running on DESKTOP-R5EVID9
# Player 2: Player-1, '260778557', running on DESKTOP-R5EVID9
START Player-0 RandomPlayer
START Player-1 260778557
BoardInit:Bonus,Tile:6,Tile:5,Tile:0,Tile:0,Tile:7,Tile:9,Tile:15,Tile:9,Map,Tile:7,Tile:8,Tile:8,Tile:13,Tile:8,Malus,Tile:10,Tile:4,Malus,Tile:9,Tile:5,Tile:7,Tile:8,Bonus,Tile:7,Tile:5,Tile:8,Tile:5,Tile:6,Destroy,Tile:0,Map,Tile:6,Tile:6,Tile:0,Tile:6,Tile:1,Tile:10,Tile:14,Destroy,Tile:9-Tile:12,Map,Tile:11,Destroy,Map,Tile:9,Tile:2-Bonus,Map,Tile:10,Map,Bonus,Tile:7,Tile:3-Tile:hidden2,Tile:nugget,Tile:hidden1
Map 12 3 1
Tile:7_flip 4 5 0
Map 12 5 1
Tile:10 5 6 0
Tile:9 5 4 1
Map 12 7 0
Tile:0 6 5 1
Tile:0 7 5 0
Tile:9 5 3 1
Tile:6 5 7 0
Tile:9 5 2 1
Tile:3 4 4 0
Drop 0 0 1
Drop 0 0 0
Tile:8 8 5 1
Tile:13 6 7 0
Tile:8 9 5 1
Tile:7 6 2 0
Tile:10 9 4 1
Map 12 3 0
Drop 0 0 1
Tile:15 5 1 0
Drop 1 0 1
Tile:9_flip 8 6 0
Tile:8 10 5 1
Tile:8 11 5 0
GAMEOVER WINNER 0
# Game ended: Sun Apr 12 20:46:12 EDT 2020
