# Server version 0.08 running on DESKTOP-R5EVID9:8123
# Game ID: 66
# Board class: Saboteur.SaboteurBoard
# Timeout: 2000
# First Move Timeout: 30000
# Date: Sun Apr 12 19:14:04 EDT 2020
# Player 1: Player-0, '260778557', running on 127.0.0.1
# Player 2: Player-1, 'RandomPlayer', running on 127.0.0.1
START Player-0 260778557
START Player-1 RandomPlayer
BoardInit:Tile:6,Map,Map,Malus,Tile:9,Tile:5,Tile:0,Destroy,Tile:6,Tile:15,Bonus,Tile:5,Tile:7,Tile:5,Tile:3,Tile:9,Tile:0,Map,Bonus,Tile:9,Tile:7,Tile:0,Tile:4,Tile:1,Tile:0,Tile:8,Tile:10,Destroy,Tile:10,Tile:14,Tile:7,Tile:8,Tile:8,Tile:6,Tile:13,Destroy,Tile:2,Tile:11,Tile:7,Tile:9,Tile:7-Malus,Bonus,Tile:6,Map,Map,Tile:10,Tile:8-Tile:9,Map,Tile:8,Tile:5,Bonus,Tile:12,Tile:6-Tile:hidden2,Tile:nugget,Tile:hidden1
Tile:6 6 5 1
Map 12 3 0
Map 12 3 1
Map 12 5 0
Tile:8 5 6 1
Tile:8 7 5 0
Tile:6_flip 6 6 1
Tile:6 8 5 0
Map 12 5 1
Tile:9 8 4 0
Drop 1 0 1
Drop 0 0 0
Tile:0 9 5 1
Drop 1 0 0
Tile:7_flip 6 7 1
Malus 0 0 0
Drop 3 0 1
Tile:9 8 3 0
Drop 5 0 1
Drop 1 0 0
Map 12 7 1
Tile:9 6 4 0
Bonus 0 0 1
Tile:0 10 5 0
Tile:6_flip 11 5 1
GAMEOVER WINNER 1
# Game ended: Sun Apr 12 19:14:04 EDT 2020
