# Server version 0.08 running on DESKTOP-R5EVID9:8123
# Game ID: 39
# Board class: Saboteur.SaboteurBoard
# Timeout: 2000
# First Move Timeout: 30000
# Date: Sun Apr 12 18:40:29 EDT 2020
# Player 1: Player-0, '260778557', running on DESKTOP-R5EVID9
# Player 2: Player-1, 'RandomPlayer', running on DESKTOP-R5EVID9
START Player-0 260778557
START Player-1 RandomPlayer
BoardInit:Tile:9,Tile:4,Bonus,Tile:6,Map,Map,Tile:8,Tile:15,Tile:7,Malus,Tile:10,Bonus,Map,Tile:14,Tile:7,Tile:5,Tile:10,Tile:0,Tile:9,Tile:5,Tile:1,Tile:6,Map,Destroy,Tile:8,Tile:9,Tile:3,Destroy,Tile:2,Tile:10,Bonus,Tile:8,Bonus,Tile:13,Tile:7,Tile:0,Tile:0,Tile:9,Malus,Tile:7,Tile:5-Map,Map,Destroy,Tile:0,Tile:8,Tile:11,Tile:9-Tile:6,Tile:6,Tile:8,Tile:5,Tile:12,Tile:6,Tile:7-Tile:hidden1,Tile:hidden2,Tile:nugget
Tile:9 4 5 1
Drop 4 0 0
Tile:11_flip 4 6 1
Drop 6 0 0
Tile:9_flip 4 4 1
Tile:6 6 5 0
Tile:8 3 6 1
Map 12 3 0
Map 12 3 1
Drop 6 0 0
Tile:0 3 4 1
Malus 0 0 0
Drop 4 0 1
Tile:6 7 5 0
Map 12 7 1
Drop 6 0 0
Destroy 6 5 1
Tile:8 8 5 0
Drop 3 0 1
Tile:6 9 5 0
Map 12 5 1
Tile:7 10 5 0
Map 12 3 1
Tile:6 10 6 0
Drop 5 0 1
Tile:0 11 6 0
Map 12 5 1
Tile:6 12 6 0
Drop 6 0 1
Tile:5 9 4 0
Drop 1 0 1
Tile:5 9 6 0
Drop 6 0 1
Tile:8 13 6 0
Drop 4 0 1
Drop 6 0 0
Drop 3 0 1
Tile:5 13 5 0
Bonus 0 0 1
Tile:9 13 7 0
Tile:7_flip 5 6 1
Tile:0 10 4 0
Tile:5 2 6 1
Tile:7 11 4 0
Tile:2_flip 4 7 1
Tile:10 13 8 0
Malus 0 0 1
Bonus 0 0 0
Tile:7_flip 9 7 1
Tile:9 13 9 0
Tile:0 6 5 1
Destroy 6 5 0
Tile:10 2 7 1
Destroy 11 4 0
Drop 0 0 1
GAMEOVER DRAW
# Game ended: Sun Apr 12 18:40:29 EDT 2020
