# Server version 0.08 running on DESKTOP-R5EVID9:8123
# Game ID: 126
# Board class: Saboteur.SaboteurBoard
# Timeout: 2000
# First Move Timeout: 30000
# Date: Sun Apr 12 20:07:53 EDT 2020
# Player 1: Player-0, '260778557', running on DESKTOP-R5EVID9
# Player 2: Player-1, 'RandomPlayer', running on DESKTOP-R5EVID9
START Player-0 260778557
START Player-1 RandomPlayer
BoardInit:Tile:9,Tile:6,Bonus,Malus,Tile:6,Tile:15,Map,Tile:5,Tile:2,Tile:6,Tile:8,Tile:5,Tile:5,Tile:8,Tile:0,Bonus,Tile:7,Tile:9,Tile:3,Map,Map,Tile:9,Tile:6,Bonus,Tile:7,Tile:8,Tile:10,Tile:0,Map,Tile:12,Tile:7,Tile:7,Tile:4,Tile:8,Tile:8,Malus,Tile:10,Tile:0,Destroy,Tile:7,Tile:14-Tile:11,Destroy,Tile:10,Tile:0,Map,Tile:6,Tile:5-Tile:9,Destroy,Map,Tile:13,Bonus,Tile:1,Tile:9-Tile:hidden2,Tile:nugget,Tile:hidden1
Map 12 3 1
Map 12 3 0
Tile:0 4 5 1
Drop 2 0 0
Tile:9 5 6 1
Drop 3 0 0
Destroy 4 5 1
Malus 0 0 0
Map 12 5 1
Drop 5 0 0
Bonus 0 0 1
Drop 5 0 0
Tile:6_flip 6 5 1
Drop 6 0 0
Tile:5_flip 6 6 1
Tile:6 7 5 0
Tile:11_flip 5 4 1
Tile:6 8 5 0
Tile:5_flip 5 7 1
Tile:8 9 5 0
Tile:3 7 4 1
Map 12 5 0
Tile:0 4 4 1
Tile:9 9 4 0
Tile:2_flip 10 4 1
Tile:9 9 6 0
Tile:7 10 6 1
Tile:8 11 4 0
Tile:8 3 4 1
Tile:9 11 5 0
Tile:6_flip 4 5 1
Destroy 3 4 0
Tile:6_flip 12 4 1
Drop 5 0 0
Tile:10 8 4 1
Drop 5 0 0
Map 12 5 1
Malus 0 0 0
Map 12 5 1
Drop 0 0 0
Drop 0 0 1
Drop 6 0 0
Drop 6 0 1
Drop 0 0 0
Destroy 12 4 1
Drop 0 0 0
Drop 2 0 1
Drop 0 0 0
Drop 0 0 1
Drop 0 0 0
Drop 0 0 1
Drop 0 0 0
Drop 1 0 1
Drop 0 0 0
Drop 0 0 1
GAMEOVER DRAW
# Game ended: Sun Apr 12 20:07:53 EDT 2020
