# Server version 0.08 running on DESKTOP-R5EVID9:8123
# Game ID: 31
# Board class: Saboteur.SaboteurBoard
# Timeout: 2000
# First Move Timeout: 30000
# Date: Sun Apr 12 17:32:22 EDT 2020
# Player 1: Player-0, 'RandomPlayer', running on DESKTOP-R5EVID9
# Player 2: Player-1, '260778557', running on DESKTOP-R5EVID9
START Player-0 RandomPlayer
START Player-1 260778557
BoardInit:Tile:7,Map,Tile:6,Map,Destroy,Map,Bonus,Tile:2,Tile:8,Tile:4,Map,Tile:9,Tile:5,Tile:6,Tile:7,Destroy,Malus,Tile:9,Map,Tile:8,Tile:5,Map,Tile:8,Tile:11,Tile:12,Tile:10,Tile:6,Tile:1,Tile:0,Tile:14,Tile:6,Destroy,Tile:6,Tile:9,Tile:7,Tile:8,Tile:5,Tile:10,Tile:0,Tile:13,Tile:9-Tile:9,Tile:7,Tile:10,Bonus,Tile:3,Bonus,Malus-Bonus,Tile:8,Tile:0,Tile:15,Tile:0,Tile:5,Tile:7-Tile:hidden1,Tile:hidden2,Tile:nugget
Drop 4 0 1
Drop 2 0 0
Malus 0 0 1
Drop 5 0 0
Tile:7 6 5 1
Drop 4 0 0
Tile:9 6 6 1
Drop 2 0 0
Tile:7 7 6 1
Drop 1 0 0
Tile:10 7 7 1
Drop 1 0 0
Map 12 3 1
Bonus 0 0 0
Tile:6 4 5 1
Tile:9 7 8 0
Tile:8 8 8 1
Drop 5 0 0
Malus 0 0 1
Map 12 3 0
Map 12 5 1
Map 12 7 0
Tile:5 8 7 1
Destroy 7 7 0
Tile:7 9 7 1
Map 12 7 0
Drop 6 0 1
Drop 3 0 0
Tile:8 9 8 1
Drop 4 0 0
Tile:6 10 8 1
Map 12 3 0
Tile:5 10 7 1
Destroy 9 8 0
Tile:0 11 7 1
Drop 3 0 0
Tile:7 11 8 1
Drop 3 0 0
Tile:6 11 9 1
Drop 6 0 0
Tile:6 12 9 1
Drop 2 0 0
Tile:5 12 8 1
Drop 1 0 0
Tile:0 13 8 1
Drop 3 0 0
Tile:9 5 4 1
Drop 0 0 0
Destroy 10 8 1
Drop 2 0 0
Drop 0 0 1
Drop 0 0 0
Drop 1 0 1
Drop 0 0 0
Drop 0 0 1
GAMEOVER DRAW
# Game ended: Sun Apr 12 17:32:22 EDT 2020
