# Server version 0.08 running on DESKTOP-R5EVID9:8123
# Game ID: 130
# Board class: Saboteur.SaboteurBoard
# Timeout: 2000
# First Move Timeout: 30000
# Date: Sun Apr 12 20:46:06 EDT 2020
# Player 1: Player-0, '260778557', running on DESKTOP-R5EVID9
# Player 2: Player-1, 'RandomPlayer', running on DESKTOP-R5EVID9
START Player-0 260778557
START Player-1 RandomPlayer
BoardInit:Tile:10,Tile:5,Tile:8,Tile:13,Tile:8,Destroy,Map,Tile:15,Malus,Tile:9,Tile:6,Tile:7,Tile:9,Tile:5,Tile:6,Tile:6,Tile:3,Map,Tile:4,Map,Tile:12,Tile:2,Map,Tile:6,Tile:7,Tile:10,Tile:5,Malus,Tile:0,Tile:14,Bonus,Tile:1,Tile:9,Tile:0,Destroy,Tile:10,Tile:9,Map,Tile:11,Tile:0,Tile:7-Bonus,Tile:8,Tile:7,Tile:8,Tile:0,Bonus,Bonus-Tile:8,Destroy,Map,Tile:5,Tile:9,Tile:7,Tile:6-Tile:hidden2,Tile:hidden1,Tile:nugget
Tile:8 6 5 1
Map 12 3 0
Tile:7_flip 6 6 1
Drop 2 0 0
Tile:10 5 6 1
Drop 3 0 0
Tile:8 7 6 1
Drop 4 0 0
Tile:8 7 5 1
Drop 4 0 0
Drop 1 0 1
Drop 5 0 0
Tile:6_flip 5 4 1
Drop 6 0 0
Drop 1 0 1
Drop 6 0 0
Tile:9 7 7 1
Tile:8 8 5 0
Tile:8 8 6 1
Map 12 5 0
Tile:6_flip 7 4 1
Map 12 7 0
Tile:3 9 6 1
Tile:9 9 7 0
Tile:12 10 7 1
Tile:6 9 8 0
Tile:7_flip 7 8 1
Tile:6 8 8 0
Map 12 7 1
Tile:6 9 5 0
Tile:5 4 5 1
Tile:9 9 4 0
Drop 6 0 1
Tile:10 5 7 0
Tile:9_flip 9 3 1
Tile:0 10 8 0
Drop 3 0 1
Tile:10 5 8 0
Tile:9 5 9 1
Drop 2 0 0
Tile:11_flip 4 6 1
Tile:0 11 8 0
Destroy 10 8 1
Malus 0 0 0
Drop 4 0 1
Drop 2 0 0
Map 12 3 1
Drop 2 0 0
Malus 0 0 1
Drop 2 0 0
Drop 0 0 1
Drop 0 0 0
Bonus 0 0 1
Drop 0 0 0
Tile:7 8 4 1
GAMEOVER DRAW
# Game ended: Sun Apr 12 20:46:06 EDT 2020
