# Server version 0.08 running on DESKTOP-R5EVID9:8123
# Game ID: 140
# Board class: Saboteur.SaboteurBoard
# Timeout: 2000
# First Move Timeout: 30000
# Date: Sun Apr 12 20:48:53 EDT 2020
# Player 1: Player-0, 'RandomPlayer', running on DESKTOP-R5EVID9
# Player 2: Player-1, '260778557', running on DESKTOP-R5EVID9
START Player-0 RandomPlayer
START Player-1 260778557
BoardInit:Tile:0,Tile:5,Tile:10,Destroy,Tile:9,Map,Tile:6,Malus,Tile:5,Tile:9,Tile:10,Tile:12,Tile:6,Tile:13,Map,Tile:5,Tile:7,Tile:7,Tile:5,Map,Tile:9,Bonus,Tile:8,Tile:3,Bonus,Tile:9,Tile:14,Map,Tile:6,Tile:0,Tile:9,Malus,Tile:7,Tile:8,Tile:7,Tile:0,Tile:0,Map,Tile:11,Map,Destroy-Tile:6,Tile:8,Tile:8,Bonus,Tile:2,Tile:1,Tile:8-Tile:10,Tile:15,Tile:7,Tile:4,Bonus,Tile:6,Destroy-Tile:hidden2,Tile:hidden1,Tile:nugget
Drop 4 0 1
Tile:6 6 5 0
Drop 4 0 1
Tile:5_flip 5 6 0
Tile:6 7 5 1
Tile:7_flip 4 6 0
Tile:8 8 5 1
Map 12 5 0
Tile:8 9 5 1
Destroy 5 6 0
Drop 6 0 1
Tile:9_flip 10 5 0
Tile:8 10 4 1
Drop 4 0 0
Tile:0 11 4 1
Tile:15 5 4 0
Map 12 3 1
Tile:13 4 5 0
Drop 6 0 1
Tile:5 8 4 0
Drop 6 0 1
Tile:10 6 4 0
Tile:6 12 4 1
Tile:4 7 4 0
Tile:6 13 4 1
Tile:7 6 3 0
Tile:10 10 6 1
Tile:3_flip 3 5 0
Drop 6 0 1
Tile:9 3 4 0
Tile:9 12 2 1
Map 12 5 0
Tile:8 13 3 1
Tile:0 11 3 0
Drop 6 0 1
Tile:8 8 6 0
Drop 6 0 1
Malus 0 0 0
Bonus 0 0 1
Map 12 5 0
Drop 6 0 1
Drop 1 0 0
Tile:10 10 7 1
Drop 5 0 0
Tile:9 10 3 1
Drop 3 0 0
Tile:9 12 1 1
Drop 3 0 0
Tile:6 10 8 1
Malus 0 0 0
Bonus 0 0 1
Drop 0 0 0
Tile:0 11 8 1
Drop 0 0 0
Destroy 3 5 1
GAMEOVER DRAW
# Game ended: Sun Apr 12 20:48:53 EDT 2020
