# Server version 0.08 running on DESKTOP-R5EVID9:8123
# Game ID: 55
# Board class: Saboteur.SaboteurBoard
# Timeout: 2000
# First Move Timeout: 30000
# Date: Sun Apr 12 19:13:05 EDT 2020
# Player 1: Player-0, '260778557', running on 127.0.0.1
# Player 2: Player-1, 'RandomPlayer', running on 127.0.0.1
START Player-0 260778557
START Player-1 RandomPlayer
BoardInit:Tile:7,Tile:15,Map,Tile:10,Tile:4,Tile:5,Destroy,Tile:6,Tile:12,Tile:9,Tile:0,Map,Tile:6,Destroy,Tile:5,Map,Bonus,Malus,Tile:10,Tile:3,Tile:7,Bonus,Map,Tile:7,Bonus,Tile:7,Map,Tile:8,Tile:14,Tile:0,Tile:9,Map,Tile:9,Tile:8,Malus,Tile:5,Tile:10,Tile:2,Tile:0,Bonus,Destroy-Tile:7,Tile:6,Tile:13,Tile:6,Tile:8,Tile:1,Tile:8-Tile:0,Tile:9,Tile:11,Tile:6,Tile:5,Tile:9,Tile:8-Tile:hidden1,Tile:nugget,Tile:hidden2
Tile:6_flip 4 5 1
Drop 2 0 0
Tile:7 5 4 1
Drop 3 0 0
Drop 2 0 1
Drop 5 0 0
Drop 4 0 1
Drop 6 0 0
Tile:6_flip 6 5 1
Tile:0 7 5 0
Tile:13 8 5 1
Tile:6 9 5 0
Drop 0 0 1
Map 12 3 0
Tile:4 9 4 1
Tile:8 10 5 0
Tile:5_flip 4 6 1
Map 12 5 0
Tile:12 11 5 1
Tile:9 3 5 0
Tile:6 8 6 1
Tile:9 3 4 0
Destroy 5 4 1
Tile:10 3 3 0
Tile:10 3 2 1
Tile:6 4 4 0
Tile:7 5 4 1
Tile:9 3 1 0
Drop 2 0 1
Destroy 3 1 0
Tile:8 3 1 1
Malus 0 0 0
Map 12 3 1
Drop 0 0 0
Map 12 5 1
Drop 1 0 0
Drop 5 0 1
Drop 1 0 0
Malus 0 0 1
Bonus 0 0 0
Map 12 5 1
Drop 2 0 0
Drop 6 0 1
Drop 3 0 0
Drop 3 0 1
Drop 3 0 0
Drop 4 0 1
Drop 0 0 0
Drop 0 0 1
Drop 0 0 0
Drop 0 0 1
Drop 0 0 0
Drop 1 0 1
Drop 0 0 0
Drop 0 0 1
GAMEOVER DRAW
# Game ended: Sun Apr 12 19:13:05 EDT 2020
