# Server version 0.08 running on DESKTOP-R5EVID9:8123
# Game ID: 8
# Board class: Saboteur.SaboteurBoard
# Timeout: 2000
# First Move Timeout: 30000
# Date: Sun Apr 12 16:42:07 EDT 2020
# Player 1: Player-0, '260778557', running on DESKTOP-R5EVID9
# Player 2: Player-1, 'RandomPlayer', running on DESKTOP-R5EVID9
START Player-0 260778557
START Player-1 RandomPlayer
BoardInit:Tile:0,Map,Bonus,Tile:9,Tile:7,Tile:6,Map,Tile:7,Tile:8,Tile:14,Tile:12,Bonus,Tile:7,Tile:9,Malus,Tile:4,Tile:9,Map,Tile:8,Map,Tile:7,Bonus,Tile:6,Tile:8,Tile:6,Tile:2,Tile:6,Tile:5,Destroy,Bonus,Tile:1,Tile:10,Malus,Map,Tile:0,Tile:9,Tile:6,Destroy,Tile:7,Tile:9,Tile:5-Tile:8,Tile:15,Tile:11,Tile:0,Tile:5,Tile:3,Tile:10-Tile:10,Tile:0,Tile:8,Tile:5,Map,Tile:13,Destroy-Tile:hidden2,Tile:hidden1,Tile:nugget
Tile:3_flip 5 6 1
Map 12 3 0
Drop 1 0 1
Map 12 5 0
Tile:8 4 5 1
Drop 4 0 0
Drop 4 0 1
Tile:0 6 5 0
Tile:10 4 6 1
Tile:8 7 5 0
Tile:7 6 6 1
Drop 6 0 0
Drop 0 0 1
Tile:6 8 5 0
Tile:7_flip 7 6 1
Tile:7 9 5 0
Drop 0 0 1
Drop 6 0 0
Tile:9_flip 4 4 1
Map 12 7 0
Tile:8 4 7 1
GAMEOVER ILLEGAL MOVE: Player 1, CardUsed: (Tile:8), PosOfUse: (4, 2) WINNER 1
# Game ended: Sun Apr 12 16:42:07 EDT 2020
