# Server version 0.08 running on DESKTOP-R5EVID9:8123
# Game ID: 84
# Board class: Saboteur.SaboteurBoard
# Timeout: 2000
# First Move Timeout: 30000
# Date: Sun Apr 12 19:16:53 EDT 2020
# Player 1: Player-0, 'RandomPlayer', running on DESKTOP-R5EVID9
# Player 2: Player-1, '260778557', running on DESKTOP-R5EVID9
START Player-0 RandomPlayer
START Player-1 260778557
BoardInit:Bonus,Tile:11,Tile:9,Tile:7,Map,Tile:2,Tile:14,Tile:7,Tile:8,Map,Tile:0,Tile:0,Tile:0,Tile:8,Destroy,Tile:10,Destroy,Tile:9,Tile:15,Map,Tile:8,Tile:7,Bonus,Tile:8,Tile:8,Tile:7,Tile:6,Map,Tile:5,Tile:5,Tile:4,Tile:7,Tile:6,Tile:1,Bonus,Map,Malus,Map,Tile:5,Tile:6,Tile:5-Tile:9,Tile:6,Bonus,Tile:9,Tile:3,Tile:10,Destroy-Malus,Tile:0,Tile:12,Tile:9,Tile:10,Tile:13,Tile:6-Tile:hidden1,Tile:hidden2,Tile:nugget
Drop 4 0 1
Tile:9_flip 6 5 0
Tile:9 6 4 1
Tile:6_flip 7 4 0
Tile:6 8 4 1
Tile:13 6 3 0
Map 12 3 1
Tile:7 5 4 0
Drop 6 0 1
Tile:2 4 5 0
Tile:8 9 4 1
Tile:12_flip 4 4 0
Tile:9 9 5 1
Malus 0 0 0
Bonus 0 0 1
Drop 3 0 0
Tile:0 10 5 1
Tile:10 6 6 0
Tile:0 11 5 1
Tile:8 12 6 0
GAMEOVER WINNER 0
# Game ended: Sun Apr 12 19:16:53 EDT 2020
