# Server version 0.08 running on DESKTOP-R5EVID9:8123
# Game ID: 58
# Board class: Saboteur.SaboteurBoard
# Timeout: 2000
# First Move Timeout: 30000
# Date: Sun Apr 12 19:13:09 EDT 2020
# Player 1: Player-0, 'RandomPlayer', running on 127.0.0.1
# Player 2: Player-1, '260778557', running on 127.0.0.1
START Player-0 RandomPlayer
START Player-1 260778557
BoardInit:Malus,Tile:8,Tile:9,Destroy,Tile:10,Tile:7,Tile:11,Tile:12,Tile:2,Tile:8,Tile:10,Map,Tile:9,Tile:5,Tile:8,Bonus,Tile:6,Destroy,Tile:7,Map,Tile:6,Tile:8,Tile:5,Tile:9,Tile:14,Tile:9,Bonus,Map,Tile:7,Tile:5,Map,Map,Tile:13,Tile:7,Tile:1,Tile:0,Tile:8,Tile:6,Tile:0,Tile:15,Destroy-Tile:3,Map,Tile:5,Tile:0,Tile:6,Tile:10,Malus-Tile:0,Bonus,Tile:9,Bonus,Tile:4,Tile:7,Tile:6-Tile:hidden2,Tile:nugget,Tile:hidden1
Map 12 3 1
Tile:9_flip 6 5 0
Drop 0 0 1
Drop 1 0 0
Drop 0 0 1
Tile:7_flip 4 5 0
Malus 0 0 1
Destroy 4 5 0
Malus 0 0 1
Drop 5 0 0
Drop 5 0 1
Bonus 0 0 0
Drop 5 0 1
Drop 4 0 0
Tile:6 6 6 1
Map 12 7 0
Tile:0 7 6 1
Drop 1 0 0
Tile:8 8 6 1
Drop 5 0 0
Drop 6 0 1
Destroy 7 6 0
Tile:10 8 5 1
Map 12 7 0
Drop 6 0 1
Drop 2 0 0
Drop 6 0 1
Drop 0 0 0
Tile:6 9 6 1
Drop 4 0 0
Drop 6 0 1
Map 12 3 0
Map 12 5 1
Map 12 3 0
Tile:9 9 5 1
Drop 3 0 0
Tile:6 10 5 1
Drop 3 0 0
Tile:8 11 5 1
Drop 6 0 0
Tile:10 11 4 1
Drop 2 0 0
Tile:10 11 6 1
Drop 1 0 0
Tile:9 11 3 1
Drop 3 0 0
Tile:0 7 6 1
GAMEOVER WINNER 1
# Game ended: Sun Apr 12 19:13:09 EDT 2020
