# Server version 0.08 running on DESKTOP-R5EVID9:8123
# Game ID: 109
# Board class: Saboteur.SaboteurBoard
# Timeout: 2000
# First Move Timeout: 30000
# Date: Sun Apr 12 19:40:14 EDT 2020
# Player 1: Player-0, '260778557', running on DESKTOP-R5EVID9
# Player 2: Player-1, 'RandomPlayer', running on DESKTOP-R5EVID9
START Player-0 260778557
START Player-1 RandomPlayer
BoardInit:Tile:10,Tile:6,Bonus,Tile:2,Tile:6,Tile:9,Tile:1,Destroy,Tile:3,Tile:0,Tile:0,Tile:10,Bonus,Map,Map,Tile:7,Tile:0,Tile:7,Map,Map,Tile:9,Tile:7,Malus,Tile:5,Tile:7,Tile:10,Malus,Tile:6,Tile:15,Tile:8,Tile:5,Tile:5,Tile:9,Tile:9,Bonus,Tile:5,Tile:8,Tile:0,Tile:8,Tile:4,Bonus-Tile:12,Tile:7,Tile:6,Destroy,Tile:6,Tile:8,Map-Map,Tile:9,Tile:11,Tile:13,Tile:14,Tile:8,Destroy-Tile:hidden1,Tile:hidden2,Tile:nugget
Tile:8 5 6 1
Map 12 3 0
Tile:12 6 6 1
Drop 1 0 0
Tile:6_flip 5 4 1
Drop 1 0 0
Tile:6 6 5 1
Drop 1 0 0
Drop 2 0 1
Drop 4 0 0
Drop 0 0 1
Tile:8 7 5 0
Tile:3_flip 4 4 1
Tile:6 8 5 0
Tile:0 9 5 1
Map 12 5 0
Map 12 7 1
Drop 6 0 0
Drop 1 0 1
Drop 6 0 0
Destroy 4 4 1
Map 12 7 0
Tile:6_flip 4 5 1
Tile:0 10 5 0
Drop 0 0 1
Tile:9 7 6 0
Tile:7_flip 4 6 1
Tile:9 7 7 0
Tile:9 3 5 1
Tile:6 11 5 0
Tile:1 4 4 1
Tile:10 12 6 0
GAMEOVER WINNER 0
# Game ended: Sun Apr 12 19:40:14 EDT 2020
