# Server version 0.08 running on DESKTOP-R5EVID9:8123
# Game ID: 81
# Board class: Saboteur.SaboteurBoard
# Timeout: 2000
# First Move Timeout: 30000
# Date: Sun Apr 12 19:16:11 EDT 2020
# Player 1: Player-0, 'RandomPlayer', running on 127.0.0.1
# Player 2: Player-1, '260778557', running on 127.0.0.1
START Player-0 RandomPlayer
START Player-1 260778557
BoardInit:Tile:10,Destroy,Tile:0,Tile:9,Tile:8,Tile:6,Tile:6,Tile:15,Tile:6,Tile:9,Tile:0,Tile:12,Map,Map,Tile:7,Tile:11,Tile:0,Tile:8,Tile:8,Map,Map,Tile:6,Tile:5,Tile:0,Destroy,Malus,Tile:6,Tile:7,Map,Tile:10,Tile:9,Tile:8,Tile:13,Tile:2,Tile:14,Bonus,Destroy,Tile:5,Tile:5,Tile:4,Bonus-Tile:5,Tile:1,Tile:7,Tile:7,Tile:10,Bonus,Map-Malus,Tile:9,Tile:8,Bonus,Tile:9,Tile:7,Tile:3-Tile:nugget,Tile:hidden2,Tile:hidden1
Map 12 3 1
Tile:7_flip 5 6 0
Tile:10 5 4 1
Drop 1 0 0
Tile:10 5 3 1
Tile:9_flip 6 5 0
Tile:8 5 2 1
Destroy 5 6 0
Tile:0 6 2 1
Tile:3_flip 4 5 0
Tile:6 7 2 1
Tile:9_flip 8 2 0
Tile:6 8 3 1
Tile:9 6 4 0
Tile:0 9 3 1
Tile:15 4 4 0
Drop 0 0 1
Tile:11 5 6 0
Tile:0 10 3 1
Tile:8 4 2 0
Tile:8 11 3 1
GAMEOVER WINNER 1
# Game ended: Sun Apr 12 19:16:11 EDT 2020
