# Server version 0.08 running on DESKTOP-R5EVID9:8123
# Game ID: 13
# Board class: Saboteur.SaboteurBoard
# Timeout: 2000
# First Move Timeout: 30000
# Date: Sun Apr 12 17:12:25 EDT 2020
# Player 1: Player-0, '260778557', running on DESKTOP-R5EVID9
# Player 2: Player-1, 'RandomPlayer', running on DESKTOP-R5EVID9
START Player-0 260778557
START Player-1 RandomPlayer
BoardInit:Bonus,Tile:8,Malus,Tile:6,Map,Tile:3,Tile:5,Tile:9,Tile:7,Tile:13,Map,Destroy,Tile:0,Malus,Destroy,Map,Tile:2,Tile:4,Tile:6,Tile:5,Tile:7,Tile:10,Tile:15,Tile:6,Tile:8,Map,Bonus,Tile:0,Tile:1,Tile:7,Tile:6,Tile:7,Map,Tile:9,Tile:10,Tile:8,Tile:8,Tile:11,Tile:5,Bonus,Tile:7-Tile:12,Tile:5,Tile:0,Tile:0,Tile:14,Tile:9,Tile:6-Tile:10,Map,Tile:9,Destroy,Tile:9,Tile:8,Bonus-Tile:hidden1,Tile:nugget,Tile:hidden2
Tile:9_flip 6 5 1
Map 12 3 0
Tile:14 5 6 1
Tile:10 6 6 0
Tile:0 4 5 1
Tile:9 6 4 0
Drop 2 0 1
Drop 6 0 0
Tile:12_flip 4 6 1
Tile:8 7 4 0
Map 12 5 1
Drop 6 0 0
Tile:6_flip 6 3 1
Tile:9 7 5 0
Tile:5_flip 8 5 1
Malus 0 0 0
Map 12 7 1
Map 12 5 0
Malus 0 0 1
Bonus 0 0 0
Destroy 6 5 1
GAMEOVER ILLEGAL MOVE: Player 1, CardUsed: (Drop), PosOfUse: (3, 0) WINNER 1
# Game ended: Sun Apr 12 17:12:25 EDT 2020
