# Server version 0.08 running on DESKTOP-R5EVID9:8123
# Game ID: 108
# Board class: Saboteur.SaboteurBoard
# Timeout: 2000
# First Move Timeout: 30000
# Date: Sun Apr 12 19:37:18 EDT 2020
# Player 1: Player-0, 'RandomPlayer', running on DESKTOP-R5EVID9
# Player 2: Player-1, '260778557', running on DESKTOP-R5EVID9
START Player-0 RandomPlayer
START Player-1 260778557
BoardInit:Destroy,Bonus,Tile:10,Tile:9,Map,Tile:5,Tile:2,Tile:15,Tile:4,Tile:8,Tile:6,Tile:11,Tile:9,Tile:0,Tile:6,Malus,Tile:9,Destroy,Tile:7,Tile:9,Tile:8,Tile:6,Map,Tile:7,Tile:12,Map,Tile:5,Map,Tile:7,Tile:8,Bonus,Tile:7,Tile:10,Tile:6,Bonus,Tile:10,Map,Destroy,Tile:7,Tile:0,Tile:14-Tile:8,Tile:6,Tile:0,Tile:0,Malus,Tile:9,Tile:3-Tile:5,Bonus,Tile:1,Tile:5,Map,Tile:13,Tile:8-Tile:hidden1,Tile:hidden2,Tile:nugget
Malus 0 0 1
Drop 4 0 0
Drop 5 0 1
Bonus 0 0 0
Tile:8 6 5 1
Tile:8 5 4 0
Map 12 3 1
Tile:9_flip 7 5 0
Drop 6 0 1
Tile:15 7 4 0
Drop 6 0 1
Tile:13 5 3 0
Tile:6 7 6 1
Tile:11_flip 6 4 0
Tile:0 8 6 1
Tile:1 4 4 0
Tile:0 9 6 1
Tile:5 7 3 0
Tile:6 10 6 1
Tile:8 6 6 0
Drop 6 0 1
Tile:9 10 5 0
Tile:6 11 5 1
Tile:5_flip 8 3 0
Map 12 7 1
Tile:5 12 4 0
Tile:9 12 6 1
GAMEOVER WINNER 1
# Game ended: Sun Apr 12 19:37:18 EDT 2020
