# Server version 0.08 running on DESKTOP-R5EVID9:8123
# Game ID: 119
# Board class: Saboteur.SaboteurBoard
# Timeout: 2000
# First Move Timeout: 30000
# Date: Sun Apr 12 19:58:37 EDT 2020
# Player 1: Player-0, '260778557', running on DESKTOP-R5EVID9
# Player 2: Player-1, 'RandomPlayer', running on DESKTOP-R5EVID9
START Player-0 260778557
START Player-1 RandomPlayer
BoardInit:Tile:0,Tile:14,Tile:9,Tile:10,Tile:5,Tile:15,Map,Destroy,Destroy,Tile:7,Tile:6,Tile:9,Tile:4,Tile:8,Tile:8,Map,Tile:11,Tile:8,Tile:2,Tile:6,Tile:6,Tile:9,Map,Bonus,Destroy,Tile:3,Tile:13,Map,Bonus,Tile:8,Tile:12,Tile:0,Tile:5,Map,Tile:10,Tile:5,Tile:7,Tile:8,Map,Tile:6,Tile:6-Tile:0,Tile:9,Tile:7,Tile:10,Tile:1,Tile:7,Malus-Malus,Tile:7,Tile:0,Tile:5,Bonus,Tile:9,Bonus-Tile:hidden1,Tile:nugget,Tile:hidden2
Drop 3 0 1
Malus 0 0 0
Drop 1 0 1
Drop 0 0 0
Drop 4 0 1
Drop 1 0 0
Drop 5 0 1
Drop 4 0 0
Map 12 5 1
Drop 5 0 0
Drop 4 0 1
Drop 6 0 0
Drop 0 0 1
Tile:0 6 5 0
Drop 5 0 1
Tile:8 7 5 0
Drop 6 0 1
Map 12 3 0
Drop 2 0 1
Tile:8 8 5 0
Destroy 8 5 1
Tile:6 8 5 0
Drop 0 0 1
Tile:9 8 4 0
Drop 4 0 1
Tile:10 7 4 0
Map 12 5 1
Drop 6 0 0
Drop 2 0 1
Map 12 5 0
Destroy 7 5 1
Tile:8 9 5 0
Drop 4 0 1
Tile:0 10 5 0
Drop 0 0 1
Tile:9 9 6 0
Drop 4 0 1
Tile:9 9 7 0
Drop 0 0 1
Tile:8 11 5 0
Drop 2 0 1
Tile:6 11 6 0
Drop 4 0 1
Drop 4 0 0
Drop 1 0 1
Drop 4 0 0
Map 12 5 1
Drop 0 0 0
Drop 0 0 1
Drop 0 0 0
Drop 0 0 1
Drop 0 0 0
Drop 1 0 1
Drop 0 0 0
Drop 0 0 1
GAMEOVER DRAW
# Game ended: Sun Apr 12 19:58:37 EDT 2020
