# Server version 0.08 running on DESKTOP-R5EVID9:8123
# Game ID: 112
# Board class: Saboteur.SaboteurBoard
# Timeout: 2000
# First Move Timeout: 30000
# Date: Sun Apr 12 19:56:06 EDT 2020
# Player 1: Player-0, '260778557', running on DESKTOP-R5EVID9
# Player 2: Player-1, 'RandomPlayer', running on DESKTOP-R5EVID9
START Player-0 260778557
START Player-1 RandomPlayer
BoardInit:Malus,Tile:6,Map,Tile:7,Tile:10,Tile:9,Tile:6,Map,Tile:15,Tile:7,Tile:5,Tile:9,Tile:13,Bonus,Tile:10,Tile:8,Tile:2,Map,Destroy,Tile:5,Tile:1,Map,Tile:8,Tile:8,Tile:11,Tile:4,Tile:6,Map,Map,Tile:12,Destroy,Tile:9,Tile:7,Bonus,Tile:5,Tile:3,Tile:9,Tile:14,Tile:6,Tile:0,Tile:0-Tile:9,Tile:8,Tile:6,Bonus,Tile:7,Tile:0,Destroy-Tile:10,Tile:0,Bonus,Tile:5,Tile:7,Tile:8,Malus-Tile:hidden1,Tile:nugget,Tile:hidden2
Tile:9 5 6 1
Drop 3 0 0
Tile:8 5 4 1
Drop 3 0 0
Map 12 7 1
Malus 0 0 0
Drop 2 0 1
Drop 5 0 0
Destroy 5 6 1
Map 12 3 0
Drop 4 0 1
Drop 6 0 0
Drop 3 0 1
Tile:0 6 5 0
Drop 5 0 1
Tile:8 7 5 0
Drop 1 0 1
Tile:6 8 5 0
Drop 3 0 1
Map 12 5 0
Drop 6 0 1
Tile:8 9 5 0
Drop 0 0 1
Tile:10 9 4 0
Drop 2 0 1
Tile:8 10 5 0
Drop 0 0 1
Tile:9 10 4 0
Drop 5 0 1
Tile:9 10 6 0
Map 12 3 1
Drop 2 0 0
Drop 2 0 1
Tile:9 10 3 0
Destroy 10 4 1
Drop 2 0 0
Drop 3 0 1
Drop 2 0 0
Drop 6 0 1
Drop 2 0 0
Drop 2 0 1
Tile:0 11 5 0
GAMEOVER WINNER 0
# Game ended: Sun Apr 12 19:56:06 EDT 2020
