# Server version 0.08 running on DESKTOP-R5EVID9:8123
# Game ID: 103
# Board class: Saboteur.SaboteurBoard
# Timeout: 2000
# First Move Timeout: 30000
# Date: Sun Apr 12 19:36:10 EDT 2020
# Player 1: Player-0, '260778557', running on DESKTOP-R5EVID9
# Player 2: Player-1, 'RandomPlayer', running on DESKTOP-R5EVID9
START Player-0 260778557
START Player-1 RandomPlayer
BoardInit:Tile:15,Tile:0,Destroy,Map,Tile:5,Tile:8,Tile:7,Tile:11,Tile:5,Tile:9,Tile:7,Tile:6,Tile:9,Tile:13,Tile:10,Bonus,Tile:0,Map,Tile:5,Tile:12,Tile:0,Tile:5,Tile:7,Tile:6,Map,Tile:14,Map,Tile:8,Tile:9,Tile:4,Tile:9,Malus,Tile:9,Tile:6,Tile:0,Destroy,Tile:3,Map,Tile:8,Tile:6,Map-Tile:10,Tile:8,Destroy,Malus,Tile:10,Bonus,Tile:7-Tile:2,Tile:8,Bonus,Bonus,Tile:6,Tile:1,Tile:7-Tile:nugget,Tile:hidden1,Tile:hidden2
Tile:10 5 4 1
Drop 0 0 0
Drop 1 0 1
Drop 4 0 0
Tile:15 5 3 1
Map 12 3 0
Tile:5 5 2 1
Tile:8 6 2 0
Tile:8 6 5 1
Tile:6 7 2 0
Tile:7 7 5 1
Tile:0 8 2 0
Tile:7 7 1 1
Tile:8 9 2 0
Tile:9 6 6 1
Tile:9 9 3 0
Tile:5_flip 7 6 1
Tile:6 10 3 0
Tile:10 6 4 1
Drop 2 0 0
Tile:5_flip 9 4 1
Drop 2 0 0
Tile:0 11 3 1
Drop 2 0 0
Drop 2 0 1
Drop 3 0 0
Tile:7_flip 4 5 1
Drop 3 0 0
Tile:7 10 2 1
Drop 3 0 0
Map 12 5 1
Drop 4 0 0
Tile:9 9 1 1
Drop 5 0 0
Tile:9_flip 4 4 1
Malus 0 0 0
Drop 0 0 1
Tile:6 3 4 0
Map 12 5 1
Tile:8 3 3 0
Drop 4 0 1
Tile:6 2 3 0
Map 12 7 1
Destroy 2 3 0
Drop 4 0 1
Drop 3 0 0
Drop 3 0 1
Drop 0 0 0
Drop 2 0 1
Drop 0 0 0
Drop 0 0 1
Drop 0 0 0
Drop 1 0 1
Drop 0 0 0
Drop 0 0 1
GAMEOVER DRAW
# Game ended: Sun Apr 12 19:36:10 EDT 2020
