# Server version 0.08 running on DESKTOP-R5EVID9:8123
# Game ID: 45
# Board class: Saboteur.SaboteurBoard
# Timeout: 2000
# First Move Timeout: 30000
# Date: Sun Apr 12 19:01:52 EDT 2020
# Player 1: Player-0, 'RandomPlayer', running on DESKTOP-R5EVID9
# Player 2: Player-1, '260778557', running on DESKTOP-R5EVID9
START Player-0 RandomPlayer
START Player-1 260778557
BoardInit:Tile:9,Tile:5,Bonus,Tile:10,Tile:15,Tile:9,Tile:11,Tile:13,Tile:6,Map,Tile:6,Tile:2,Malus,Tile:3,Tile:8,Tile:7,Map,Tile:9,Tile:0,Map,Destroy,Tile:5,Tile:8,Tile:9,Tile:6,Map,Tile:5,Destroy,Tile:7,Tile:8,Tile:6,Tile:14,Map,Map,Tile:0,Tile:1,Tile:0,Tile:9,Tile:10,Bonus,Tile:6-Tile:12,Malus,Tile:5,Tile:7,Bonus,Tile:8,Tile:7-Tile:8,Destroy,Tile:10,Bonus,Tile:7,Tile:4,Tile:0-Tile:nugget,Tile:hidden2,Tile:hidden1
Drop 0 0 1
Tile:4 5 4 0
Malus 0 0 1
Destroy 5 4 0
Drop 0 0 1
Drop 4 0 0
Drop 0 0 1
Drop 3 0 0
Drop 2 0 1
Drop 5 0 0
Drop 4 0 1
Drop 1 0 0
Drop 4 0 1
Drop 6 0 0
Malus 0 0 1
Map 12 5 0
Tile:8 6 5 1
Drop 1 0 0
Map 12 3 1
Drop 3 0 0
Tile:9 6 4 1
Map 12 7 0
Tile:6 7 4 1
Drop 0 0 0
Tile:6 8 4 1
Drop 2 0 0
Tile:8 8 3 1
Drop 3 0 0
Tile:0 9 3 1
Drop 5 0 0
Tile:8 10 3 1
Destroy 6 4 0
Tile:6 11 3 1
Drop 6 0 0
Tile:6 10 4 1
Drop 3 0 0
Tile:0 11 4 1
Drop 2 0 0
Tile:0 12 4 1
Map 12 5 0
Tile:10 11 2 1
Drop 4 0 0
Tile:6 13 4 1
Bonus 0 0 0
Drop 3 0 1
Drop 3 0 0
Drop 3 0 1
Drop 0 0 0
Drop 3 0 1
Drop 2 0 0
Drop 0 0 1
Drop 0 0 0
Drop 0 0 1
Drop 0 0 0
Drop 0 0 1
GAMEOVER DRAW
# Game ended: Sun Apr 12 19:01:52 EDT 2020
