# Server version 0.08 running on DESKTOP-R5EVID9:8123
# Game ID: 90
# Board class: Saboteur.SaboteurBoard
# Timeout: 2000
# First Move Timeout: 30000
# Date: Sun Apr 12 19:18:52 EDT 2020
# Player 1: Player-0, '260778557', running on DESKTOP-R5EVID9
# Player 2: Player-1, 'RandomPlayer', running on DESKTOP-R5EVID9
START Player-0 260778557
START Player-1 RandomPlayer
BoardInit:Bonus,Tile:7,Destroy,Tile:10,Tile:7,Map,Tile:12,Tile:0,Tile:5,Tile:8,Map,Tile:9,Malus,Tile:6,Tile:9,Bonus,Bonus,Tile:5,Tile:8,Tile:9,Tile:15,Tile:6,Tile:1,Map,Tile:8,Malus,Tile:5,Map,Tile:7,Map,Destroy,Destroy,Tile:7,Bonus,Tile:11,Tile:9,Tile:10,Map,Tile:8,Tile:7,Tile:13-Tile:6,Tile:4,Tile:0,Tile:3,Tile:14,Tile:6,Tile:10-Tile:2,Tile:5,Tile:8,Tile:0,Tile:9,Tile:0,Tile:6-Tile:nugget,Tile:hidden1,Tile:hidden2
Tile:6 6 5 1
Drop 0 0 0
Tile:14 5 6 1
Drop 0 0 0
Tile:3_flip 4 5 1
Drop 5 0 0
Tile:4 5 4 1
Map 12 3 0
Tile:7 4 4 1
Tile:8 7 5 0
Drop 0 0 1
Tile:0 8 5 0
Drop 2 0 1
Tile:0 9 5 0
Tile:5_flip 10 5 1
Tile:9 10 4 0
Drop 5 0 1
Tile:6 11 4 0
Tile:9 7 6 1
Tile:10 11 3 0
Tile:12_flip 4 6 1
Drop 5 0 0
Map 12 3 1
Drop 0 0 0
Drop 5 0 1
Drop 6 0 0
Tile:8 12 4 1
GAMEOVER WINNER 1
# Game ended: Sun Apr 12 19:18:52 EDT 2020
