# Server version 0.08 running on DESKTOP-R5EVID9:8123
# Game ID: 97
# Board class: Saboteur.SaboteurBoard
# Timeout: 2000
# First Move Timeout: 30000
# Date: Sun Apr 12 19:31:49 EDT 2020
# Player 1: Player-0, 'RandomPlayer', running on DESKTOP-R5EVID9
# Player 2: Player-1, '260778557', running on DESKTOP-R5EVID9
START Player-0 RandomPlayer
START Player-1 260778557
BoardInit:Tile:0,Map,Tile:6,Tile:6,Map,Tile:12,Tile:9,Tile:0,Malus,Tile:3,Bonus,Tile:10,Tile:10,Tile:11,Tile:4,Tile:9,Tile:14,Tile:8,Bonus,Map,Tile:7,Tile:2,Destroy,Tile:6,Tile:5,Tile:0,Tile:8,Map,Tile:9,Tile:6,Tile:7,Bonus,Bonus,Tile:5,Tile:7,Tile:10,Tile:7,Map,Destroy,Tile:1,Map-Malus,Tile:7,Tile:5,Tile:8,Tile:5,Tile:15,Tile:13-Tile:8,Tile:9,Tile:0,Tile:9,Tile:8,Destroy,Tile:6-Tile:nugget,Tile:hidden1,Tile:hidden2
Malus 0 0 1
Drop 3 0 0
Drop 4 0 1
Map 12 3 0
Drop 4 0 1
Drop 4 0 0
Map 12 3 1
Drop 5 0 0
Tile:7 5 4 1
Drop 1 0 0
Tile:8 6 5 1
Drop 4 0 0
Tile:5 6 4 1
Drop 0 0 0
Tile:0 7 4 1
Drop 0 0 0
Tile:6 8 4 1
Drop 5 0 0
Tile:5 8 3 1
Drop 3 0 0
Tile:9 4 4 1
Map 12 7 0
Tile:7 9 3 1
Drop 0 0 0
Tile:10 4 3 1
Drop 2 0 0
Tile:5 4 2 1
Drop 0 0 0
Tile:8 9 4 1
Drop 4 0 0
Tile:9 9 5 1
Map 12 3 0
Tile:7 10 4 1
Drop 4 0 0
Malus 0 0 1
Drop 0 0 0
Tile:7 7 5 1
Drop 4 0 0
Tile:7 5 2 1
Map 12 5 0
Drop 1 0 1
Drop 2 0 0
Drop 1 0 1
Drop 1 0 0
Drop 5 0 1
Drop 3 0 0
Destroy 8 4 1
Drop 0 0 0
Destroy 4 2 1
Drop 2 0 0
Drop 2 0 1
Drop 0 0 0
Drop 1 0 1
Drop 0 0 0
Drop 0 0 1
GAMEOVER DRAW
# Game ended: Sun Apr 12 19:31:49 EDT 2020
