# Server version 0.08 running on DESKTOP-R5EVID9:8123
# Game ID: 23
# Board class: Saboteur.SaboteurBoard
# Timeout: 2000
# First Move Timeout: 30000
# Date: Sun Apr 12 17:25:02 EDT 2020
# Player 1: Player-0, 'RandomPlayer', running on DESKTOP-R5EVID9
# Player 2: Player-1, 'RandomPlayer', running on DESKTOP-R5EVID9
START Player-0 RandomPlayer
START Player-1 RandomPlayer
BoardInit:Bonus,Tile:10,Tile:8,Tile:10,Tile:4,Tile:11,Tile:5,Tile:8,Tile:9,Tile:5,Tile:6,Bonus,Tile:8,Tile:9,Tile:7,Map,Malus,Tile:9,Bonus,Tile:6,Malus,Tile:12,Tile:7,Tile:7,Tile:9,Tile:7,Tile:8,Destroy,Tile:9,Map,Tile:6,Tile:8,Tile:14,Tile:5,Bonus,Tile:6,Tile:6,Tile:13,Tile:3,Tile:15,Destroy-Tile:0,Tile:2,Tile:1,Map,Map,Tile:10,Map-Tile:5,Tile:7,Tile:0,Destroy,Tile:0,Map,Tile:0-Tile:hidden2,Tile:nugget,Tile:hidden1
Drop 3 0 1
Tile:7 5 4 0
Map 12 5 1
Tile:0 6 5 0
Tile:1 4 5 1
Tile:0 3 5 0
Tile:2_flip 4 4 1
Drop 2 0 0
Map 12 5 1
Tile:0 3 4 0
Drop 2 0 1
Destroy 5 4 0
Tile:6_flip 2 4 1
Tile:11 1 4 0
Tile:8 2 5 1
Tile:10 5 6 0
Tile:8 5 4 1
Tile:9 1 5 0
Drop 1 0 1
Tile:9_flip 1 3 0
Tile:0 6 4 1
Tile:5_flip 7 5 0
Tile:7_flip 1 6 1
Tile:8 2 6 0
Tile:5 4 3 1
Map 12 3 0
Tile:7_flip 2 7 1
Tile:6_flip 5 3 0
Malus 0 0 1
Drop 2 0 0
Tile:4 1 2 1
Destroy 1 2 0
Tile:9_flip 7 4 1
Map 12 3 0
Tile:6_flip 1 2 1
Drop 3 0 0
Drop 6 0 1
Drop 3 0 0
Tile:6 2 2 1
Drop 6 0 0
Tile:9 2 1 1
Drop 2 0 0
Tile:8 5 7 1
Drop 1 0 0
Tile:3 2 0 1
Drop 3 0 0
Destroy 6 5 1
Drop 0 0 0
Malus 0 0 1
Drop 2 0 0
Tile:9 0 2 1
Drop 0 0 0
Tile:14 6 3 1
Drop 0 0 0
Drop 0 0 1
GAMEOVER DRAW
# Game ended: Sun Apr 12 17:25:02 EDT 2020
