# Server version 0.08 running on DESKTOP-R5EVID9:8123
# Game ID: 125
# Board class: Saboteur.SaboteurBoard
# Timeout: 2000
# First Move Timeout: 30000
# Date: Sun Apr 12 20:07:45 EDT 2020
# Player 1: Player-0, '260778557', running on DESKTOP-R5EVID9
# Player 2: Player-1, 'RandomPlayer', running on DESKTOP-R5EVID9
START Player-0 260778557
START Player-1 RandomPlayer
BoardInit:Tile:9,Tile:6,Tile:9,Malus,Tile:12,Tile:14,Tile:1,Tile:8,Tile:13,Map,Tile:8,Malus,Tile:11,Tile:10,Tile:5,Tile:0,Tile:6,Tile:7,Destroy,Tile:0,Tile:8,Tile:6,Tile:8,Bonus,Bonus,Tile:7,Tile:4,Tile:6,Map,Bonus,Map,Tile:15,Map,Bonus,Tile:2,Tile:7,Tile:10,Tile:5,Tile:3,Tile:6,Tile:7-Tile:10,Tile:8,Tile:9,Tile:9,Tile:5,Tile:0,Tile:9-Tile:0,Map,Tile:5,Destroy,Tile:7,Destroy,Map-Tile:nugget,Tile:hidden1,Tile:hidden2
Tile:9_flip 5 4 1
Map 12 3 0
Tile:10 5 6 1
Tile:0 6 5 0
Tile:9 4 4 1
Tile:6 7 5 0
Tile:9_flip 5 7 1
Drop 0 0 0
Tile:5 7 4 1
Tile:8 8 4 0
Drop 5 0 1
Drop 1 0 0
Tile:9 4 5 1
Drop 2 0 0
Tile:11_flip 5 3 1
Tile:10 8 3 0
Tile:12_flip 4 7 1
Tile:0 9 4 0
Tile:8 5 8 1
Malus 0 0 0
Destroy 7 4 1
Tile:0 10 4 0
Drop 0 0 1
Tile:6 11 4 0
Drop 2 0 1
Drop 2 0 0
Drop 0 0 1
Drop 2 0 0
Drop 6 0 1
Tile:6 12 4 0
Drop 3 0 1
Malus 0 0 0
Map 12 7 1
Drop 2 0 0
Drop 3 0 1
Drop 3 0 0
Map 12 7 1
Drop 4 0 0
Map 12 5 1
Drop 5 0 0
Drop 4 0 1
Tile:6 13 4 0
Drop 5 0 1
Drop 5 0 0
Drop 4 0 1
Drop 0 0 0
Drop 3 0 1
Drop 0 0 0
Drop 0 0 1
Drop 0 0 0
Drop 0 0 1
Drop 0 0 0
Drop 1 0 1
Drop 0 0 0
Drop 0 0 1
GAMEOVER DRAW
# Game ended: Sun Apr 12 20:07:45 EDT 2020
