# Server version 0.08 running on DESKTOP-R5EVID9:8123
# Game ID: 30
# Board class: Saboteur.SaboteurBoard
# Timeout: 2000
# First Move Timeout: 30000
# Date: Sun Apr 12 17:32:05 EDT 2020
# Player 1: Player-0, 'RandomPlayer', running on DESKTOP-R5EVID9
# Player 2: Player-1, '260778557', running on DESKTOP-R5EVID9
START Player-0 RandomPlayer
START Player-1 260778557
BoardInit:Tile:5,Tile:7,Tile:6,Tile:0,Tile:7,Tile:10,Tile:6,Tile:9,Destroy,Map,Malus,Tile:5,Map,Tile:9,Tile:8,Tile:15,Tile:9,Tile:0,Tile:4,Bonus,Bonus,Tile:10,Malus,Tile:6,Tile:5,Tile:7,Tile:13,Tile:1,Tile:0,Tile:6,Destroy,Tile:5,Tile:3,Tile:9,Bonus,Map,Tile:7,Bonus,Map,Tile:8,Map-Tile:8,Tile:6,Tile:12,Tile:2,Tile:7,Map,Tile:11-Tile:0,Tile:9,Tile:14,Destroy,Tile:10,Tile:8,Tile:8-Tile:hidden2,Tile:nugget,Tile:hidden1
Map 12 3 1
Tile:0 4 5 0
Drop 2 0 1
Destroy 4 5 0
Drop 2 0 1
Tile:9 4 5 0
Drop 3 0 1
Tile:10 4 4 0
Tile:8 6 5 1
Drop 0 0 0
Tile:6 7 5 1
Drop 1 0 0
Malus 0 0 1
Drop 4 0 0
Map 12 5 1
Map 12 7 0
Tile:5 4 3 1
Drop 5 0 0
Drop 2 0 1
Drop 3 0 0
Tile:6 8 5 1
Drop 2 0 0
Drop 5 0 1
Drop 3 0 0
Tile:9_flip 6 4 1
Drop 5 0 0
Tile:5 7 4 1
Drop 0 0 0
Tile:8 4 6 1
Drop 6 0 0
Tile:6 6 6 1
Drop 1 0 0
Tile:0 7 6 1
Drop 4 0 0
Tile:3 8 4 1
Drop 0 0 0
Tile:13 9 5 1
Map 12 7 0
Destroy 8 4 1
Bonus 0 0 0
Tile:7 8 4 1
Tile:6 9 6 0
Map 12 5 1
Tile:6 5 6 0
Destroy 9 6 1
Tile:9 4 7 0
Map 12 5 1
Tile:0 10 5 0
Tile:7_flip 9 6 1
Tile:5_flip 4 8 0
Malus 0 0 1
Bonus 0 0 0
Drop 0 0 1
Drop 0 0 0
Drop 0 0 1
GAMEOVER DRAW
# Game ended: Sun Apr 12 17:32:05 EDT 2020
