# Server version 0.08 running on DESKTOP-R5EVID9:8123
# Game ID: 25
# Board class: Saboteur.SaboteurBoard
# Timeout: 2000
# First Move Timeout: 30000
# Date: Sun Apr 12 17:25:12 EDT 2020
# Player 1: Player-0, '260778557', running on DESKTOP-R5EVID9
# Player 2: Player-1, 'RandomPlayer', running on DESKTOP-R5EVID9
START Player-0 260778557
START Player-1 RandomPlayer
BoardInit:Tile:6,Bonus,Map,Tile:9,Map,Map,Tile:9,Bonus,Tile:15,Tile:1,Tile:7,Map,Malus,Tile:0,Tile:7,Tile:8,Tile:10,Tile:3,Tile:12,Tile:9,Tile:7,Bonus,Tile:0,Tile:5,Tile:2,Tile:6,Tile:4,Map,Tile:8,Tile:6,Tile:14,Tile:11,Destroy,Tile:9,Tile:5,Tile:10,Tile:8,Tile:6,Tile:5,Tile:5,Tile:8-Malus,Destroy,Tile:0,Tile:8,Tile:6,Destroy,Tile:7-Tile:9,Tile:7,Map,Tile:10,Tile:0,Tile:13,Bonus-Tile:nugget,Tile:hidden1,Tile:hidden2
Tile:8 5 6 1
Map 12 3 0
Tile:6 4 6 1
Tile:13 4 5 0
Tile:6 6 5 1
Tile:7 4 4 0
Drop 4 0 1
Drop 2 0 0
Tile:0 7 5 1
Drop 2 0 0
Tile:9 5 7 1
Tile:9 5 4 0
Map 12 5 1
Drop 1 0 0
Destroy 5 6 1
Tile:9_flip 5 6 0
Tile:7_flip 5 8 1
Tile:1 6 7 0
Destroy 4 5 1
Drop 0 0 0
Tile:7_flip 3 4 1
Tile:0 8 5 0
Tile:7_flip 3 6 1
Map 12 3 0
Tile:15 5 3 1
Tile:5 3 5 0
Malus 0 0 1
Bonus 0 0 0
Tile:0 6 8 1
Tile:3 6 4 0
Map 12 3 1
Tile:9_flip 7 7 0
Tile:10 5 2 1
Map 12 7 0
Destroy 6 4 1
Tile:6_flip 6 4 0
Tile:5 5 1 1
Drop 1 0 0
Tile:8 4 5 1
Tile:6_flip 7 6 0
Tile:8 3 3 1
Tile:6 6 1 0
Tile:2_flip 7 8 1
Tile:5_flip 7 4 0
Tile:14 4 3 1
Drop 0 0 0
Tile:8 7 3 1
Tile:9 2 3 0
Tile:12_flip 6 6 1
Drop 1 0 0
Tile:5 7 2 1
Drop 0 0 0
Tile:4 6 0 1
Tile:10 3 2 0
Malus 0 0 1
GAMEOVER DRAW
# Game ended: Sun Apr 12 17:25:12 EDT 2020
