# Server version 0.08 running on DESKTOP-R5EVID9:8123
# Game ID: 117
# Board class: Saboteur.SaboteurBoard
# Timeout: 2000
# First Move Timeout: 30000
# Date: Sun Apr 12 19:58:18 EDT 2020
# Player 1: Player-0, '260778557', running on DESKTOP-R5EVID9
# Player 2: Player-1, 'RandomPlayer', running on DESKTOP-R5EVID9
START Player-0 260778557
START Player-1 RandomPlayer
BoardInit:Tile:0,Tile:0,Tile:10,Tile:8,Tile:15,Destroy,Tile:5,Malus,Tile:0,Tile:6,Tile:8,Bonus,Tile:5,Tile:3,Tile:10,Tile:12,Tile:6,Tile:8,Map,Bonus,Tile:7,Tile:14,Map,Tile:7,Tile:7,Tile:0,Tile:7,Tile:6,Map,Destroy,Map,Tile:6,Tile:5,Tile:13,Bonus,Malus,Destroy,Tile:10,Map,Tile:9,Tile:6-Tile:5,Tile:9,Tile:9,Tile:8,Tile:9,Tile:1,Tile:9-Map,Tile:8,Tile:4,Tile:7,Tile:2,Bonus,Tile:11-Tile:hidden1,Tile:hidden2,Tile:nugget
Tile:9 5 4 1
Map 12 3 0
Drop 5 0 1
Drop 1 0 0
Tile:9_flip 5 3 1
Drop 1 0 0
Tile:8 4 3 1
Drop 1 0 0
Tile:5_flip 5 6 1
Drop 2 0 0
Tile:5_flip 4 4 1
Malus 0 0 0
Drop 0 0 1
Tile:8 6 5 0
Drop 0 0 1
Drop 6 0 0
Drop 5 0 1
Drop 6 0 0
Drop 3 0 1
Tile:0 7 5 0
Map 12 7 1
Tile:8 8 5 0
Drop 0 0 1
Drop 6 0 0
Drop 4 0 1
Drop 6 0 0
Drop 3 0 1
Tile:6 9 5 0
Drop 4 0 1
Tile:8 10 5 0
Map 12 3 1
Tile:0 11 5 0
Drop 6 0 1
Tile:6 12 6 0
Drop 3 0 1
Drop 6 0 0
Drop 4 0 1
Malus 0 0 0
Destroy 11 5 1
Tile:6 11 5 0
Drop 6 0 1
Tile:10 12 4 0
Drop 5 0 1
Tile:9 10 4 0
Drop 4 0 1
Destroy 6 5 0
Drop 2 0 1
Destroy 4 4 0
Drop 0 0 1
Drop 2 0 0
Drop 0 0 1
Drop 1 0 0
Drop 1 0 1
Drop 0 0 0
Drop 0 0 1
GAMEOVER DRAW
# Game ended: Sun Apr 12 19:58:18 EDT 2020
