# Server version 0.08 running on DESKTOP-R5EVID9:8123
# Game ID: 123
# Board class: Saboteur.SaboteurBoard
# Timeout: 2000
# First Move Timeout: 30000
# Date: Sun Apr 12 20:07:34 EDT 2020
# Player 1: Player-0, '260778557', running on DESKTOP-R5EVID9
# Player 2: Player-1, 'RandomPlayer', running on DESKTOP-R5EVID9
START Player-0 260778557
START Player-1 RandomPlayer
BoardInit:Map,Tile:6,Tile:8,Tile:4,Tile:9,Bonus,Map,Tile:0,Map,Tile:6,Tile:5,Map,Tile:0,Tile:0,Tile:8,Tile:15,Tile:13,Map,Tile:7,Tile:8,Tile:2,Tile:12,Tile:9,Tile:1,Tile:6,Tile:5,Malus,Tile:0,Tile:9,Tile:3,Tile:6,Destroy,Map,Destroy,Tile:11,Tile:7,Tile:6,Tile:8,Bonus,Tile:10,Tile:7-Destroy,Tile:9,Tile:5,Tile:7,Malus,Tile:10,Bonus-Tile:14,Tile:5,Tile:10,Bonus,Tile:8,Tile:9,Tile:7-Tile:nugget,Tile:hidden2,Tile:hidden1
Tile:9_flip 5 6 1
Drop 0 0 0
Drop 1 0 1
Drop 0 0 0
Map 12 7 1
Drop 4 0 0
Tile:7_flip 4 6 1
Drop 5 0 0
Drop 0 0 1
Tile:8 6 5 0
Map 12 5 1
Tile:6 7 5 0
Tile:9 7 4 1
Map 12 3 0
Drop 3 0 1
Tile:10 7 3 0
Tile:8 8 5 1
Tile:0 9 5 0
Tile:13 4 5 1
Tile:6 10 5 0
Tile:7 8 4 1
Tile:9 10 4 0
Tile:2 4 4 1
Tile:0 11 4 0
Tile:9_flip 6 4 1
Tile:8 12 4 0
GAMEOVER WINNER 0
# Game ended: Sun Apr 12 20:07:34 EDT 2020
