# Server version 0.08 running on DESKTOP-R5EVID9:8123
# Game ID: 129
# Board class: Saboteur.SaboteurBoard
# Timeout: 2000
# First Move Timeout: 30000
# Date: Sun Apr 12 20:45:59 EDT 2020
# Player 1: Player-0, '260778557', running on DESKTOP-R5EVID9
# Player 2: Player-1, 'RandomPlayer', running on DESKTOP-R5EVID9
START Player-0 260778557
START Player-1 RandomPlayer
BoardInit:Tile:10,Tile:5,Tile:0,Tile:1,Tile:9,Tile:0,Tile:0,Tile:12,Tile:3,Tile:9,Tile:7,Tile:15,Tile:5,Tile:4,Tile:8,Malus,Tile:14,Tile:7,Tile:9,Tile:9,Map,Tile:8,Map,Tile:11,Bonus,Tile:2,Map,Bonus,Tile:8,Tile:7,Tile:10,Tile:0,Tile:10,Tile:6,Destroy,Destroy,Tile:13,Tile:6,Map,Tile:9,Malus-Map,Map,Tile:6,Tile:6,Tile:8,Bonus,Tile:7-Tile:6,Tile:7,Destroy,Tile:8,Bonus,Tile:5,Tile:5-Tile:hidden1,Tile:hidden2,Tile:nugget
Tile:8 5 6 1
Drop 1 0 0
Tile:7_flip 4 5 1
Drop 4 0 0
Tile:6 6 5 1
Drop 4 0 0
Tile:6_flip 6 6 1
Drop 4 0 0
Tile:9 6 7 1
Drop 4 0 0
Tile:3 6 4 1
Drop 5 0 0
Map 12 5 1
Drop 6 0 0
Tile:5_flip 5 7 1
Drop 6 0 0
Drop 1 0 1
Malus 0 0 0
Drop 3 0 1
Drop 6 0 0
Map 12 7 1
Tile:6 7 5 0
Map 12 7 1
Tile:8 8 5 0
Drop 4 0 1
Drop 6 0 0
Map 12 7 1
Drop 6 0 0
Drop 6 0 1
Tile:0 9 5 0
Drop 1 0 1
Drop 6 0 0
Drop 4 0 1
Tile:8 10 5 0
Drop 3 0 1
Tile:0 11 5 0
Drop 6 0 1
Tile:9 12 4 0
Drop 6 0 1
Tile:9 12 6 0
GAMEOVER WINNER 0
# Game ended: Sun Apr 12 20:45:59 EDT 2020
