# Server version 0.08 running on DESKTOP-R5EVID9:8123
# Game ID: 88
# Board class: Saboteur.SaboteurBoard
# Timeout: 2000
# First Move Timeout: 30000
# Date: Sun Apr 12 19:18:38 EDT 2020
# Player 1: Player-0, '260778557', running on DESKTOP-R5EVID9
# Player 2: Player-1, 'RandomPlayer', running on DESKTOP-R5EVID9
START Player-0 260778557
START Player-1 RandomPlayer
BoardInit:Destroy,Tile:13,Tile:10,Tile:9,Destroy,Tile:7,Tile:14,Tile:0,Map,Tile:8,Tile:6,Map,Map,Tile:7,Tile:10,Tile:7,Map,Tile:11,Tile:6,Tile:6,Tile:2,Malus,Tile:8,Tile:7,Tile:7,Map,Tile:4,Destroy,Tile:10,Tile:12,Tile:15,Bonus,Tile:0,Tile:6,Tile:5,Tile:8,Malus,Tile:5,Tile:9,Tile:1,Map-Tile:8,Tile:0,Tile:9,Tile:9,Bonus,Tile:6,Bonus-Tile:9,Tile:5,Bonus,Tile:0,Tile:5,Tile:3,Tile:8-Tile:hidden2,Tile:hidden1,Tile:nugget
Tile:6 4 5 1
Drop 1 0 0
Tile:9 5 4 1
Drop 3 0 0
Tile:0 3 5 1
Drop 3 0 0
Tile:8 5 3 1
Drop 4 0 0
Drop 2 0 1
Drop 5 0 0
Tile:14 6 4 1
Tile:0 6 5 0
Tile:6_flip 6 3 1
Map 12 3 0
Destroy 5 4 1
Drop 6 0 0
Drop 1 0 1
Drop 6 0 0
Drop 1 0 1
Drop 6 0 0
Map 12 5 1
Tile:8 7 5 0
Tile:9 5 4 1
Malus 0 0 0
Destroy 5 3 1
Drop 6 0 0
Drop 0 0 1
Map 12 5 0
Drop 4 0 1
Tile:0 8 5 0
Map 12 3 1
Drop 6 0 0
Drop 6 0 1
Tile:8 9 5 0
Drop 3 0 1
Tile:6 10 5 0
Drop 3 0 1
Tile:6 11 5 0
Drop 0 0 1
Drop 6 0 0
Drop 4 0 1
Drop 6 0 0
Drop 4 0 1
Tile:9 12 4 0
Drop 4 0 1
Tile:9 12 6 0
GAMEOVER WINNER 0
# Game ended: Sun Apr 12 19:18:38 EDT 2020
