# Server version 0.08 running on DESKTOP-R5EVID9:8123
# Game ID: 89
# Board class: Saboteur.SaboteurBoard
# Timeout: 2000
# First Move Timeout: 30000
# Date: Sun Apr 12 19:18:45 EDT 2020
# Player 1: Player-0, '260778557', running on DESKTOP-R5EVID9
# Player 2: Player-1, 'RandomPlayer', running on DESKTOP-R5EVID9
START Player-0 260778557
START Player-1 RandomPlayer
BoardInit:Tile:0,Tile:10,Destroy,Map,Tile:3,Tile:6,Tile:7,Tile:6,Tile:10,Malus,Tile:12,Tile:5,Tile:8,Tile:6,Tile:7,Tile:7,Tile:9,Bonus,Tile:9,Tile:1,Map,Bonus,Tile:8,Tile:6,Tile:8,Tile:9,Tile:13,Tile:0,Tile:10,Tile:0,Map,Map,Tile:8,Tile:2,Bonus,Tile:9,Tile:11,Destroy,Tile:5,Tile:6,Tile:4-Map,Tile:14,Tile:9,Tile:15,Tile:7,Tile:5,Tile:7-Tile:5,Tile:0,Tile:8,Map,Bonus,Malus,Destroy-Tile:hidden2,Tile:nugget,Tile:hidden1
Tile:5_flip 6 5 1
Map 12 3 0
Tile:9 4 5 1
Drop 0 0 0
Tile:7_flip 4 6 1
Map 12 5 0
Destroy 6 5 1
Tile:0 6 5 0
Drop 0 0 1
Tile:8 7 5 0
Tile:14 5 6 1
Tile:6 8 5 0
Tile:7 9 5 1
Tile:10 9 6 0
Tile:10 8 4 1
Tile:6 9 7 0
Tile:15 7 4 1
Tile:6 10 7 0
Tile:9_flip 4 4 1
Malus 0 0 0
Drop 2 0 1
Malus 0 0 0
Map 12 7 1
Drop 2 0 0
Drop 2 0 1
Tile:6 11 7 0
Drop 0 0 1
Tile:9 12 6 0
GAMEOVER WINNER 0
# Game ended: Sun Apr 12 19:18:45 EDT 2020
