# Server version 0.08 running on DESKTOP-R5EVID9:8123
# Game ID: 41
# Board class: Saboteur.SaboteurBoard
# Timeout: 2000
# First Move Timeout: 30000
# Date: Sun Apr 12 18:41:46 EDT 2020
# Player 1: Player-0, '260778557', running on DESKTOP-R5EVID9
# Player 2: Player-1, 'RandomPlayer', running on DESKTOP-R5EVID9
START Player-0 260778557
START Player-1 RandomPlayer
BoardInit:Destroy,Tile:15,Map,Tile:6,Tile:0,Tile:12,Tile:9,Tile:7,Malus,Tile:3,Tile:7,Tile:8,Tile:7,Tile:4,Tile:9,Tile:1,Tile:6,Tile:6,Tile:7,Tile:7,Map,Tile:6,Tile:0,Tile:5,Bonus,Tile:10,Tile:0,Tile:10,Tile:8,Malus,Tile:10,Tile:5,Tile:9,Bonus,Tile:9,Tile:0,Tile:5,Bonus,Tile:13,Map,Tile:8-Tile:9,Bonus,Tile:5,Tile:11,Map,Tile:14,Tile:8-Map,Tile:8,Tile:2,Map,Tile:6,Destroy,Destroy-Tile:hidden1,Tile:nugget,Tile:hidden2
Tile:14_flip 4 5 1
Map 12 3 0
Tile:5_flip 5 6 1
Map 12 5 0
Tile:11_flip 5 4 1
Tile:8 6 5 0
Drop 2 0 1
Tile:6 7 5 0
Tile:8 4 6 1
Tile:6 8 5 0
Tile:9 6 6 1
Tile:7 9 5 0
Tile:9 4 7 1
Tile:8 9 6 0
Tile:7_flip 9 7 1
Drop 0 0 0
Malus 0 0 1
Drop 2 0 0
Tile:6_flip 7 4 1
Drop 2 0 0
Tile:7_flip 4 8 1
Drop 2 0 0
Tile:9 6 4 1
Drop 2 0 0
Tile:7_flip 3 6 1
Drop 2 0 0
Tile:0 4 4 1
Destroy 4 7 0
Tile:0 3 4 1
Drop 1 0 0
Tile:0 10 6 1
Malus 0 0 0
Destroy 8 5 1
Destroy 7 4 0
Map 12 7 1
Bonus 0 0 0
Drop 0 0 1
Tile:7 11 6 0
Map 12 7 1
Tile:6 11 7 0
Drop 4 0 1
Tile:0 8 5 0
Drop 5 0 1
Tile:5 12 6 0
Drop 4 0 1
Drop 4 0 0
Drop 3 0 1
Drop 0 0 0
Drop 2 0 1
Drop 0 0 0
Drop 0 0 1
Drop 0 0 0
Drop 1 0 1
Drop 0 0 0
Drop 0 0 1
GAMEOVER DRAW
# Game ended: Sun Apr 12 18:41:46 EDT 2020
