# Server version 0.08 running on DESKTOP-R5EVID9:8123
# Game ID: 49
# Board class: Saboteur.SaboteurBoard
# Timeout: 2000
# First Move Timeout: 30000
# Date: Sun Apr 12 19:02:34 EDT 2020
# Player 1: Player-0, 'RandomPlayer', running on DESKTOP-R5EVID9
# Player 2: Player-1, '260778557', running on DESKTOP-R5EVID9
START Player-0 RandomPlayer
START Player-1 260778557
BoardInit:Tile:9,Bonus,Tile:7,Tile:0,Map,Malus,Map,Bonus,Destroy,Tile:11,Tile:6,Tile:6,Tile:8,Tile:7,Tile:5,Tile:9,Tile:8,Tile:5,Tile:9,Tile:0,Tile:15,Malus,Tile:6,Tile:0,Tile:0,Tile:7,Tile:5,Tile:7,Tile:5,Tile:3,Tile:8,Tile:6,Bonus,Tile:9,Destroy,Tile:4,Tile:10,Tile:9,Tile:14,Map,Tile:8-Tile:10,Tile:10,Tile:13,Tile:2,Destroy,Map,Tile:7-Map,Tile:12,Tile:8,Tile:1,Bonus,Map,Tile:6-Tile:hidden2,Tile:hidden1,Tile:nugget
Map 12 3 1
Tile:8 6 5 0
Drop 2 0 1
Tile:1 4 5 0
Drop 2 0 1
Tile:6_flip 7 5 0
Map 12 5 1
Map 12 7 0
Map 12 7 1
Drop 3 0 0
Tile:10 7 6 1
Drop 4 0 0
Tile:10 7 7 1
Tile:11_flip 6 6 0
Tile:9 7 8 1
Tile:0 8 5 0
Tile:6 8 8 1
Map 12 7 0
Tile:8 9 8 1
Tile:9 7 9 0
Tile:8 9 7 1
Tile:0 8 9 0
Tile:9 8 7 1
Tile:5 8 6 0
Tile:6 10 7 1
Tile:6 9 9 0
Tile:0 11 7 1
GAMEOVER WINNER 1
# Game ended: Sun Apr 12 19:02:34 EDT 2020
