# Server version 0.08 running on DESKTOP-R5EVID9:8123
# Game ID: 33
# Board class: Saboteur.SaboteurBoard
# Timeout: 2000
# First Move Timeout: 30000
# Date: Sun Apr 12 17:32:36 EDT 2020
# Player 1: Player-0, '260778557', running on DESKTOP-R5EVID9
# Player 2: Player-1, 'RandomPlayer', running on DESKTOP-R5EVID9
START Player-0 260778557
START Player-1 RandomPlayer
BoardInit:Destroy,Tile:1,Tile:0,Tile:6,Tile:6,Map,Map,Tile:12,Destroy,Tile:10,Tile:10,Tile:0,Tile:7,Tile:9,Map,Tile:13,Tile:5,Tile:7,Tile:0,Tile:8,Bonus,Malus,Tile:9,Bonus,Tile:6,Tile:9,Map,Tile:8,Tile:7,Bonus,Tile:15,Tile:8,Bonus,Tile:7,Tile:14,Tile:3,Tile:5,Tile:6,Tile:10,Tile:5,Tile:11-Tile:2,Malus,Tile:0,Tile:9,Tile:5,Tile:8,Tile:6-Map,Tile:4,Tile:9,Destroy,Map,Tile:8,Tile:7-Tile:hidden1,Tile:nugget,Tile:hidden2
Tile:5 4 5 1
Map 12 3 0
Tile:8 6 5 1
Map 12 5 0
Tile:0 7 5 1
Tile:8 8 5 0
Tile:2_flip 6 6 1
Tile:7 9 5 0
Tile:6_flip 7 6 1
Tile:9 9 6 0
Tile:6 9 7 1
Tile:6 10 6 0
Destroy 6 6 1
Tile:10 10 5 0
Tile:7 5 4 1
Tile:0 11 6 0
Malus 0 0 1
Drop 0 0 0
Tile:9 6 4 1
Drop 1 0 0
Drop 3 0 1
Drop 1 0 0
Tile:5_flip 8 6 1
Drop 1 0 0
Tile:9_flip 7 7 1
Bonus 0 0 0
Tile:6_flip 8 4 1
Tile:7 12 6 0
Map 12 3 1
Destroy 4 5 0
Destroy 7 7 1
Drop 1 0 0
Tile:15 12 8 1
Malus 0 0 0
Drop 4 0 1
Drop 0 0 0
Bonus 0 0 1
Drop 6 0 0
Tile:0 11 7 1
Drop 0 0 0
Tile:5 8 7 1
Drop 0 0 0
Tile:14 9 4 1
Drop 0 0 0
Drop 4 0 1
Drop 0 0 0
Tile:11 5 6 1
Drop 0 0 0
Tile:7 13 7 1
Drop 0 0 0
Map 12 3 1
Drop 0 0 0
Tile:0 10 7 1
Drop 0 0 0
Drop 0 0 1
GAMEOVER DRAW
# Game ended: Sun Apr 12 17:32:36 EDT 2020
