# Server version 0.08 running on DESKTOP-R5EVID9:8123
# Game ID: 77
# Board class: Saboteur.SaboteurBoard
# Timeout: 2000
# First Move Timeout: 30000
# Date: Sun Apr 12 19:16:06 EDT 2020
# Player 1: Player-0, 'RandomPlayer', running on 127.0.0.1
# Player 2: Player-1, '260778557', running on 127.0.0.1
START Player-0 RandomPlayer
START Player-1 260778557
BoardInit:Tile:3,Tile:11,Map,Tile:8,Tile:7,Tile:10,Tile:5,Tile:0,Tile:9,Tile:6,Map,Tile:0,Tile:14,Tile:7,Destroy,Tile:8,Tile:5,Tile:9,Destroy,Tile:8,Map,Tile:7,Tile:6,Map,Tile:0,Tile:7,Tile:5,Tile:10,Tile:10,Destroy,Map,Tile:6,Tile:9,Map,Bonus,Tile:0,Tile:6,Tile:1,Malus,Malus,Tile:8-Tile:6,Tile:13,Bonus,Tile:15,Tile:8,Tile:2,Tile:9-Tile:9,Tile:12,Bonus,Bonus,Tile:7,Tile:5,Tile:4-Tile:hidden1,Tile:nugget,Tile:hidden2
Drop 1 0 1
Drop 2 0 0
Drop 2 0 1
Tile:4_flip 5 6 0
Map 12 3 1
Tile:7 6 5 0
Drop 3 0 1
Drop 3 0 0
Drop 4 0 1
Tile:8 5 4 0
Drop 4 0 1
Tile:11 6 6 0
Map 12 5 1
Drop 2 0 0
Tile:6 7 6 1
Tile:12_flip 4 4 0
Tile:8 8 6 1
Tile:6 9 6 0
Tile:9 9 5 1
Tile:8 10 5 0
Tile:9 10 4 1
Tile:9 7 5 0
Drop 1 0 1
Tile:7 10 3 0
Tile:6 11 5 1
Tile:10 7 4 0
Tile:14 6 4 1
Tile:9_flip 8 5 0
Destroy 4 4 1
Tile:10 8 4 0
Tile:5 5 3 1
Map 12 3 0
Destroy 5 3 1
Destroy 6 5 0
Drop 1 0 1
Map 12 5 0
Drop 2 0 1
Tile:0 4 4 0
Drop 3 0 1
Tile:7 7 3 0
Malus 0 0 1
Drop 4 0 0
Drop 0 0 1
Malus 0 0 0
Bonus 0 0 1
Drop 3 0 0
Drop 0 0 1
Drop 0 0 0
Drop 0 0 1
Drop 2 0 0
Drop 0 0 1
Drop 0 0 0
Drop 0 0 1
Drop 0 0 0
Drop 0 0 1
GAMEOVER DRAW
# Game ended: Sun Apr 12 19:16:06 EDT 2020
