# Server version 0.08 running on DESKTOP-R5EVID9:8123
# Game ID: 35
# Board class: Saboteur.SaboteurBoard
# Timeout: 2000
# First Move Timeout: 30000
# Date: Sun Apr 12 17:37:15 EDT 2020
# Player 1: Player-0, 'RandomPlayer', running on DESKTOP-R5EVID9
# Player 2: Player-1, '260778557', running on DESKTOP-R5EVID9
START Player-0 RandomPlayer
START Player-1 260778557
BoardInit:Tile:0,Map,Tile:0,Tile:6,Tile:9,Tile:0,Tile:2,Tile:13,Tile:10,Tile:9,Tile:9,Tile:12,Tile:10,Tile:5,Tile:15,Bonus,Tile:7,Tile:8,Tile:6,Tile:8,Map,Map,Tile:1,Bonus,Tile:6,Tile:4,Malus,Tile:7,Tile:5,Tile:6,Tile:7,Tile:8,Map,Bonus,Tile:9,Tile:6,Tile:8,Tile:14,Tile:5,Map,Map-Destroy,Tile:9,Tile:7,Tile:10,Destroy,Tile:7,Tile:0-Tile:5,Tile:8,Bonus,Malus,Tile:3,Tile:11,Destroy-Tile:hidden2,Tile:nugget,Tile:hidden1
Tile:7 6 5 1
Drop 3 0 0
Tile:9 6 6 1
Tile:11_flip 5 6 0
Tile:7 7 6 1
Drop 2 0 0
Tile:10 7 7 1
Tile:3_flip 5 7 0
Drop 6 0 1
Tile:6 4 5 0
Tile:9 5 4 1
Tile:0 3 5 0
Tile:0 6 4 1
Tile:9_flip 7 4 0
Tile:10 7 3 1
Destroy 3 5 0
Drop 6 0 1
Drop 0 0 0
Tile:9 7 2 1
Map 12 7 0
Tile:0 8 2 1
Tile:5 5 3 0
Map 12 3 1
Tile:8 7 1 0
Drop 6 0 1
Tile:13 6 1 0
Tile:0 9 2 1
Tile:4 7 0 0
Malus 0 0 1
Drop 2 0 0
Tile:7 10 2 1
Bonus 0 0 0
Tile:10 10 3 1
Tile:6 10 4 0
Map 12 5 1
Tile:12 11 4 0
GAMEOVER ILLEGAL MOVE: Player 0, CardUsed: (Tile:8), PosOfUse: (9, 4) WINNER 0
# Game ended: Sun Apr 12 17:37:15 EDT 2020
