# Server version 0.08 running on DESKTOP-R5EVID9:8123
# Game ID: 6
# Board class: Saboteur.SaboteurBoard
# Timeout: 2000
# First Move Timeout: 30000
# Date: Sun Apr 12 16:27:15 EDT 2020
# Player 1: Player-0, '260778557', running on DESKTOP-R5EVID9
# Player 2: Player-1, 'RandomPlayer', running on DESKTOP-R5EVID9
START Player-0 260778557
START Player-1 RandomPlayer
BoardInit:Tile:8,Tile:5,Tile:8,Tile:5,Tile:7,Tile:8,Map,Tile:7,Tile:6,Tile:9,Tile:1,Tile:0,Tile:7,Map,Tile:4,Tile:15,Malus,Tile:0,Map,Tile:9,Tile:12,Destroy,Tile:10,Tile:9,Bonus,Tile:10,Tile:9,Tile:8,Tile:0,Bonus,Tile:10,Map,Map,Tile:2,Tile:6,Tile:8,Tile:7,Destroy,Bonus,Map,Malus-Destroy,Tile:6,Tile:11,Tile:5,Tile:6,Tile:5,Tile:6-Tile:0,Tile:13,Tile:7,Bonus,Tile:9,Tile:3,Tile:14-Tile:nugget,Tile:hidden2,Tile:hidden1
Tile:6 4 5 1
Drop 1 0 0
Destroy 4 5 1
Drop 4 0 0
Drop 1 0 1
Drop 4 0 0
Tile:5_flip 5 6 1
Tile:0 6 5 0
Tile:7 7 5 1
Tile:9 7 6 0
Drop 1 0 1
Tile:7 8 6 0
Tile:8 4 5 1
Tile:8 8 7 0
Tile:7_flip 3 5 1
Map 12 3 0
Map 12 3 1
GAMEOVER ILLEGAL MOVE: Player 1, CardUsed: (Tile:8), PosOfUse: (4, 4) WINNER 1
# Game ended: Sun Apr 12 16:27:15 EDT 2020
