# Server version 0.08 running on DESKTOP-R5EVID9:8123
# Game ID: 102
# Board class: Saboteur.SaboteurBoard
# Timeout: 2000
# First Move Timeout: 30000
# Date: Sun Apr 12 19:36:03 EDT 2020
# Player 1: Player-0, '260778557', running on DESKTOP-R5EVID9
# Player 2: Player-1, 'RandomPlayer', running on DESKTOP-R5EVID9
START Player-0 260778557
START Player-1 RandomPlayer
BoardInit:Tile:7,Tile:7,Malus,Map,Tile:9,Tile:7,Tile:5,Tile:0,Tile:4,Malus,Tile:2,Tile:6,Tile:5,Destroy,Tile:15,Bonus,Tile:3,Tile:9,Tile:8,Tile:9,Tile:8,Tile:6,Bonus,Tile:10,Tile:5,Tile:12,Tile:5,Map,Tile:8,Tile:13,Tile:0,Tile:6,Tile:6,Tile:7,Map,Tile:8,Tile:0,Map,Destroy,Destroy,Tile:7-Tile:9,Tile:6,Bonus,Tile:10,Tile:1,Tile:9,Tile:14-Bonus,Tile:8,Map,Map,Tile:0,Tile:11,Tile:10-Tile:hidden2,Tile:nugget,Tile:hidden1
Tile:9_flip 5 4 1
Map 12 3 0
Tile:1 4 4 1
Map 12 5 0
Tile:14_flip 3 4 1
Tile:8 6 5 0
Tile:6_flip 5 3 1
Tile:0 7 5 0
Malus 0 0 1
Bonus 0 0 0
Tile:4_flip 6 6 1
Tile:0 8 5 0
Tile:7_flip 4 3 1
Tile:6 9 5 0
Drop 5 0 1
Tile:10 9 4 0
Tile:15 5 6 1
Drop 0 0 0
Tile:5 4 5 1
Tile:9 9 3 0
Tile:10 4 6 1
Tile:9 9 2 0
Tile:9_flip 4 2 1
Tile:6 10 5 0
Tile:9_flip 6 3 1
Tile:10 10 4 0
Tile:8 4 7 1
Drop 0 0 0
Tile:5_flip 10 2 1
Drop 0 0 0
Drop 3 0 1
Drop 0 0 0
Tile:3 4 1 1
Tile:6 11 5 0
GAMEOVER WINNER 0
# Game ended: Sun Apr 12 19:36:03 EDT 2020
