# Server version 0.08 running on DESKTOP-R5EVID9:8123
# Game ID: 50
# Board class: Saboteur.SaboteurBoard
# Timeout: 2000
# First Move Timeout: 30000
# Date: Sun Apr 12 19:10:25 EDT 2020
# Player 1: Player-0, '260778557', running on 127.0.0.1
# Player 2: Player-1, 'RandomPlayer', running on 127.0.0.1
START Player-0 260778557
START Player-1 RandomPlayer
BoardInit:Tile:5,Malus,Tile:9,Tile:6,Map,Tile:15,Tile:9,Map,Tile:7,Tile:6,Tile:6,Tile:11,Tile:7,Tile:4,Tile:5,Bonus,Tile:1,Tile:12,Bonus,Tile:13,Tile:9,Destroy,Tile:5,Bonus,Tile:7,Map,Tile:0,Destroy,Malus,Tile:6,Tile:6,Tile:5,Tile:0,Tile:0,Bonus,Tile:8,Tile:8,Tile:10,Map,Tile:0,Tile:14-Tile:9,Tile:8,Tile:8,Map,Tile:9,Tile:7,Tile:10-Tile:3,Tile:7,Tile:10,Destroy,Map,Tile:2,Tile:8-Tile:hidden2,Tile:nugget,Tile:hidden1
Map 12 7 1
Map 12 3 0
Tile:8 5 4 1
Drop 0 0 0
Tile:9 5 6 1
Drop 0 0 0
Drop 2 0 1
Drop 2 0 0
Tile:9 5 7 1
Map 12 5 0
Tile:9 4 4 1
Tile:8 6 5 0
Tile:8 4 3 1
Tile:6 7 5 0
Tile:7_flip 4 5 1
Tile:6 8 5 0
Tile:9_flip 9 5 1
Tile:10 9 4 0
Tile:7_flip 9 6 1
Malus 0 0 0
Drop 6 0 1
Drop 1 0 0
Map 12 7 1
Drop 1 0 0
Drop 2 0 1
Drop 1 0 0
Drop 0 0 1
Drop 2 0 0
Drop 5 0 1
Drop 2 0 0
Drop 1 0 1
Tile:6 10 6 0
Drop 4 0 1
Drop 4 0 0
Drop 0 0 1
Tile:0 11 6 0
Drop 3 0 1
Tile:8 12 6 0
GAMEOVER WINNER 0
# Game ended: Sun Apr 12 19:10:25 EDT 2020
