# Server version 0.08 running on DESKTOP-R5EVID9:8123
# Game ID: 18
# Board class: Saboteur.SaboteurBoard
# Timeout: 2000
# First Move Timeout: 30000
# Date: Sun Apr 12 17:24:07 EDT 2020
# Player 1: Player-0, '260778557', running on DESKTOP-R5EVID9
# Player 2: Player-1, 'RandomPlayer', running on DESKTOP-R5EVID9
START Player-0 260778557
START Player-1 RandomPlayer
BoardInit:Map,Tile:7,Tile:0,Malus,Tile:1,Destroy,Tile:9,Tile:7,Tile:10,Destroy,Tile:6,Tile:0,Map,Tile:8,Bonus,Tile:10,Map,Tile:10,Tile:4,Tile:8,Tile:6,Tile:13,Tile:2,Tile:9,Tile:0,Tile:7,Tile:9,Tile:8,Tile:8,Tile:0,Map,Tile:7,Destroy,Tile:5,Tile:9,Tile:6,Bonus,Tile:6,Bonus,Tile:5,Tile:5-Tile:6,Tile:7,Tile:14,Bonus,Tile:15,Tile:8,Tile:12-Malus,Tile:11,Tile:9,Map,Tile:3,Map,Tile:5-Tile:hidden2,Tile:nugget,Tile:hidden1
Tile:6 6 5 1
Map 12 3 0
Tile:7 5 4 1
Map 12 5 0
Tile:15 6 4 1
Tile:7 7 5 0
Tile:8 4 5 1
Tile:9 7 6 0
Map 12 5 1
Tile:11 6 3 0
Tile:9 4 4 1
Tile:3_flip 4 6 0
Tile:0 8 6 1
Destroy 8 6 0
Drop 3 0 1
Tile:7_flip 3 5 0
Drop 0 0 1
Drop 4 0 0
Tile:6_flip 8 6 1
Destroy 6 4 0
Map 12 5 1
Tile:10 8 7 0
Tile:10 8 8 1
Malus 0 0 0
Drop 0 0 1
Tile:9 6 4 0
Map 12 5 1
Tile:13 5 6 0
Drop 6 0 1
Tile:8 4 3 0
Drop 1 0 1
Tile:7_flip 5 7 0
Map 12 3 1
Tile:7 6 6 0
Destroy 3 5 1
Tile:8 8 9 0
Drop 3 0 1
Tile:8 7 3 0
Drop 0 0 1
Tile:10 7 7 0
Drop 4 0 1
Tile:5_flip 8 3 0
Bonus 0 0 1
Tile:5_flip 7 8 0
Drop 1 0 1
Tile:6 7 4 0
Tile:5_flip 6 7 1
Tile:0 8 4 0
Tile:8 3 5 1
Drop 1 0 0
Tile:0 7 9 1
Tile:5_flip 5 3 0
Tile:4 5 2 1
Malus 0 0 0
Bonus 0 0 1
GAMEOVER DRAW
# Game ended: Sun Apr 12 17:24:07 EDT 2020
