# Server version 0.08 running on DESKTOP-R5EVID9:8123
# Game ID: 87
# Board class: Saboteur.SaboteurBoard
# Timeout: 2000
# First Move Timeout: 30000
# Date: Sun Apr 12 19:18:33 EDT 2020
# Player 1: Player-0, 'RandomPlayer', running on DESKTOP-R5EVID9
# Player 2: Player-1, 'RandomPlayer', running on DESKTOP-R5EVID9
START Player-0 RandomPlayer
START Player-1 RandomPlayer
BoardInit:Tile:2,Tile:6,Destroy,Tile:7,Tile:9,Tile:10,Tile:3,Bonus,Tile:0,Map,Tile:8,Tile:0,Bonus,Tile:8,Bonus,Tile:5,Tile:9,Tile:7,Tile:14,Tile:6,Destroy,Tile:6,Map,Tile:11,Tile:7,Destroy,Tile:6,Tile:4,Tile:9,Tile:5,Tile:5,Tile:12,Tile:10,Tile:6,Tile:8,Tile:0,Tile:1,Tile:13,Tile:15,Tile:10,Bonus-Map,Malus,Tile:7,Map,Tile:7,Tile:0,Tile:9-Map,Tile:5,Malus,Tile:8,Tile:9,Map,Tile:8-Tile:nugget,Tile:hidden1,Tile:hidden2
Map 12 7 1
Map 12 5 0
Tile:7 6 5 1
Tile:9_flip 6 6 0
Tile:2_flip 6 7 1
Map 12 3 0
Tile:9_flip 7 7 1
Tile:8 5 7 0
Tile:9_flip 7 8 1
Tile:10 7 6 0
Tile:3_flip 7 9 1
Tile:8 5 8 0
Tile:8 4 5 1
Tile:6_flip 4 4 0
Tile:7_flip 4 6 1
Tile:5_flip 8 9 0
Tile:0 6 8 1
Tile:5 3 5 0
Destroy 6 5 1
Tile:7 6 5 0
Tile:9 8 8 1
Tile:8 5 4 0
Destroy 5 8 1
Tile:6 9 8 0
Drop 4 0 1
Tile:7_flip 5 8 0
Tile:14_flip 7 5 1
Tile:6 8 5 0
Tile:7 10 8 1
Tile:0 6 4 0
Tile:9 9 7 1
Drop 3 0 0
Tile:5 4 7 1
Destroy 6 6 0
Tile:10 3 6 1
Tile:6 10 9 0
Drop 3 0 1
Tile:0 9 5 0
Tile:0 10 7 1
Drop 6 0 0
Tile:6 3 4 1
Tile:5 8 4 0
Tile:8 10 5 1
Tile:4 8 7 0
Drop 2 0 1
Drop 3 0 0
Tile:15 3 7 1
Map 12 5 0
Malus 0 0 1
Drop 1 0 0
Drop 1 0 1
Malus 0 0 0
Bonus 0 0 1
Drop 0 0 0
Map 12 5 1
GAMEOVER DRAW
# Game ended: Sun Apr 12 19:18:33 EDT 2020
