# Server version 0.08 running on DESKTOP-R5EVID9:8123
# Game ID: 52
# Board class: Saboteur.SaboteurBoard
# Timeout: 2000
# First Move Timeout: 30000
# Date: Sun Apr 12 19:10:27 EDT 2020
# Player 1: Player-0, '260778557', running on 127.0.0.1
# Player 2: Player-1, 'RandomPlayer', running on 127.0.0.1
START Player-0 260778557
START Player-1 RandomPlayer
BoardInit:Bonus,Tile:15,Tile:7,Tile:5,Tile:0,Tile:3,Tile:10,Destroy,Tile:0,Tile:7,Tile:8,Tile:9,Bonus,Tile:6,Tile:8,Tile:10,Tile:7,Destroy,Tile:6,Tile:2,Tile:0,Tile:0,Map,Tile:10,Tile:9,Destroy,Bonus,Tile:9,Tile:5,Tile:1,Tile:14,Map,Tile:7,Tile:8,Map,Tile:12,Map,Malus,Tile:11,Malus,Map-Tile:7,Bonus,Tile:6,Tile:8,Tile:13,Tile:6,Tile:9-Tile:8,Tile:5,Map,Tile:4,Tile:6,Tile:9,Tile:5-Tile:hidden2,Tile:hidden1,Tile:nugget
Tile:6_flip 4 5 1
Map 12 3 0
Tile:13 4 6 1
Drop 1 0 0
Tile:6_flip 5 4 1
Drop 1 0 0
Tile:9_flip 6 4 1
Drop 3 0 0
Tile:7_flip 3 5 1
Drop 3 0 0
Drop 1 0 1
Drop 3 0 0
Tile:8 4 7 1
Drop 3 0 0
Tile:10 3 4 1
Drop 4 0 0
Tile:0 3 6 1
Tile:8 6 5 0
Drop 1 0 1
Tile:6 7 5 0
Tile:7_flip 4 4 1
Drop 6 0 0
Tile:6_flip 2 6 1
Tile:6 8 5 0
Tile:7_flip 2 7 1
Tile:0 9 5 0
Tile:9 6 6 1
Tile:9 8 4 0
Drop 5 0 1
Tile:9 8 3 0
Tile:5_flip 5 6 1
Drop 6 0 0
Tile:0 5 7 1
Map 12 5 0
Tile:14 9 4 1
Tile:8 10 5 0
Tile:7 7 6 1
Drop 6 0 0
Map 12 5 1
Malus 0 0 0
Drop 0 0 1
Malus 0 0 0
Map 12 7 1
Tile:10 10 4 0
Drop 4 0 1
Tile:10 10 6 0
Map 12 3 1
Tile:9 10 3 0
Drop 0 0 1
Destroy 4 7 0
Drop 0 0 1
Destroy 5 6 0
Bonus 0 0 1
Destroy 8 3 0
Drop 0 0 1
GAMEOVER DRAW
# Game ended: Sun Apr 12 19:10:27 EDT 2020
