# Server version 0.08 running on DESKTOP-R5EVID9:8123
# Game ID: 72
# Board class: Saboteur.SaboteurBoard
# Timeout: 2000
# First Move Timeout: 30000
# Date: Sun Apr 12 19:14:11 EDT 2020
# Player 1: Player-0, '260778557', running on 127.0.0.1
# Player 2: Player-1, 'RandomPlayer', running on 127.0.0.1
START Player-0 260778557
START Player-1 RandomPlayer
BoardInit:Tile:0,Tile:10,Tile:10,Tile:8,Tile:8,Tile:0,Map,Malus,Tile:3,Tile:4,Tile:6,Tile:12,Tile:9,Destroy,Tile:5,Tile:5,Tile:5,Tile:9,Tile:15,Bonus,Map,Tile:7,Tile:8,Tile:2,Bonus,Tile:13,Tile:8,Bonus,Tile:7,Tile:7,Tile:9,Bonus,Tile:5,Tile:1,Tile:6,Tile:0,Tile:7,Tile:6,Tile:7,Tile:6,Tile:10-Map,Map,Map,Tile:8,Destroy,Destroy,Tile:9-Map,Malus,Tile:11,Tile:0,Tile:6,Tile:9,Tile:14-Tile:hidden1,Tile:hidden2,Tile:nugget
Map 12 7 1
Map 12 3 0
Map 12 7 1
Malus 0 0 0
Drop 2 0 1
Drop 0 0 0
Map 12 5 1
Drop 3 0 0
Map 12 5 1
Malus 0 0 0
Drop 4 0 1
Drop 6 0 0
Drop 0 0 1
Drop 6 0 0
Drop 0 0 1
Tile:0 6 5 0
Drop 5 0 1
Drop 6 0 0
Drop 3 0 1
Tile:6 7 5 0
Drop 2 0 1
Tile:8 8 5 0
Map 12 7 1
Drop 6 0 0
Drop 2 0 1
Drop 6 0 0
Drop 0 0 1
Drop 6 0 0
Drop 6 0 1
Tile:0 9 5 0
Drop 1 0 1
Drop 6 0 0
Drop 4 0 1
Tile:9 8 4 0
Drop 3 0 1
Drop 6 0 0
Drop 3 0 1
Tile:0 10 5 0
Drop 6 0 1
Tile:6 11 5 0
Drop 2 0 1
Tile:10 12 4 0
Drop 0 0 1
Tile:9 12 6 0
GAMEOVER WINNER 0
# Game ended: Sun Apr 12 19:14:11 EDT 2020
