# Server version 0.08 running on DESKTOP-R5EVID9:8123
# Game ID: 40
# Board class: Saboteur.SaboteurBoard
# Timeout: 2000
# First Move Timeout: 30000
# Date: Sun Apr 12 18:40:43 EDT 2020
# Player 1: Player-0, '260778557', running on DESKTOP-R5EVID9
# Player 2: Player-1, '260778557', running on DESKTOP-R5EVID9
START Player-0 260778557
START Player-1 260778557
BoardInit:Destroy,Tile:4,Tile:2,Tile:7,Tile:10,Tile:6,Tile:6,Tile:6,Tile:5,Map,Tile:11,Bonus,Map,Tile:6,Tile:1,Tile:5,Tile:10,Tile:7,Tile:0,Tile:9,Tile:7,Map,Tile:7,Tile:13,Tile:9,Tile:9,Tile:6,Tile:3,Tile:8,Tile:5,Tile:8,Tile:8,Tile:10,Tile:0,Map,Tile:15,Bonus,Tile:8,Destroy,Tile:9,Tile:8-Bonus,Tile:5,Map,Map,Bonus,Tile:7,Tile:0-Malus,Destroy,Tile:0,Tile:9,Tile:14,Malus,Tile:12-Tile:nugget,Tile:hidden1,Tile:hidden2
Map 12 3 1
Malus 0 0 0
Bonus 0 0 1
Drop 3 0 0
Tile:5 5 4 1
Malus 0 0 0
Bonus 0 0 1
Drop 3 0 0
Tile:7 6 4 1
Drop 3 0 0
Tile:6 6 5 1
Map 12 3 0
Tile:0 7 5 1
Tile:0 8 5 0
Tile:10 5 6 1
Tile:7 9 5 0
Tile:5 4 5 1
Tile:9 9 6 0
Tile:10 9 7 1
Tile:6 10 6 0
Tile:0 11 6 1
Tile:6 12 6 0
Tile:7 12 4 1
Destroy 4 5 0
Map 12 3 1
Drop 5 0 0
Destroy 5 4 1
Drop 5 0 0
Drop 0 0 1
Drop 6 0 0
Drop 0 0 1
Drop 0 0 0
Drop 0 0 1
Drop 0 0 0
Drop 0 0 1
Drop 0 0 0
Drop 6 0 1
Drop 6 0 0
Drop 0 0 1
Drop 0 0 0
Tile:9 5 4 1
Drop 0 0 0
Tile:6 4 5 1
Drop 0 0 0
Tile:8 3 5 1
Drop 0 0 0
Tile:8 3 4 1
Drop 0 0 0
Tile:10 3 3 1
Drop 0 0 0
Destroy 3 3 1
Drop 0 0 0
Drop 0 0 1
Drop 0 0 0
Drop 0 0 1
GAMEOVER DRAW
# Game ended: Sun Apr 12 18:40:44 EDT 2020
