# Server version 0.08 running on DESKTOP-R5EVID9:8123
# Game ID: 137
# Board class: Saboteur.SaboteurBoard
# Timeout: 2000
# First Move Timeout: 30000
# Date: Sun Apr 12 20:48:41 EDT 2020
# Player 1: Player-0, '260778557', running on DESKTOP-R5EVID9
# Player 2: Player-1, 'RandomPlayer', running on DESKTOP-R5EVID9
START Player-0 260778557
START Player-1 RandomPlayer
BoardInit:Tile:6,Tile:9,Map,Bonus,Tile:9,Tile:5,Destroy,Bonus,Tile:6,Tile:3,Tile:8,Tile:5,Tile:0,Bonus,Destroy,Tile:7,Bonus,Tile:0,Tile:7,Tile:5,Tile:11,Tile:7,Tile:0,Map,Tile:8,Tile:9,Tile:2,Tile:6,Tile:15,Tile:0,Tile:7,Tile:9,Tile:13,Tile:1,Tile:10,Tile:14,Tile:5,Tile:7,Map,Tile:8,Tile:12-Map,Tile:6,Malus,Map,Tile:10,Malus,Map-Tile:6,Tile:8,Tile:10,Destroy,Tile:9,Tile:4,Tile:8-Tile:hidden2,Tile:nugget,Tile:hidden1
Map 12 7 1
Drop 5 0 0
Tile:6 6 5 1
Tile:6 7 5 0
Tile:10 5 6 1
Tile:8 8 5 0
Map 12 5 1
Drop 6 0 0
Tile:9 4 5 1
Tile:8 9 5 0
Tile:6_flip 9 4 1
Drop 6 0 0
Tile:8 5 4 1
Drop 6 0 0
Tile:0 10 5 1
Tile:10 9 6 0
Tile:6_flip 6 4 1
Drop 6 0 0
Destroy 9 5 1
Tile:0 11 5 0
Destroy 9 4 1
Drop 6 0 0
Tile:7 7 4 1
Drop 6 0 0
Tile:11_flip 8 6 1
Map 12 3 0
Map 12 5 1
Tile:9 8 4 0
Tile:0 7 6 1
Tile:6 9 4 0
Malus 0 0 1
Bonus 0 0 0
Tile:2 9 5 1
Tile:0 10 4 0
Drop 0 0 1
Drop 6 0 0
Tile:13 8 3 1
Drop 6 0 0
Tile:7_flip 9 7 1
Drop 6 0 0
Tile:10 5 3 1
Tile:8 10 7 0
Tile:5_flip 10 8 1
Tile:9 8 2 0
Tile:15 8 1 1
Tile:9 4 4 0
Tile:12 9 2 1
Tile:9 5 7 0
Map 12 3 1
Destroy 7 6 0
Map 12 3 1
Drop 0 0 0
Tile:8 11 7 1
Drop 0 0 0
Drop 0 0 1
GAMEOVER DRAW
# Game ended: Sun Apr 12 20:48:41 EDT 2020
