# Server version 0.08 running on DESKTOP-R5EVID9:8123
# Game ID: 104
# Board class: Saboteur.SaboteurBoard
# Timeout: 2000
# First Move Timeout: 30000
# Date: Sun Apr 12 19:36:21 EDT 2020
# Player 1: Player-0, '260778557', running on DESKTOP-R5EVID9
# Player 2: Player-1, 'RandomPlayer', running on DESKTOP-R5EVID9
START Player-0 260778557
START Player-1 RandomPlayer
BoardInit:Tile:0,Map,Tile:2,Map,Tile:15,Tile:0,Tile:8,Tile:8,Tile:11,Map,Tile:10,Tile:10,Tile:6,Bonus,Tile:5,Tile:3,Tile:10,Tile:8,Tile:5,Destroy,Tile:1,Tile:9,Tile:13,Tile:6,Bonus,Tile:4,Tile:5,Tile:7,Tile:12,Tile:8,Tile:7,Tile:6,Tile:7,Tile:8,Tile:14,Destroy,Tile:9,Map,Tile:7,Tile:5,Map-Malus,Tile:9,Tile:0,Bonus,Tile:9,Tile:6,Malus-Tile:0,Bonus,Tile:6,Tile:7,Tile:9,Destroy,Map-Tile:hidden2,Tile:nugget,Tile:hidden1
Tile:9 5 4 1
Map 12 3 0
Malus 0 0 1
Bonus 0 0 0
Tile:2_flip 4 5 1
Map 12 5 0
Tile:15 4 4 1
Tile:0 6 5 0
Tile:6_flip 5 3 1
Tile:6 7 5 0
Malus 0 0 1
Drop 0 0 0
Tile:8 6 3 1
Drop 2 0 0
Tile:9 7 4 1
Bonus 0 0 0
Drop 5 0 1
Tile:0 8 5 0
Drop 1 0 1
Tile:8 9 5 0
Tile:10 9 4 1
Tile:8 10 5 0
Tile:11_flip 10 6 1
Tile:9 10 4 0
Tile:5_flip 6 4 1
Tile:6 11 5 0
GAMEOVER WINNER 0
# Game ended: Sun Apr 12 19:36:21 EDT 2020
