# Server version 0.08 running on DESKTOP-R5EVID9:8123
# Game ID: 48
# Board class: Saboteur.SaboteurBoard
# Timeout: 2000
# First Move Timeout: 30000
# Date: Sun Apr 12 19:02:23 EDT 2020
# Player 1: Player-0, 'RandomPlayer', running on DESKTOP-R5EVID9
# Player 2: Player-1, '260778557', running on DESKTOP-R5EVID9
START Player-0 RandomPlayer
START Player-1 260778557
BoardInit:Tile:9,Tile:10,Tile:4,Tile:6,Tile:9,Bonus,Tile:0,Tile:15,Tile:0,Tile:0,Tile:12,Map,Tile:8,Tile:5,Tile:6,Tile:8,Tile:8,Bonus,Destroy,Tile:9,Tile:5,Tile:7,Tile:14,Tile:5,Malus,Bonus,Map,Bonus,Tile:7,Map,Tile:6,Destroy,Tile:6,Tile:13,Map,Malus,Map,Tile:6,Destroy,Tile:8,Tile:9-Tile:7,Tile:7,Tile:5,Tile:10,Tile:0,Tile:1,Tile:9-Tile:11,Tile:7,Tile:10,Map,Tile:8,Tile:3,Tile:2-Tile:hidden1,Tile:hidden2,Tile:nugget
Drop 0 0 1
Tile:8 5 6 0
Drop 0 0 1
Drop 5 0 0
Drop 0 0 1
Tile:6_flip 6 6 0
Drop 2 0 1
Tile:10 6 7 0
Drop 4 0 1
Drop 2 0 0
Tile:0 6 5 1
Drop 0 0 0
Drop 6 0 1
Tile:15 5 7 0
Tile:0 7 5 1
Tile:5_flip 8 5 0
Tile:10 8 4 1
Tile:8 8 3 0
Tile:0 9 3 1
Tile:7_flip 4 6 0
Tile:8 10 3 1
Map 12 5 0
Drop 6 0 1
Tile:3_flip 10 4 0
Drop 6 0 1
Tile:7_flip 7 3 0
Malus 0 0 1
Drop 3 0 0
Map 12 3 1
Drop 4 0 0
Drop 6 0 1
Bonus 0 0 0
Tile:6 11 4 1
Destroy 11 4 0
Tile:8 11 4 1
Tile:9_flip 5 8 0
Map 12 5 1
Map 12 7 0
Map 12 7 1
Malus 0 0 0
Drop 0 0 1
Drop 2 0 0
Drop 0 0 1
Tile:10 11 5 0
Drop 0 0 1
Drop 1 0 0
Drop 0 0 1
Tile:6_flip 11 3 0
Drop 0 0 1
Tile:8 7 2 0
Drop 0 0 1
Drop 0 0 0
Drop 0 0 1
Tile:13 13 3 0
Drop 0 0 1
GAMEOVER DRAW
# Game ended: Sun Apr 12 19:02:23 EDT 2020
