# Server version 0.08 running on DESKTOP-R5EVID9:8123
# Game ID: 122
# Board class: Saboteur.SaboteurBoard
# Timeout: 2000
# First Move Timeout: 30000
# Date: Sun Apr 12 19:58:56 EDT 2020
# Player 1: Player-0, 'RandomPlayer', running on DESKTOP-R5EVID9
# Player 2: Player-1, '260778557', running on DESKTOP-R5EVID9
START Player-0 RandomPlayer
START Player-1 260778557
BoardInit:Tile:8,Tile:0,Map,Tile:6,Map,Tile:7,Tile:0,Map,Tile:6,Tile:10,Tile:7,Tile:9,Tile:8,Tile:9,Map,Tile:9,Tile:7,Tile:11,Tile:9,Tile:13,Tile:0,Tile:5,Tile:8,Bonus,Tile:10,Tile:6,Tile:8,Tile:2,Destroy,Map,Tile:5,Malus,Bonus,Tile:6,Tile:9,Destroy,Tile:10,Tile:3,Tile:8,Tile:7,Tile:5-Map,Bonus,Tile:15,Tile:7,Bonus,Destroy,Malus-Tile:5,Tile:6,Tile:14,Tile:12,Tile:4,Tile:0,Tile:1-Tile:hidden1,Tile:hidden2,Tile:nugget
Map 12 3 1
Tile:5 4 5 0
Drop 1 0 1
Tile:6_flip 6 5 0
Map 12 5 1
Tile:4_flip 4 6 0
Map 12 7 1
Drop 6 0 0
Tile:8 6 6 1
Tile:6_flip 5 4 0
Tile:0 7 6 1
Tile:1 7 5 0
Tile:6 8 6 1
Tile:0 9 6 0
Tile:8 10 6 1
Tile:9 5 6 0
Drop 1 0 1
Tile:9_flip 11 6 0
Malus 0 0 1
Drop 3 0 0
Tile:9 11 7 1
GAMEOVER WINNER 1
# Game ended: Sun Apr 12 19:58:56 EDT 2020
