# Server version 0.08 running on DESKTOP-R5EVID9:8123
# Game ID: 47
# Board class: Saboteur.SaboteurBoard
# Timeout: 2000
# First Move Timeout: 30000
# Date: Sun Apr 12 19:02:17 EDT 2020
# Player 1: Player-0, '260778557', running on DESKTOP-R5EVID9
# Player 2: Player-1, 'RandomPlayer', running on DESKTOP-R5EVID9
START Player-0 260778557
START Player-1 RandomPlayer
BoardInit:Tile:6,Tile:6,Bonus,Malus,Map,Tile:6,Tile:10,Tile:8,Tile:5,Bonus,Tile:2,Tile:9,Tile:9,Tile:5,Tile:8,Tile:8,Tile:7,Destroy,Tile:15,Destroy,Tile:10,Tile:12,Tile:3,Tile:9,Tile:10,Tile:7,Destroy,Tile:9,Tile:6,Tile:0,Map,Tile:0,Tile:11,Map,Tile:9,Tile:14,Tile:5,Bonus,Tile:1,Malus,Tile:6-Tile:8,Tile:7,Tile:7,Tile:5,Tile:13,Tile:0,Map-Map,Bonus,Tile:4,Tile:0,Tile:8,Tile:7,Map-Tile:hidden1,Tile:nugget,Tile:hidden2
Tile:13 4 5 1
Map 12 3 0
Drop 5 0 1
Map 12 5 0
Drop 1 0 1
Tile:0 6 5 0
Drop 4 0 1
Tile:8 7 5 0
Tile:10 4 4 1
Tile:6 8 5 0
Tile:5_flip 7 6 1
Tile:6 9 5 0
Tile:8 8 4 1
Tile:8 10 5 0
Tile:5_flip 11 5 1
Drop 1 0 0
Tile:9_flip 9 4 1
Drop 1 0 0
Drop 1 0 1
Malus 0 0 0
Drop 6 0 1
Tile:9 4 3 0
Map 12 3 1
Tile:5 4 2 0
Drop 5 0 1
Tile:8 5 2 0
Drop 0 0 1
Destroy 4 2 0
Drop 5 0 1
Destroy 4 3 0
Bonus 0 0 1
Drop 2 0 0
Tile:8 4 6 1
Drop 3 0 0
Tile:7 6 2 1
Drop 6 0 0
Tile:11 10 4 1
Drop 6 0 0
Destroy 8 4 1
Drop 0 0 0
Tile:9 5 4 1
Malus 0 0 0
Drop 4 0 1
Drop 0 0 0
Drop 1 0 1
Drop 0 0 0
Map 12 5 1
Drop 0 0 0
Drop 0 0 1
Drop 0 0 0
Drop 0 0 1
Drop 0 0 0
Drop 1 0 1
Drop 0 0 0
Drop 0 0 1
GAMEOVER DRAW
# Game ended: Sun Apr 12 19:02:17 EDT 2020
