# Server version 0.08 running on DESKTOP-R5EVID9:8123
# Game ID: 5
# Board class: Saboteur.SaboteurBoard
# Timeout: 2000
# First Move Timeout: 30000
# Date: Sun Apr 12 16:23:38 EDT 2020
# Player 1: Player-0, '260778557', running on DESKTOP-R5EVID9
# Player 2: Player-1, 'RandomPlayer', running on DESKTOP-R5EVID9
START Player-0 260778557
START Player-1 RandomPlayer
BoardInit:Map,Bonus,Tile:1,Tile:3,Tile:8,Tile:4,Tile:2,Destroy,Tile:9,Map,Tile:6,Tile:8,Map,Tile:5,Tile:8,Tile:0,Tile:11,Tile:10,Tile:6,Tile:10,Tile:9,Tile:8,Tile:9,Tile:6,Tile:6,Tile:7,Tile:0,Destroy,Tile:14,Map,Tile:9,Bonus,Tile:5,Tile:5,Tile:15,Tile:7,Tile:7,Tile:7,Tile:7,Tile:5,Tile:10-Bonus,Tile:12,Tile:8,Tile:6,Tile:9,Malus,Destroy-Tile:0,Map,Bonus,Map,Malus,Tile:0,Tile:13-Tile:hidden1,Tile:hidden2,Tile:nugget
Tile:8 5 4 1
Map 12 3 0
Tile:9_flip 5 3 1
Map 12 5 0
Tile:1 4 4 1
Malus 0 0 0
Malus 0 0 1
Bonus 0 0 0
Destroy 4 4 1
Drop 2 0 0
Drop 1 0 1
Map 12 7 0
Drop 6 0 1
GAMEOVER ILLEGAL MOVE: Player 1, CardUsed: (Drop), PosOfUse: (3, 0) WINNER 1
# Game ended: Sun Apr 12 16:23:38 EDT 2020
