# Server version 0.08 running on DESKTOP-R5EVID9:8123
# Game ID: 74
# Board class: Saboteur.SaboteurBoard
# Timeout: 2000
# First Move Timeout: 30000
# Date: Sun Apr 12 19:16:02 EDT 2020
# Player 1: Player-0, '260778557', running on 127.0.0.1
# Player 2: Player-1, 'RandomPlayer', running on 127.0.0.1
START Player-0 260778557
START Player-1 RandomPlayer
BoardInit:Tile:13,Destroy,Tile:9,Tile:5,Tile:9,Tile:7,Tile:0,Tile:5,Map,Tile:0,Tile:7,Tile:12,Tile:6,Tile:6,Tile:15,Map,Tile:6,Tile:7,Tile:11,Bonus,Malus,Tile:2,Bonus,Destroy,Map,Tile:1,Tile:7,Tile:8,Tile:6,Tile:8,Malus,Tile:10,Map,Tile:9,Bonus,Tile:14,Tile:10,Tile:0,Tile:4,Tile:10,Tile:8-Map,Tile:6,Tile:5,Map,Tile:3,Tile:5,Tile:8-Destroy,Tile:8,Tile:0,Tile:7,Bonus,Tile:9,Tile:9-Tile:nugget,Tile:hidden2,Tile:hidden1
Tile:5 4 5 1
Drop 3 0 0
Tile:5_flip 6 5 1
Tile:8 6 4 0
Tile:8 6 3 1
Drop 6 0 0
Map 12 5 1
Drop 6 0 0
Map 12 3 1
Drop 6 0 0
Tile:13 5 4 1
Tile:0 7 4 0
Tile:9 5 3 1
Drop 6 0 0
Tile:6 4 6 1
Tile:0 8 4 0
Tile:9_flip 6 2 1
Map 12 3 0
Tile:3_flip 4 4 1
Tile:6 9 4 0
Tile:11 5 2 1
Tile:9 9 3 0
Tile:7 9 2 1
Tile:9 8 2 0
Tile:6_flip 3 6 1
Drop 3 0 0
Tile:6 7 3 1
Drop 4 0 0
Tile:15 7 2 1
Tile:8 10 3 0
Tile:0 2 6 1
Tile:8 11 3 0
GAMEOVER WINNER 0
# Game ended: Sun Apr 12 19:16:02 EDT 2020
