# Server version 0.08 running on DESKTOP-R5EVID9:8123
# Game ID: 85
# Board class: Saboteur.SaboteurBoard
# Timeout: 2000
# First Move Timeout: 30000
# Date: Sun Apr 12 19:18:18 EDT 2020
# Player 1: Player-0, 'RandomPlayer', running on DESKTOP-R5EVID9
# Player 2: Player-1, '260778557', running on DESKTOP-R5EVID9
START Player-0 RandomPlayer
START Player-1 260778557
BoardInit:Tile:6,Tile:6,Tile:3,Map,Tile:9,Tile:9,Map,Tile:8,Tile:7,Tile:9,Tile:12,Tile:10,Tile:2,Tile:10,Tile:6,Tile:0,Tile:1,Tile:5,Bonus,Malus,Tile:9,Destroy,Tile:7,Tile:7,Destroy,Tile:6,Tile:6,Tile:5,Tile:5,Tile:0,Map,Tile:0,Tile:8,Destroy,Tile:8,Map,Tile:13,Tile:0,Bonus,Tile:15,Tile:5-Tile:9,Tile:10,Tile:4,Tile:7,Map,Tile:8,Malus-Map,Tile:11,Tile:8,Tile:14,Tile:7,Bonus,Bonus-Tile:hidden2,Tile:hidden1,Tile:nugget
Map 12 3 1
Drop 3 0 0
Drop 2 0 1
Map 12 3 0
Drop 2 0 1
Tile:11_flip 6 5 0
Malus 0 0 1
Bonus 0 0 0
Map 12 5 1
Tile:6 4 5 0
Drop 4 0 1
Tile:9 5 4 0
Drop 5 0 1
Tile:9_flip 6 4 0
Drop 5 0 1
Drop 2 0 0
Drop 5 0 1
Tile:0 3 5 0
Drop 6 0 1
Map 12 7 0
Tile:9 6 6 1
Tile:7 6 3 0
Tile:8 7 6 1
Tile:5_flip 6 7 0
Drop 6 0 1
Tile:10 7 7 0
Tile:10 7 5 1
Destroy 6 7 0
Tile:6 8 6 1
Drop 2 0 0
Drop 6 0 1
Tile:7_flip 7 8 0
Map 12 7 1
Tile:0 2 5 0
Tile:6 9 6 1
Tile:0 1 5 0
Tile:6 10 6 1
Destroy 6 5 0
Tile:8 11 6 1
Tile:6 0 5 0
Tile:9 11 7 1
Drop 1 0 0
Tile:8 12 6 1
Tile:15 11 5 0
Tile:9 11 8 1
Tile:5 8 5 0
Drop 2 0 1
Drop 0 0 0
Drop 3 0 1
Malus 0 0 0
Bonus 0 0 1
Map 12 3 0
Drop 0 0 1
Tile:0 8 8 0
Drop 0 0 1
GAMEOVER DRAW
# Game ended: Sun Apr 12 19:18:18 EDT 2020
