# Server version 0.08 running on DESKTOP-R5EVID9:8123
# Game ID: 53
# Board class: Saboteur.SaboteurBoard
# Timeout: 2000
# First Move Timeout: 30000
# Date: Sun Apr 12 19:13:03 EDT 2020
# Player 1: Player-0, '260778557', running on 127.0.0.1
# Player 2: Player-1, 'RandomPlayer', running on 127.0.0.1
START Player-0 260778557
START Player-1 RandomPlayer
BoardInit:Bonus,Map,Tile:11,Tile:15,Tile:14,Tile:0,Bonus,Tile:2,Map,Malus,Tile:10,Destroy,Tile:6,Tile:0,Tile:7,Tile:0,Malus,Tile:5,Tile:5,Tile:8,Tile:8,Tile:6,Bonus,Tile:12,Destroy,Tile:6,Tile:10,Tile:7,Tile:7,Tile:13,Map,Tile:4,Tile:3,Tile:1,Tile:5,Tile:8,Map,Tile:7,Destroy,Tile:0,Map-Tile:9,Tile:6,Tile:8,Tile:9,Tile:10,Tile:8,Tile:9-Tile:9,Tile:6,Tile:9,Map,Tile:7,Bonus,Tile:5-Tile:nugget,Tile:hidden2,Tile:hidden1
Tile:9_flip 5 6 1
Map 12 3 0
Tile:9 5 7 1
Tile:9 5 4 0
Tile:6_flip 6 4 1
Tile:6 7 4 0
Tile:8 5 8 1
Tile:9 7 3 0
Tile:14 8 4 1
Tile:0 4 5 0
Drop 3 0 1
Drop 0 0 0
Tile:11 7 2 1
Drop 1 0 0
Tile:6 3 5 1
Tile:0 8 2 0
Tile:7 6 8 1
Tile:0 9 2 0
Tile:10 3 4 1
Drop 1 0 0
Tile:10 7 1 1
Tile:8 10 2 0
Tile:5 10 1 1
Tile:6 10 3 0
Tile:8 6 9 1
Drop 1 0 0
Tile:9 5 9 1
Tile:6 11 3 0
Destroy 5 7 1
Drop 1 0 0
Tile:8 11 2 1
Malus 0 0 0
Drop 2 0 1
Drop 2 0 0
Map 12 5 1
Drop 2 0 0
Drop 0 0 1
Destroy 3 4 0
Drop 6 0 1
Drop 1 0 0
Destroy 10 2 1
Tile:8 12 2 0
Drop 0 0 1
Tile:0 13 2 0
Drop 4 0 1
Drop 1 0 0
Map 12 3 1
Drop 1 0 0
Map 12 7 1
Drop 1 0 0
Drop 0 0 1
Drop 1 0 0
Drop 1 0 1
Drop 0 0 0
Drop 0 0 1
GAMEOVER DRAW
# Game ended: Sun Apr 12 19:13:03 EDT 2020
