# Server version 0.08 running on DESKTOP-R5EVID9:8123
# Game ID: 64
# Board class: Saboteur.SaboteurBoard
# Timeout: 2000
# First Move Timeout: 30000
# Date: Sun Apr 12 19:14:01 EDT 2020
# Player 1: Player-0, '260778557', running on 127.0.0.1
# Player 2: Player-1, 'RandomPlayer', running on 127.0.0.1
START Player-0 260778557
START Player-1 RandomPlayer
BoardInit:Tile:7,Tile:6,Tile:9,Tile:9,Tile:8,Map,Tile:0,Tile:6,Bonus,Tile:9,Tile:9,Tile:0,Tile:9,Tile:3,Malus,Tile:5,Tile:7,Bonus,Tile:5,Map,Map,Tile:0,Tile:4,Bonus,Tile:0,Tile:7,Tile:2,Tile:8,Tile:10,Tile:10,Tile:13,Destroy,Tile:5,Tile:10,Tile:6,Tile:12,Tile:5,Bonus,Tile:1,Tile:6,Map-Tile:6,Destroy,Tile:8,Map,Tile:8,Tile:7,Destroy-Map,Tile:15,Tile:11,Tile:8,Tile:14,Malus,Tile:7-Tile:nugget,Tile:hidden2,Tile:hidden1
Drop 3 0 1
Map 12 3 0
Tile:6 6 5 1
Tile:8 6 4 0
Tile:9_flip 7 4 1
Tile:9 7 3 0
Drop 2 0 1
Tile:6 8 3 0
Tile:8 7 5 1
Tile:6 9 3 0
Tile:7 6 3 1
Tile:9 9 2 0
Tile:8 5 4 1
Tile:0 10 3 0
Tile:7 7 2 1
Drop 0 0 0
Tile:9_flip 9 1 1
Drop 0 0 0
Tile:9_flip 8 5 1
Drop 0 0 0
Destroy 7 4 1
Malus 0 0 0
Destroy 8 3 1
Tile:0 11 3 0
Drop 0 0 1
Drop 0 0 0
Map 12 7 1
Drop 0 0 0
Drop 2 0 1
Tile:8 8 3 0
Drop 4 0 1
Drop 0 0 0
Drop 6 0 1
Tile:5 5 3 0
Drop 4 0 1
Map 12 3 0
Drop 3 0 1
Tile:7 9 0 0
Bonus 0 0 1
Tile:10 5 6 0
Tile:6_flip 4 5 1
Destroy 4 5 0
Tile:5 4 5 1
Drop 3 0 0
Tile:5_flip 10 2 1
Drop 0 0 0
Tile:1 4 4 1
Drop 0 0 0
Tile:10 8 4 1
GAMEOVER WINNER 1
# Game ended: Sun Apr 12 19:14:01 EDT 2020
