# Server version 0.08 running on DESKTOP-R5EVID9:8123
# Game ID: 14
# Board class: Saboteur.SaboteurBoard
# Timeout: 2000
# First Move Timeout: 30000
# Date: Sun Apr 12 17:16:30 EDT 2020
# Player 1: Player-0, 'RandomPlayer', running on DESKTOP-R5EVID9
# Player 2: Player-1, '260778557', running on DESKTOP-R5EVID9
START Player-0 RandomPlayer
START Player-1 260778557
BoardInit:Bonus,Tile:5,Tile:3,Bonus,Tile:5,Tile:8,Tile:9,Tile:9,Bonus,Bonus,Tile:13,Map,Map,Tile:6,Destroy,Tile:7,Malus,Tile:9,Tile:5,Tile:0,Tile:10,Tile:6,Tile:0,Tile:9,Tile:8,Malus,Tile:15,Tile:0,Tile:9,Map,Tile:7,Tile:2,Tile:0,Map,Tile:1,Tile:6,Map,Tile:7,Tile:11,Map,Tile:4-Tile:8,Destroy,Tile:5,Destroy,Tile:6,Tile:8,Tile:7-Tile:10,Tile:12,Tile:14,Tile:7,Tile:10,Tile:6,Tile:8-Tile:nugget,Tile:hidden2,Tile:hidden1
Tile:8 6 5 1
Drop 5 0 0
Tile:6 7 5 1
Tile:14_flip 4 5 0
Drop 6 0 1
Drop 1 0 0
Tile:8 8 5 1
Tile:5_flip 6 6 0
Tile:7 9 5 1
Tile:9_flip 5 4 0
Tile:9 9 6 1
Drop 1 0 0
Drop 6 0 1
Tile:8 5 6 0
Map 12 3 1
Tile:10 8 6 0
GAMEOVER ILLEGAL MOVE: Player 0, CardUsed: (Tile:6_flip), PosOfUse: (5, 3) WINNER 0
# Game ended: Sun Apr 12 17:16:30 EDT 2020
