# Server version 0.08 running on DESKTOP-R5EVID9:8123
# Game ID: 69
# Board class: Saboteur.SaboteurBoard
# Timeout: 2000
# First Move Timeout: 30000
# Date: Sun Apr 12 19:14:07 EDT 2020
# Player 1: Player-0, 'RandomPlayer', running on 127.0.0.1
# Player 2: Player-1, '260778557', running on 127.0.0.1
START Player-0 RandomPlayer
START Player-1 260778557
BoardInit:Map,Tile:6,Tile:0,Tile:7,Tile:8,Tile:9,Tile:15,Tile:7,Tile:9,Map,Tile:5,Tile:5,Bonus,Tile:8,Tile:2,Map,Tile:9,Tile:6,Tile:14,Tile:0,Tile:6,Bonus,Tile:8,Destroy,Map,Bonus,Map,Tile:6,Tile:7,Tile:12,Tile:0,Malus,Tile:11,Tile:7,Tile:10,Tile:7,Malus,Tile:8,Tile:6,Tile:5,Destroy-Tile:13,Tile:3,Map,Tile:1,Tile:4,Tile:0,Tile:5-Tile:10,Tile:10,Tile:9,Tile:8,Destroy,Tile:9,Bonus-Tile:nugget,Tile:hidden2,Tile:hidden1
Map 12 3 1
Tile:9_flip 5 4 0
Tile:0 6 5 1
Destroy 5 4 0
Tile:0 7 5 1
Drop 4 0 0
Tile:8 8 5 1
Tile:10 8 4 0
Drop 0 0 1
Tile:9 8 6 0
Tile:9 8 3 1
Tile:7 9 3 0
Drop 0 0 1
Tile:5 4 5 0
Drop 0 0 1
Tile:8 4 6 0
Drop 0 0 1
Tile:6_flip 9 5 0
Tile:9 8 2 1
Tile:8 3 6 0
Drop 0 0 1
Tile:6_flip 2 6 0
Tile:6 9 2 1
Tile:10 8 7 0
Tile:8 10 2 1
Tile:9 10 1 0
Drop 0 0 1
Tile:7_flip 9 4 0
Drop 0 0 1
Map 12 5 0
Drop 0 0 1
Destroy 8 4 0
Tile:0 11 2 1
Tile:6_flip 12 2 0
Drop 1 0 1
Tile:7 3 5 0
Drop 1 0 1
Tile:7 10 0 0
Drop 1 0 1
Tile:8 9 0 0
Drop 1 0 1
Drop 6 0 0
Tile:7 5 4 1
Malus 0 0 0
Bonus 0 0 1
Drop 3 0 0
Tile:11 2 7 1
Tile:12_flip 2 5 0
Tile:10 2 8 1
Tile:0 10 5 0
Malus 0 0 1
Map 12 3 0
Tile:6 1 6 1
Drop 0 0 0
Drop 0 0 1
GAMEOVER DRAW
# Game ended: Sun Apr 12 19:14:07 EDT 2020
