# Server version 0.08 running on DESKTOP-R5EVID9:8123
# Game ID: 114
# Board class: Saboteur.SaboteurBoard
# Timeout: 2000
# First Move Timeout: 30000
# Date: Sun Apr 12 19:56:18 EDT 2020
# Player 1: Player-0, 'RandomPlayer', running on DESKTOP-R5EVID9
# Player 2: Player-1, '260778557', running on DESKTOP-R5EVID9
START Player-0 RandomPlayer
START Player-1 260778557
BoardInit:Destroy,Bonus,Tile:15,Tile:4,Tile:5,Tile:7,Tile:3,Tile:2,Tile:9,Tile:10,Malus,Tile:7,Tile:6,Tile:0,Destroy,Tile:5,Tile:9,Tile:13,Tile:5,Tile:7,Map,Tile:6,Malus,Tile:9,Tile:8,Tile:5,Tile:9,Bonus,Tile:10,Destroy,Tile:6,Tile:8,Tile:1,Tile:7,Tile:0,Tile:11,Tile:0,Tile:6,Tile:10,Map,Tile:14-Tile:12,Map,Bonus,Tile:8,Map,Map,Tile:8-Tile:7,Tile:0,Tile:8,Tile:6,Tile:9,Map,Bonus-Tile:hidden1,Tile:hidden2,Tile:nugget
Map 12 3 1
Tile:9_flip 5 4 0
Map 12 5 1
Tile:6_flip 5 3 0
Map 12 7 1
Tile:8 6 3 0
Tile:8 5 6 1
Tile:7 6 5 0
Tile:8 5 7 1
Map 12 3 0
Tile:9 5 8 1
Drop 1 0 0
Drop 0 0 1
Tile:7_flip 4 3 0
Tile:6 6 7 1
Tile:0 4 7 0
Drop 2 0 1
Tile:7 4 2 0
Tile:9 3 7 1
Drop 0 0 0
Drop 2 0 1
Tile:2 7 7 0
Drop 2 0 1
Tile:6_flip 7 3 0
Malus 0 0 1
Drop 2 0 0
Tile:8 8 7 1
Drop 0 0 0
Tile:9 8 6 1
Drop 6 0 0
Tile:10 8 8 1
Destroy 3 7 0
Tile:6 9 7 1
Drop 6 0 0
Drop 3 0 1
Drop 3 0 0
Tile:0 10 7 1
Drop 3 0 0
Tile:0 11 7 1
Drop 6 0 0
Destroy 4 2 1
Drop 6 0 0
Destroy 4 3 1
Drop 1 0 0
Drop 1 0 1
Drop 3 0 0
Malus 0 0 1
Drop 0 0 0
Drop 1 0 1
Drop 2 0 0
Drop 2 0 1
Drop 0 0 0
Drop 0 0 1
Drop 0 0 0
Drop 0 0 1
GAMEOVER DRAW
# Game ended: Sun Apr 12 19:56:18 EDT 2020
