# Server version 0.08 running on DESKTOP-R5EVID9:8123
# Game ID: 121
# Board class: Saboteur.SaboteurBoard
# Timeout: 2000
# First Move Timeout: 30000
# Date: Sun Apr 12 19:58:49 EDT 2020
# Player 1: Player-0, '260778557', running on DESKTOP-R5EVID9
# Player 2: Player-1, 'RandomPlayer', running on DESKTOP-R5EVID9
START Player-0 260778557
START Player-1 RandomPlayer
BoardInit:Tile:7,Tile:9,Tile:6,Tile:7,Tile:0,Malus,Map,Tile:2,Tile:7,Tile:5,Map,Tile:8,Destroy,Tile:5,Tile:8,Tile:6,Tile:9,Destroy,Destroy,Tile:1,Tile:9,Tile:0,Tile:6,Tile:4,Map,Tile:9,Bonus,Tile:11,Tile:0,Tile:9,Bonus,Map,Map,Tile:10,Tile:8,Tile:5,Tile:7,Tile:8,Tile:15,Tile:10,Tile:14-Bonus,Tile:6,Tile:5,Tile:7,Tile:12,Tile:8,Tile:10-Tile:6,Malus,Tile:13,Map,Tile:3,Bonus,Tile:0-Tile:hidden1,Tile:nugget,Tile:hidden2
Tile:6 6 5 1
Map 12 3 0
Tile:12 7 5 1
Malus 0 0 0
Drop 4 0 1
Drop 1 0 0
Drop 3 0 1
Drop 1 0 0
Map 12 5 1
Drop 4 0 0
Bonus 0 0 1
Malus 0 0 0
Drop 4 0 1
Drop 4 0 0
Destroy 7 5 1
Drop 4 0 0
Map 12 7 1
Drop 5 0 0
Drop 3 0 1
Tile:6 7 5 0
Drop 4 0 1
Drop 6 0 0
Drop 5 0 1
Tile:0 8 5 0
Drop 2 0 1
Drop 6 0 0
Drop 3 0 1
Tile:8 9 5 0
Drop 6 0 1
Drop 6 0 0
Map 12 3 1
Tile:6 10 5 0
Drop 4 0 1
Map 12 5 0
Drop 4 0 1
Tile:0 11 5 0
GAMEOVER WINNER 0
# Game ended: Sun Apr 12 19:58:49 EDT 2020
