# Server version 0.08 running on DESKTOP-R5EVID9:8123
# Game ID: 134
# Board class: Saboteur.SaboteurBoard
# Timeout: 2000
# First Move Timeout: 30000
# Date: Sun Apr 12 20:46:28 EDT 2020
# Player 1: Player-0, 'RandomPlayer', running on DESKTOP-R5EVID9
# Player 2: Player-1, '260778557', running on DESKTOP-R5EVID9
START Player-0 RandomPlayer
START Player-1 260778557
BoardInit:Tile:8,Tile:5,Tile:8,Tile:8,Tile:6,Tile:10,Tile:10,Tile:6,Tile:5,Tile:9,Tile:9,Tile:6,Tile:1,Tile:10,Tile:6,Tile:0,Tile:0,Tile:13,Tile:5,Destroy,Tile:11,Tile:7,Tile:9,Tile:3,Tile:7,Tile:7,Tile:2,Destroy,Map,Bonus,Tile:9,Map,Map,Bonus,Tile:14,Tile:5,Malus,Tile:8,Destroy,Tile:7,Malus-Tile:8,Map,Tile:7,Map,Tile:4,Tile:12,Tile:0-Tile:15,Tile:9,Tile:6,Bonus,Map,Bonus,Tile:0-Tile:hidden2,Tile:nugget,Tile:hidden1
Map 12 3 1
Tile:9 5 4 0
Map 12 5 1
Drop 1 0 0
Tile:8 6 5 1
Tile:15 6 6 0
Tile:0 7 5 1
Tile:5 5 3 0
Tile:8 8 5 1
Drop 2 0 0
Tile:8 9 5 1
Tile:6 4 5 0
Tile:6 10 5 1
Tile:8 6 4 0
Tile:10 10 4 1
Tile:9 10 3 0
Tile:6 11 5 1
GAMEOVER WINNER 1
# Game ended: Sun Apr 12 20:46:28 EDT 2020
