# Server version 0.08 running on DESKTOP-R5EVID9:8123
# Game ID: 144
# Board class: Saboteur.SaboteurBoard
# Timeout: 2000
# First Move Timeout: 30000
# Date: Sun Apr 12 20:49:12 EDT 2020
# Player 1: Player-0, '260778557', running on DESKTOP-R5EVID9
# Player 2: Player-1, 'RandomPlayer', running on DESKTOP-R5EVID9
START Player-0 260778557
START Player-1 RandomPlayer
BoardInit:Bonus,Destroy,Tile:7,Tile:10,Map,Tile:15,Tile:7,Tile:6,Tile:5,Tile:6,Tile:8,Tile:6,Tile:7,Tile:8,Tile:0,Bonus,Tile:7,Malus,Tile:0,Map,Tile:11,Tile:8,Tile:0,Tile:9,Destroy,Tile:13,Tile:5,Tile:2,Map,Destroy,Tile:14,Tile:8,Tile:8,Map,Tile:6,Tile:5,Tile:0,Bonus,Tile:9,Tile:10,Map-Tile:10,Tile:9,Tile:4,Map,Tile:6,Bonus,Tile:7-Tile:9,Tile:5,Tile:9,Tile:12,Tile:1,Malus,Tile:3-Tile:hidden1,Tile:hidden2,Tile:nugget
Map 12 3 1
Drop 1 0 0
Tile:7_flip 5 6 1
Drop 2 0 0
Tile:7 6 5 1
Drop 2 0 0
Drop 2 0 1
Malus 0 0 0
Drop 6 0 1
Drop 2 0 0
Bonus 0 0 1
Drop 4 0 0
Tile:5 4 5 1
Tile:6 6 6 0
Map 12 5 1
Tile:6 7 6 0
Drop 6 0 1
Tile:9 7 5 0
Tile:6_flip 8 5 1
Malus 0 0 0
Drop 2 0 1
Map 12 3 0
Drop 0 0 1
Tile:6 9 5 0
Drop 2 0 1
Tile:8 10 5 0
Destroy 6 5 1
Drop 6 0 0
Drop 5 0 1
Drop 6 0 0
Map 12 3 1
Tile:8 11 5 0
Drop 6 0 1
Tile:9 12 4 0
Drop 3 0 1
Map 12 7 0
Drop 3 0 1
Tile:10 12 6 0
GAMEOVER WINNER 0
# Game ended: Sun Apr 12 20:49:12 EDT 2020
