# Server version 0.08 running on DESKTOP-R5EVID9:8123
# Game ID: 99
# Board class: Saboteur.SaboteurBoard
# Timeout: 2000
# First Move Timeout: 30000
# Date: Sun Apr 12 19:32:02 EDT 2020
# Player 1: Player-0, '260778557', running on DESKTOP-R5EVID9
# Player 2: Player-1, 'RandomPlayer', running on DESKTOP-R5EVID9
START Player-0 260778557
START Player-1 RandomPlayer
BoardInit:Tile:15,Tile:8,Tile:9,Tile:0,Tile:8,Tile:10,Tile:4,Tile:9,Malus,Malus,Tile:7,Bonus,Tile:6,Map,Tile:0,Tile:5,Tile:0,Tile:6,Tile:14,Tile:7,Map,Tile:9,Tile:2,Bonus,Tile:5,Tile:13,Tile:10,Tile:10,Map,Destroy,Bonus,Map,Bonus,Tile:0,Tile:9,Map,Destroy,Tile:8,Tile:9,Tile:8,Map-Tile:5,Tile:7,Tile:7,Tile:6,Tile:6,Tile:11,Tile:5-Tile:12,Tile:6,Destroy,Tile:8,Tile:3,Tile:1,Tile:7-Tile:nugget,Tile:hidden2,Tile:hidden1
Tile:7 5 4 1
Drop 0 0 0
Tile:6_flip 4 5 1
Drop 3 0 0
Tile:11 5 6 1
Drop 3 0 0
Tile:6 3 5 1
Tile:6 6 5 0
Tile:9_flip 4 6 1
Tile:8 7 5 0
Tile:5 6 4 1
Malus 0 0 0
Malus 0 0 1
Bonus 0 0 0
Drop 0 0 1
Map 12 3 0
Drop 5 0 1
Tile:7 7 4 0
Drop 3 0 1
Tile:8 8 5 0
Drop 2 0 1
Tile:0 9 5 0
Map 12 7 1
Tile:6 10 5 0
Drop 2 0 1
Tile:10 10 4 0
Drop 0 0 1
Tile:9 10 3 0
Drop 5 0 1
Tile:7 11 3 0
Map 12 3 1
Destroy 3 5 0
Drop 4 0 1
Tile:5 3 5 0
Drop 4 0 1
Tile:9 3 6 0
Drop 3 0 1
Tile:13 3 7 0
Destroy 4 5 1
Tile:10 3 8 0
Drop 4 0 1
Destroy 3 5 0
Map 12 7 1
Drop 1 0 0
Drop 4 0 1
Drop 2 0 0
Drop 3 0 1
Drop 0 0 0
Drop 0 0 1
Drop 0 0 0
Drop 0 0 1
Drop 0 0 0
Drop 1 0 1
Drop 0 0 0
Drop 0 0 1
GAMEOVER DRAW
# Game ended: Sun Apr 12 19:32:03 EDT 2020
