# Server version 0.08 running on DESKTOP-R5EVID9:8123
# Game ID: 29
# Board class: Saboteur.SaboteurBoard
# Timeout: 2000
# First Move Timeout: 30000
# Date: Sun Apr 12 17:31:06 EDT 2020
# Player 1: Player-0, 'RandomPlayer', running on DESKTOP-R5EVID9
# Player 2: Player-1, '260778557', running on DESKTOP-R5EVID9
START Player-0 RandomPlayer
START Player-1 260778557
BoardInit:Tile:10,Tile:7,Tile:6,Bonus,Tile:9,Malus,Tile:11,Tile:5,Bonus,Map,Tile:9,Tile:15,Tile:6,Map,Destroy,Malus,Tile:5,Map,Tile:8,Map,Tile:0,Tile:3,Map,Tile:10,Destroy,Tile:8,Tile:9,Tile:4,Tile:5,Tile:7,Tile:6,Tile:1,Tile:6,Tile:0,Tile:2,Tile:8,Tile:12,Tile:14,Tile:0,Tile:9,Bonus-Tile:5,Map,Tile:7,Bonus,Tile:10,Tile:9,Tile:13-Tile:8,Tile:8,Tile:7,Tile:6,Tile:0,Tile:7,Destroy-Tile:hidden1,Tile:nugget,Tile:hidden2
Map 12 3 1
Tile:7 5 4 0
Drop 5 0 1
Tile:7 6 5 0
Tile:10 6 6 1
Tile:6 4 5 0
Tile:9 6 7 1
Tile:8 4 4 0
Drop 6 0 1
Destroy 6 5 0
Tile:7 6 5 1
Drop 2 0 0
Tile:6 7 7 1
Tile:5_flip 8 7 0
Tile:5 8 6 1
Tile:15 5 6 0
Tile:6 9 6 1
Tile:0 10 6 0
Tile:10 9 5 1
Drop 5 0 0
Tile:8 11 6 1
Map 12 5 0
Tile:9 11 5 1
GAMEOVER WINNER 1
# Game ended: Sun Apr 12 17:31:06 EDT 2020
