# Server version 0.08 running on DESKTOP-R5EVID9:8123
# Game ID: 100
# Board class: Saboteur.SaboteurBoard
# Timeout: 2000
# First Move Timeout: 30000
# Date: Sun Apr 12 19:32:08 EDT 2020
# Player 1: Player-0, '260778557', running on DESKTOP-R5EVID9
# Player 2: Player-1, 'RandomPlayer', running on DESKTOP-R5EVID9
START Player-0 260778557
START Player-1 RandomPlayer
BoardInit:Tile:7,Tile:7,Tile:8,Tile:6,Tile:10,Tile:5,Destroy,Bonus,Tile:10,Tile:13,Tile:9,Tile:0,Malus,Bonus,Tile:8,Tile:2,Tile:7,Malus,Tile:10,Tile:0,Tile:6,Tile:7,Tile:8,Map,Tile:15,Map,Tile:1,Destroy,Map,Tile:0,Tile:0,Map,Tile:5,Tile:9,Tile:5,Map,Tile:9,Tile:3,Tile:7,Tile:8,Tile:8-Destroy,Tile:14,Tile:9,Tile:6,Tile:6,Bonus,Tile:5-Bonus,Tile:9,Tile:11,Tile:4,Tile:6,Map,Tile:12-Tile:nugget,Tile:hidden2,Tile:hidden1
Tile:6_flip 5 4 1
Map 12 3 0
Tile:6_flip 4 4 1
Tile:6 6 4 0
Drop 2 0 1
Tile:9 6 3 0
Tile:14_flip 3 4 1
Tile:7 7 3 0
Destroy 3 4 1
Tile:6 7 4 0
Tile:7 6 5 1
Tile:5 6 2 0
Tile:8 8 4 1
Tile:0 9 4 0
Tile:9 8 3 1
Drop 1 0 0
Destroy 6 3 1
Drop 1 0 0
Tile:7 10 4 1
Drop 1 0 0
Tile:10 5 6 1
Tile:0 9 3 0
Tile:10 6 6 1
Tile:7 8 2 0
Tile:8 6 7 1
Drop 2 0 0
Tile:6 5 7 1
Drop 3 0 0
Tile:1 3 4 1
Malus 0 0 0
Bonus 0 0 1
Tile:0 10 3 0
Tile:15 8 5 1
Drop 3 0 0
Tile:8 11 3 1
GAMEOVER WINNER 1
# Game ended: Sun Apr 12 19:32:08 EDT 2020
