# Server version 0.08 running on DESKTOP-R5EVID9:8123
# Game ID: 71
# Board class: Saboteur.SaboteurBoard
# Timeout: 2000
# First Move Timeout: 30000
# Date: Sun Apr 12 19:14:10 EDT 2020
# Player 1: Player-0, 'RandomPlayer', running on 127.0.0.1
# Player 2: Player-1, '260778557', running on 127.0.0.1
START Player-0 RandomPlayer
START Player-1 260778557
BoardInit:Malus,Tile:9,Malus,Tile:0,Tile:6,Map,Tile:9,Tile:10,Tile:8,Tile:0,Destroy,Tile:5,Map,Tile:8,Tile:9,Tile:6,Tile:1,Tile:0,Tile:9,Tile:14,Map,Tile:11,Destroy,Tile:6,Tile:10,Bonus,Tile:8,Tile:4,Tile:5,Bonus,Tile:6,Tile:8,Map,Tile:12,Destroy,Tile:7,Tile:2,Tile:7,Tile:7,Tile:7,Tile:0-Bonus,Tile:3,Bonus,Map,Tile:8,Tile:13,Tile:7-Tile:5,Tile:15,Map,Tile:5,Tile:6,Tile:10,Tile:9-Tile:nugget,Tile:hidden2,Tile:hidden1
Map 12 3 1
Tile:9 5 6 0
Tile:8 5 4 1
Tile:5_flip 6 4 0
Drop 1 0 1
Tile:5 5 3 0
Tile:6 4 4 1
Tile:10 4 3 0
Tile:9 4 2 1
Tile:9 5 7 0
Tile:8 6 3 1
Tile:0 6 5 0
Drop 2 0 1
Tile:0 5 2 0
Drop 2 0 1
Tile:8 3 4 0
Tile:9 4 1 1
Tile:6 3 5 0
Malus 0 0 1
Drop 1 0 0
Tile:9 2 4 1
Map 12 7 0
Malus 0 0 1
Drop 0 0 0
Drop 3 0 1
Drop 2 0 0
Tile:10 3 3 1
Drop 0 0 0
Tile:8 7 3 1
Drop 6 0 0
Drop 3 0 1
Drop 4 0 0
Tile:6 8 3 1
Drop 6 0 0
Drop 3 0 1
Drop 4 0 0
Drop 4 0 1
Drop 4 0 0
Drop 4 0 1
Drop 6 0 0
Drop 5 0 1
Drop 2 0 0
Tile:0 9 3 1
Drop 1 0 0
Drop 5 0 1
Drop 3 0 0
Drop 0 0 1
Drop 0 0 0
Drop 0 0 1
Drop 2 0 0
Drop 0 0 1
Drop 0 0 0
Drop 0 0 1
Drop 0 0 0
Drop 0 0 1
GAMEOVER DRAW
# Game ended: Sun Apr 12 19:14:10 EDT 2020
