# Server version 0.08 running on DESKTOP-R5EVID9:8123
# Game ID: 56
# Board class: Saboteur.SaboteurBoard
# Timeout: 2000
# First Move Timeout: 30000
# Date: Sun Apr 12 19:13:06 EDT 2020
# Player 1: Player-0, 'RandomPlayer', running on 127.0.0.1
# Player 2: Player-1, '260778557', running on 127.0.0.1
START Player-0 RandomPlayer
START Player-1 260778557
BoardInit:Tile:5,Tile:5,Tile:4,Tile:5,Tile:14,Tile:0,Bonus,Tile:6,Tile:5,Map,Tile:8,Bonus,Tile:15,Tile:6,Tile:2,Tile:0,Tile:11,Tile:9,Tile:6,Tile:9,Bonus,Tile:7,Tile:8,Map,Tile:0,Bonus,Tile:13,Tile:7,Malus,Map,Tile:7,Tile:8,Tile:6,Tile:12,Destroy,Malus,Map,Tile:9,Tile:10,Tile:7,Tile:0-Destroy,Tile:3,Destroy,Tile:9,Tile:6,Tile:8,Tile:7-Tile:1,Map,Tile:10,Tile:8,Map,Tile:9,Tile:10-Tile:hidden2,Tile:nugget,Tile:hidden1
Drop 1 0 1
Tile:1 4 5 0
Drop 5 0 1
Tile:9_flip 6 5 0
Drop 5 0 1
Tile:8 6 6 0
Drop 5 0 1
Map 12 5 0
Drop 5 0 1
Drop 2 0 0
Drop 6 0 1
Tile:5_flip 6 7 0
Tile:6 7 6 1
Tile:5 6 4 0
Drop 6 0 1
Tile:6 7 4 0
Drop 6 0 1
Map 12 7 0
Drop 6 0 1
Tile:6 3 5 0
Tile:8 8 4 1
Tile:9_flip 8 3 0
Tile:9 8 5 1
Tile:9 7 3 0
Tile:8 9 5 1
Map 12 5 0
Tile:6 10 5 1
Tile:7 5 4 0
Drop 6 0 1
Map 12 7 0
Malus 0 0 1
Bonus 0 0 0
Drop 6 0 1
Tile:7 9 4 0
Tile:8 11 5 1
GAMEOVER WINNER 1
# Game ended: Sun Apr 12 19:13:06 EDT 2020
