# Server version 0.08 running on DESKTOP-R5EVID9:8123
# Game ID: 115
# Board class: Saboteur.SaboteurBoard
# Timeout: 2000
# First Move Timeout: 30000
# Date: Sun Apr 12 19:56:26 EDT 2020
# Player 1: Player-0, '260778557', running on DESKTOP-R5EVID9
# Player 2: Player-1, 'Human', running on DESKTOP-R5EVID9
START Player-0 260778557
START Player-1 Human
BoardInit:Tile:10,Tile:9,Tile:13,Tile:8,Tile:10,Tile:4,Tile:0,Tile:7,Destroy,Tile:8,Tile:5,Tile:8,Destroy,Tile:8,Tile:0,Tile:7,Tile:1,Map,Tile:10,Tile:9,Tile:6,Malus,Tile:3,Tile:14,Tile:0,Tile:6,Bonus,Map,Tile:9,Tile:5,Tile:6,Tile:12,Tile:7,Map,Tile:6,Malus,Tile:9,Tile:11,Tile:0,Tile:2,Tile:7-Tile:15,Bonus,Map,Tile:5,Tile:9,Tile:6,Destroy-Bonus,Tile:7,Tile:8,Map,Bonus,Map,Tile:5-Tile:nugget,Tile:hidden1,Tile:hidden2
Tile:6 6 5 1
Map 12 3 0
Tile:5 6 4 1
Tile:8 7 4 0
Tile:13 7 5 1
Tile:9 7 3 0
Tile:10 7 6 1
Tile:8 8 3 0
Tile:9 8 2 1
Drop 1 0 0
Tile:0 9 3 1
Tile:8 10 3 0
Tile:10 10 4 1
Tile:8 11 3 0
GAMEOVER WINNER 0
# Game ended: Sun Apr 12 19:57:18 EDT 2020
