# Server version 0.08 running on DESKTOP-R5EVID9:8123
# Game ID: 57
# Board class: Saboteur.SaboteurBoard
# Timeout: 2000
# First Move Timeout: 30000
# Date: Sun Apr 12 19:13:08 EDT 2020
# Player 1: Player-0, '260778557', running on 127.0.0.1
# Player 2: Player-1, 'RandomPlayer', running on 127.0.0.1
START Player-0 260778557
START Player-1 RandomPlayer
BoardInit:Malus,Tile:9,Tile:7,Tile:9,Tile:8,Tile:0,Tile:11,Tile:8,Tile:7,Tile:5,Bonus,Tile:0,Bonus,Tile:15,Tile:5,Tile:7,Tile:4,Map,Tile:8,Tile:6,Tile:6,Tile:3,Tile:9,Destroy,Bonus,Tile:9,Tile:12,Tile:7,Tile:7,Tile:10,Tile:2,Tile:5,Destroy,Tile:8,Map,Tile:14,Tile:6,Tile:0,Map,Tile:8,Map-Tile:5,Tile:6,Tile:10,Bonus,Tile:0,Destroy,Map-Tile:6,Tile:13,Map,Tile:9,Malus,Tile:10,Tile:1-Tile:nugget,Tile:hidden1,Tile:hidden2
Tile:6 5 6 1
Map 12 3 0
Drop 5 0 1
Tile:6 6 5 0
Tile:0 6 6 1
Tile:9 6 4 0
Tile:8 7 5 1
Tile:10 6 3 0
Tile:11_flip 7 4 1
Tile:9 7 3 0
Destroy 6 6 1
Tile:0 8 3 0
Drop 0 0 1
Tile:8 9 3 0
Tile:7 7 2 1
Tile:0 10 3 0
Tile:7 11 3 1
Drop 0 0 0
Tile:5_flip 11 4 1
Malus 0 0 0
Drop 6 0 1
Drop 0 0 0
Malus 0 0 1
Drop 1 0 0
Drop 4 0 1
Drop 1 0 0
Bonus 0 0 1
Drop 1 0 0
Drop 6 0 1
Drop 1 0 0
Tile:10 5 4 1
Drop 2 0 0
Tile:9 9 2 1
Drop 4 0 0
Tile:2 6 2 1
Drop 5 0 0
Tile:7_flip 4 5 1
Drop 6 0 0
Map 12 5 1
Drop 0 0 0
Tile:6 7 6 1
Drop 0 0 0
Destroy 5 4 1
Drop 0 0 0
Drop 4 0 1
Drop 0 0 0
Tile:6 9 4 1
Drop 0 0 0
Map 12 7 1
Drop 0 0 0
Drop 0 0 1
Drop 0 0 0
Drop 1 0 1
Drop 0 0 0
Drop 0 0 1
GAMEOVER DRAW
# Game ended: Sun Apr 12 19:13:08 EDT 2020
