# Server version 0.08 running on DESKTOP-R5EVID9:8123
# Game ID: 19
# Board class: Saboteur.SaboteurBoard
# Timeout: 2000
# First Move Timeout: 30000
# Date: Sun Apr 12 17:24:17 EDT 2020
# Player 1: Player-0, 'RandomPlayer', running on DESKTOP-R5EVID9
# Player 2: Player-1, '260778557', running on DESKTOP-R5EVID9
START Player-0 RandomPlayer
START Player-1 260778557
BoardInit:Tile:8,Map,Tile:7,Tile:8,Map,Bonus,Tile:6,Tile:13,Tile:5,Destroy,Tile:14,Tile:8,Tile:0,Destroy,Tile:12,Tile:7,Tile:1,Tile:5,Tile:9,Tile:5,Map,Tile:9,Tile:5,Tile:0,Tile:9,Map,Tile:7,Tile:0,Tile:8,Tile:3,Tile:0,Tile:10,Tile:10,Tile:7,Bonus,Tile:6,Malus,Tile:2,Destroy,Tile:9,Tile:11-Tile:8,Map,Bonus,Tile:15,Bonus,Tile:9,Malus-Map,Tile:7,Tile:4,Tile:6,Tile:6,Tile:6,Tile:10-Tile:nugget,Tile:hidden1,Tile:hidden2
Map 12 3 1
Tile:6 6 5 0
Tile:8 5 6 1
Tile:6 5 7 0
Tile:8 6 7 1
Tile:6_flip 6 6 0
Map 12 3 1
Tile:8 7 7 0
Tile:6_flip 7 5 1
Tile:13 6 8 0
Tile:7 6 4 1
Drop 1 0 0
Tile:14 7 8 1
Map 12 3 0
Malus 0 0 1
Destroy 5 7 0
Tile:12_flip 5 8 1
Destroy 5 8 0
Tile:1 8 7 1
Bonus 0 0 0
Tile:9_flip 6 9 1
Tile:7 8 5 0
Tile:9 5 8 1
Tile:8 5 4 0
Map 12 7 1
Tile:0 4 4 0
Tile:0 9 7 1
Tile:9 5 9 0
Tile:9 5 7 1
Tile:4_flip 8 6 0
Tile:15 5 10 1
Tile:3 10 7 0
Tile:5 4 5 1
Tile:10 6 10 0
Tile:10 5 11 1
Drop 3 0 0
Tile:7_flip 6 11 1
Tile:5 5 3 0
Tile:5_flip 10 8 1
Tile:5_flip 7 11 0
Destroy 10 7 1
Tile:0 9 8 0
Malus 0 0 1
Map 12 5 0
Tile:11_flip 10 7 1
Drop 3 0 0
Tile:8 3 4 1
Drop 0 0 0
Drop 3 0 1
Drop 2 0 0
Tile:0 6 3 1
Drop 0 0 0
Drop 0 0 1
Drop 0 0 0
Drop 0 0 1
GAMEOVER DRAW
# Game ended: Sun Apr 12 17:24:17 EDT 2020
