# Server version 0.08 running on DESKTOP-R5EVID9:8123
# Game ID: 68
# Board class: Saboteur.SaboteurBoard
# Timeout: 2000
# First Move Timeout: 30000
# Date: Sun Apr 12 19:14:06 EDT 2020
# Player 1: Player-0, '260778557', running on 127.0.0.1
# Player 2: Player-1, 'RandomPlayer', running on 127.0.0.1
START Player-0 260778557
START Player-1 RandomPlayer
BoardInit:Tile:5,Tile:8,Tile:6,Destroy,Map,Tile:9,Map,Tile:6,Tile:1,Tile:8,Tile:11,Tile:10,Tile:8,Destroy,Tile:4,Bonus,Tile:7,Tile:10,Tile:14,Tile:2,Tile:6,Tile:0,Tile:5,Tile:7,Tile:12,Tile:9,Tile:10,Map,Destroy,Malus,Tile:6,Tile:7,Bonus,Tile:7,Tile:9,Tile:9,Tile:0,Malus,Map,Tile:6,Tile:9-Tile:8,Map,Tile:0,Tile:3,Tile:15,Tile:0,Tile:8-Bonus,Tile:5,Map,Bonus,Tile:5,Tile:13,Tile:7-Tile:hidden2,Tile:nugget,Tile:hidden1
Drop 3 0 1
Map 12 3 0
Drop 1 0 1
Drop 1 0 0
Drop 4 0 1
Drop 2 0 0
Tile:8 5 6 1
Drop 2 0 0
Tile:6 4 6 1
Drop 2 0 0
Drop 2 0 1
Tile:8 6 5 0
Drop 2 0 1
Tile:6 7 5 0
Tile:11_flip 5 7 1
Tile:8 8 5 0
Tile:1 3 6 1
Tile:9 8 4 0
Tile:7 8 3 1
Tile:10 8 6 0
Tile:0 2 6 1
Drop 6 0 0
Tile:14 9 5 1
Tile:10 7 4 0
Map 12 5 1
Drop 6 0 0
Tile:4_flip 8 7 1
Tile:9 7 3 0
Tile:10 7 2 1
Map 12 5 0
Drop 3 0 1
Tile:0 4 7 0
Tile:6_flip 9 4 1
Malus 0 0 0
Destroy 5 6 1
Drop 5 0 0
Bonus 0 0 1
Tile:9 6 6 0
Tile:15 5 8 1
Drop 5 0 0
Tile:9 4 5 1
Tile:6 10 4 0
Tile:9 5 9 1
Malus 0 0 0
Drop 4 0 1
Drop 0 0 0
Map 12 3 1
Drop 0 0 0
Map 12 7 1
Drop 0 0 0
Drop 0 0 1
Drop 0 0 0
Drop 1 0 1
Drop 0 0 0
Drop 0 0 1
GAMEOVER DRAW
# Game ended: Sun Apr 12 19:14:06 EDT 2020
