# Server version 0.08 running on DESKTOP-R5EVID9:8123
# Game ID: 127
# Board class: Saboteur.SaboteurBoard
# Timeout: 2000
# First Move Timeout: 30000
# Date: Sun Apr 12 20:07:59 EDT 2020
# Player 1: Player-0, '260778557', running on DESKTOP-R5EVID9
# Player 2: Player-1, 'RandomPlayer', running on DESKTOP-R5EVID9
START Player-0 260778557
START Player-1 RandomPlayer
BoardInit:Tile:13,Destroy,Tile:6,Tile:0,Map,Destroy,Destroy,Tile:5,Tile:0,Tile:10,Bonus,Bonus,Tile:0,Tile:7,Map,Tile:3,Map,Tile:8,Tile:2,Tile:8,Tile:9,Tile:4,Tile:5,Tile:15,Tile:8,Bonus,Tile:0,Tile:6,Tile:8,Tile:10,Tile:7,Tile:7,Tile:9,Map,Tile:7,Tile:9,Tile:6,Bonus,Tile:7,Tile:9,Map-Tile:10,Tile:11,Map,Malus,Tile:12,Tile:14,Malus-Tile:8,Tile:9,Tile:6,Tile:6,Tile:1,Tile:5,Tile:5-Tile:nugget,Tile:hidden2,Tile:hidden1
Tile:11 5 4 1
Drop 4 0 0
Tile:13 6 5 1
Drop 4 0 0
Drop 4 0 1
Drop 4 0 0
Tile:6_flip 4 5 1
Tile:8 7 5 0
Drop 0 0 1
Drop 6 0 0
Tile:0 8 5 1
Tile:6 9 5 0
Malus 0 0 1
Bonus 0 0 0
Tile:0 10 5 1
Drop 6 0 0
Drop 6 0 1
Drop 6 0 0
Destroy 7 5 1
Tile:6 11 5 0
Tile:2 6 4 1
Tile:9 11 4 0
Tile:12 12 4 1
Drop 6 0 0
Tile:9_flip 9 4 1
Drop 6 0 0
Tile:5_flip 5 6 1
Tile:10 11 3 0
Drop 3 0 1
Tile:8 11 2 0
Map 12 3 1
Tile:0 12 2 0
Tile:0 7 5 1
Drop 6 0 0
Tile:9 9 3 1
Map 12 3 0
Tile:8 9 2 1
Destroy 4 5 0
Tile:6 4 6 1
Destroy 4 6 0
Tile:8 4 6 1
Drop 0 0 0
Drop 0 0 1
Drop 0 0 0
Map 12 5 1
Drop 0 0 0
Tile:7 11 1 1
Drop 0 0 0
Tile:7_flip 4 7 1
Drop 0 0 0
Drop 1 0 1
Drop 0 0 0
Map 12 7 1
Drop 0 0 0
Map 12 5 1
GAMEOVER DRAW
# Game ended: Sun Apr 12 20:07:59 EDT 2020
