# Server version 0.08 running on DESKTOP-R5EVID9:8123
# Game ID: 142
# Board class: Saboteur.SaboteurBoard
# Timeout: 2000
# First Move Timeout: 30000
# Date: Sun Apr 12 20:49:02 EDT 2020
# Player 1: Player-0, '260778557', running on DESKTOP-R5EVID9
# Player 2: Player-1, 'RandomPlayer', running on DESKTOP-R5EVID9
START Player-0 260778557
START Player-1 RandomPlayer
BoardInit:Destroy,Tile:7,Tile:3,Tile:10,Tile:9,Tile:8,Tile:5,Tile:13,Tile:6,Map,Tile:7,Bonus,Tile:7,Tile:6,Tile:8,Tile:9,Tile:8,Tile:4,Tile:1,Map,Tile:2,Tile:14,Tile:0,Tile:5,Tile:12,Destroy,Tile:7,Malus,Tile:0,Map,Tile:5,Tile:9,Tile:11,Tile:6,Tile:5,Tile:10,Map,Malus,Map,Bonus,Map-Tile:9,Tile:15,Destroy,Bonus,Tile:6,Tile:8,Tile:0-Tile:7,Bonus,Tile:9,Tile:6,Tile:8,Tile:0,Tile:10-Tile:nugget,Tile:hidden1,Tile:hidden2
Tile:15 5 6 1
Drop 0 0 0
Tile:0 4 5 1
Drop 6 0 0
Drop 4 0 1
Tile:6 6 5 0
Tile:6_flip 3 5 1
Tile:8 7 5 0
Tile:9_flip 5 4 1
Drop 6 0 0
Tile:9 6 4 1
Map 12 3 0
Tile:3 5 3 1
Tile:9 6 3 0
Tile:5_flip 7 6 1
Tile:0 7 3 0
Tile:6_flip 6 2 1
Tile:8 8 3 0
Tile:7_flip 8 4 1
Tile:6 9 3 0
Tile:7_flip 2 5 1
Tile:10 9 2 0
Destroy 6 4 1
Tile:10 8 2 0
Tile:8 2 4 1
Tile:9 9 1 0
Tile:1 4 3 1
Drop 2 0 0
Tile:7 8 5 1
Drop 2 0 0
Tile:0 3 3 1
Drop 2 0 0
Destroy 9 2 1
Tile:9 9 2 0
Tile:2 10 1 1
Tile:6 10 3 0
Tile:11_flip 10 2 1
Tile:10 8 1 0
Tile:5_flip 5 7 1
Drop 2 0 0
Drop 1 0 1
Malus 0 0 0
Drop 0 0 1
Drop 3 0 0
Drop 4 0 1
Malus 0 0 0
Map 12 3 1
Drop 0 0 0
Map 12 7 1
Drop 0 0 0
Drop 0 0 1
Drop 0 0 0
Drop 1 0 1
Drop 0 0 0
Drop 0 0 1
GAMEOVER DRAW
# Game ended: Sun Apr 12 20:49:02 EDT 2020
