# Server version 0.08 running on DESKTOP-R5EVID9:8123
# Game ID: 76
# Board class: Saboteur.SaboteurBoard
# Timeout: 2000
# First Move Timeout: 30000
# Date: Sun Apr 12 19:16:04 EDT 2020
# Player 1: Player-0, '260778557', running on 127.0.0.1
# Player 2: Player-1, 'RandomPlayer', running on 127.0.0.1
START Player-0 260778557
START Player-1 RandomPlayer
BoardInit:Malus,Tile:4,Destroy,Tile:0,Tile:9,Tile:0,Tile:13,Malus,Map,Bonus,Tile:15,Tile:7,Destroy,Tile:5,Tile:8,Tile:10,Tile:6,Tile:12,Tile:6,Tile:9,Tile:7,Tile:5,Tile:3,Tile:8,Tile:6,Map,Tile:6,Tile:8,Tile:5,Tile:0,Tile:7,Tile:7,Tile:6,Bonus,Map,Bonus,Tile:8,Tile:9,Tile:5,Tile:0,Tile:7-Bonus,Tile:10,Tile:1,Destroy,Tile:9,Tile:14,Map-Tile:8,Map,Tile:2,Map,Tile:11,Tile:10,Tile:9-Tile:hidden1,Tile:hidden2,Tile:nugget
Tile:9 5 4 1
Map 12 3 0
Drop 5 0 1
Map 12 5 0
Drop 2 0 1
Drop 1 0 0
Tile:9_flip 5 3 1
Drop 1 0 0
Tile:14_flip 5 2 1
Drop 3 0 0
Tile:10 5 6 1
Malus 0 0 0
Drop 4 0 1
Drop 6 0 0
Destroy 5 6 1
Drop 6 0 0
Destroy 5 2 1
Tile:8 6 5 0
Malus 0 0 1
Bonus 0 0 0
Map 12 5 1
Drop 5 0 0
Destroy 5 3 1
Drop 6 0 0
Drop 5 0 1
Tile:0 7 5 0
Drop 0 0 1
Map 12 7 0
Drop 5 0 1
Tile:0 8 5 0
Drop 0 0 1
Tile:8 9 5 0
Drop 6 0 1
Tile:10 9 6 0
Drop 3 0 1
Tile:9 9 7 0
Drop 2 0 1
Tile:8 10 7 0
Map 12 5 1
Tile:0 11 7 0
GAMEOVER WINNER 0
# Game ended: Sun Apr 12 19:16:04 EDT 2020
