# Server version 0.08 running on DESKTOP-R5EVID9:8123
# Game ID: 21
# Board class: Saboteur.SaboteurBoard
# Timeout: 2000
# First Move Timeout: 30000
# Date: Sun Apr 12 17:24:44 EDT 2020
# Player 1: Player-0, '260778557', running on DESKTOP-R5EVID9
# Player 2: Player-1, 'RandomPlayer', running on DESKTOP-R5EVID9
START Player-0 260778557
START Player-1 RandomPlayer
BoardInit:Tile:6,Tile:8,Tile:9,Tile:7,Tile:8,Tile:3,Malus,Map,Bonus,Map,Tile:13,Tile:8,Bonus,Tile:8,Map,Bonus,Malus,Tile:6,Tile:9,Destroy,Tile:9,Tile:0,Tile:7,Tile:9,Tile:0,Tile:4,Tile:0,Tile:1,Bonus,Tile:7,Destroy,Tile:10,Tile:9,Map,Tile:14,Destroy,Tile:7,Tile:6,Tile:0,Map,Map-Tile:8,Tile:10,Tile:15,Tile:7,Tile:6,Tile:5,Tile:6-Tile:2,Tile:10,Tile:5,Tile:11,Tile:5,Tile:5,Tile:12-Tile:hidden1,Tile:hidden2,Tile:nugget
Tile:7_flip 5 6 1
Drop 0 0 0
Tile:6 4 5 1
Drop 2 0 0
Tile:9_flip 6 5 1
Drop 4 0 0
Tile:5_flip 6 6 1
Drop 6 0 0
Drop 0 0 1
Map 12 3 0
Tile:15 5 4 1
Map 12 5 0
Tile:6_flip 3 5 1
Tile:10 6 4 0
Tile:6_flip 5 3 1
Tile:8 6 3 0
Tile:13 4 3 1
Tile:7 7 3 0
Tile:10 4 2 1
Tile:5 6 2 0
Drop 4 0 1
Tile:6 7 2 0
Tile:9 2 5 1
Tile:8 8 2 0
Tile:9 7 4 1
Tile:8 8 4 0
Tile:7_flip 7 5 1
Drop 6 0 0
Malus 0 0 1
Bonus 0 0 0
Tile:8 2 4 1
Drop 5 0 0
Malus 0 0 1
Destroy 5 4 0
Destroy 8 4 1
Map 12 7 0
Tile:0 8 5 1
Destroy 6 2 0
Tile:14 8 4 1
Drop 4 0 0
Tile:9_flip 9 5 1
Drop 6 0 0
Tile:7 7 1 1
Drop 1 0 0
Drop 4 0 1
Drop 1 0 0
Map 12 3 1
Drop 0 0 0
Drop 2 0 1
Drop 2 0 0
Drop 0 0 1
Drop 1 0 0
Drop 1 0 1
Drop 0 0 0
Drop 0 0 1
GAMEOVER DRAW
# Game ended: Sun Apr 12 17:24:44 EDT 2020
