# Server version 0.08 running on DESKTOP-R5EVID9:8123
# Game ID: 51
# Board class: Saboteur.SaboteurBoard
# Timeout: 2000
# First Move Timeout: 30000
# Date: Sun Apr 12 19:10:26 EDT 2020
# Player 1: Player-0, 'RandomPlayer', running on 127.0.0.1
# Player 2: Player-1, '260778557', running on 127.0.0.1
START Player-0 RandomPlayer
START Player-1 260778557
BoardInit:Tile:6,Tile:5,Tile:10,Tile:1,Tile:14,Tile:9,Tile:5,Tile:6,Bonus,Tile:7,Tile:10,Tile:0,Malus,Tile:6,Destroy,Tile:7,Bonus,Tile:0,Tile:9,Tile:4,Map,Tile:8,Destroy,Tile:5,Bonus,Tile:9,Map,Tile:3,Tile:7,Tile:11,Bonus,Tile:6,Tile:8,Tile:7,Tile:0,Tile:7,Tile:8,Tile:2,Tile:5,Tile:9,Map-Map,Tile:15,Tile:10,Tile:0,Map,Tile:9,Tile:6-Tile:13,Tile:8,Malus,Tile:8,Destroy,Map,Tile:12-Tile:nugget,Tile:hidden2,Tile:hidden1
Map 12 3 1
Drop 2 0 0
Tile:10 5 4 1
Tile:13 5 6 0
Tile:9 5 3 1
Tile:1 6 6 0
Tile:0 6 3 1
Tile:8 7 6 0
Tile:6 7 3 1
Destroy 5 6 0
Tile:6 8 3 1
Tile:8 9 3 0
Tile:10 9 2 1
Tile:6_flip 4 5 0
Tile:10 9 4 1
Tile:9 9 1 0
Drop 0 0 1
Tile:7 10 1 0
Drop 0 0 1
Drop 3 0 0
Tile:9 10 2 1
Tile:6_flip 8 6 0
Drop 0 0 1
Tile:12_flip 3 5 0
Drop 0 0 1
Tile:4 7 5 0
Malus 0 0 1
Drop 3 0 0
Drop 3 0 1
Drop 4 0 0
Drop 5 0 1
Map 12 3 0
Drop 5 0 1
Drop 6 0 0
Tile:8 10 3 1
Drop 3 0 0
Tile:0 11 3 1
GAMEOVER WINNER 1
# Game ended: Sun Apr 12 19:10:26 EDT 2020
