# Server version 0.08 running on DESKTOP-R5EVID9:8123
# Game ID: 107
# Board class: Saboteur.SaboteurBoard
# Timeout: 2000
# First Move Timeout: 30000
# Date: Sun Apr 12 19:37:14 EDT 2020
# Player 1: Player-0, 'RandomPlayer', running on DESKTOP-R5EVID9
# Player 2: Player-1, '260778557', running on DESKTOP-R5EVID9
START Player-0 RandomPlayer
START Player-1 260778557
BoardInit:Destroy,Tile:4,Tile:6,Tile:3,Tile:5,Tile:0,Tile:0,Tile:10,Bonus,Map,Tile:15,Tile:8,Tile:0,Tile:7,Destroy,Bonus,Map,Tile:5,Tile:9,Bonus,Malus,Tile:8,Map,Tile:6,Tile:1,Tile:6,Map,Tile:8,Destroy,Map,Tile:9,Tile:9,Bonus,Map,Malus,Tile:14,Tile:10,Tile:7,Tile:8,Tile:5,Tile:9-Tile:11,Tile:12,Tile:8,Tile:13,Tile:5,Tile:7,Tile:10-Tile:6,Tile:9,Tile:2,Tile:7,Tile:6,Tile:7,Tile:0-Tile:hidden1,Tile:nugget,Tile:hidden2
Drop 0 0 1
Tile:6_flip 6 5 0
Drop 0 0 1
Drop 5 0 0
Drop 1 0 1
Tile:9_flip 6 6 0
Drop 1 0 1
Tile:6 7 5 0
Drop 1 0 1
Tile:7 8 5 0
Drop 4 0 1
Drop 0 0 0
Drop 6 0 1
Drop 4 0 0
Tile:8 8 6 1
Tile:3_flip 4 5 0
Tile:6 9 6 1
Tile:8 10 6 0
Map 12 3 1
Tile:7 7 4 0
Tile:10 10 5 1
Tile:4 9 5 0
Malus 0 0 1
Drop 5 0 0
Map 12 5 1
Drop 5 0 0
Tile:0 11 6 1
Map 12 7 0
Tile:0 12 6 1
Drop 6 0 0
Destroy 4 5 1
Drop 3 0 0
Destroy 6 5 1
Map 12 7 0
Tile:9 10 4 1
Drop 4 0 0
Tile:9 10 3 1
Map 12 7 0
Tile:10 10 7 1
Drop 0 0 0
Tile:8 11 4 1
Drop 4 0 0
Tile:9 10 2 1
Bonus 0 0 0
Drop 1 0 1
Tile:7 12 4 0
Drop 1 0 1
Tile:6 5 6 0
Malus 0 0 1
Drop 2 0 0
Drop 0 0 1
Drop 0 0 0
Drop 0 0 1
Drop 0 0 0
Drop 0 0 1
GAMEOVER DRAW
# Game ended: Sun Apr 12 19:37:14 EDT 2020
