# Server version 0.08 running on DESKTOP-R5EVID9:8123
# Game ID: 111
# Board class: Saboteur.SaboteurBoard
# Timeout: 2000
# First Move Timeout: 30000
# Date: Sun Apr 12 19:55:43 EDT 2020
# Player 1: Player-0, '260778557', running on DESKTOP-R5EVID9
# Player 2: Player-1, 'RandomPlayer', running on DESKTOP-R5EVID9
START Player-0 260778557
START Player-1 RandomPlayer
BoardInit:Bonus,Tile:7,Map,Tile:9,Tile:8,Bonus,Tile:1,Tile:6,Tile:6,Destroy,Tile:8,Bonus,Tile:9,Tile:7,Tile:9,Map,Tile:5,Tile:12,Tile:10,Tile:0,Tile:6,Tile:0,Tile:8,Tile:8,Tile:3,Tile:11,Tile:6,Bonus,Tile:9,Tile:7,Tile:10,Destroy,Tile:13,Tile:9,Tile:5,Map,Tile:5,Destroy,Tile:8,Tile:10,Map-Tile:7,Malus,Tile:0,Tile:15,Tile:4,Tile:0,Tile:14-Malus,Map,Map,Tile:5,Tile:7,Tile:6,Tile:2-Tile:hidden1,Tile:hidden2,Tile:nugget
Malus 0 0 1
Map 12 3 0
Tile:0 6 5 1
Map 12 5 0
Tile:14 7 5 1
Malus 0 0 0
Drop 2 0 1
Bonus 0 0 0
Map 12 5 1
Drop 0 0 0
Bonus 0 0 1
Drop 0 0 0
Tile:6_flip 5 4 1
Drop 1 0 0
Tile:0 4 4 1
Drop 1 0 0
Drop 0 0 1
Map 12 7 0
Tile:9_flip 5 6 1
Tile:6 5 7 0
Tile:5 7 4 1
Tile:6 6 7 0
Tile:1 3 4 1
Tile:0 7 7 0
Tile:8 4 7 1
Tile:0 8 7 0
Tile:9_flip 8 4 1
Tile:8 9 7 0
Tile:8 4 6 1
Tile:9 9 6 0
Tile:3 10 6 1
Drop 2 0 0
Tile:10 8 5 1
Drop 2 0 0
Tile:13 3 7 1
Tile:9 9 8 0
Tile:8 10 7 1
Drop 2 0 0
Tile:9_flip 9 9 1
Drop 3 0 0
Tile:5 4 5 1
Tile:10 9 5 0
Tile:6_flip 3 6 1
Drop 4 0 0
Tile:15 8 3 1
Drop 0 0 0
Tile:5 8 2 1
Drop 0 0 0
Tile:10 3 8 1
Drop 0 0 0
Tile:6_flip 2 6 1
Drop 0 0 0
Map 12 7 1
Drop 0 0 0
Tile:8 2 7 1
GAMEOVER DRAW
# Game ended: Sun Apr 12 19:55:43 EDT 2020
