# Server version 0.08 running on DESKTOP-R5EVID9:8123
# Game ID: 113
# Board class: Saboteur.SaboteurBoard
# Timeout: 2000
# First Move Timeout: 30000
# Date: Sun Apr 12 19:56:12 EDT 2020
# Player 1: Player-0, 'RandomPlayer', running on DESKTOP-R5EVID9
# Player 2: Player-1, '260778557', running on DESKTOP-R5EVID9
START Player-0 RandomPlayer
START Player-1 260778557
BoardInit:Bonus,Tile:1,Tile:8,Tile:7,Tile:0,Malus,Tile:11,Tile:6,Map,Bonus,Map,Tile:9,Map,Tile:6,Tile:7,Tile:9,Tile:10,Map,Tile:8,Tile:0,Tile:14,Tile:9,Malus,Tile:6,Tile:5,Tile:8,Tile:9,Tile:6,Tile:7,Tile:8,Tile:10,Destroy,Tile:2,Map,Tile:5,Bonus,Tile:0,Tile:12,Tile:10,Tile:7,Tile:6-Destroy,Bonus,Tile:7,Tile:0,Tile:5,Tile:9,Tile:8-Tile:5,Tile:13,Tile:15,Tile:3,Map,Destroy,Tile:4-Tile:nugget,Tile:hidden1,Tile:hidden2
Drop 2 0 1
Tile:5_flip 5 6 0
Drop 3 0 1
Drop 1 0 0
Tile:0 6 5 1
Destroy 5 6 0
Tile:8 7 5 1
Tile:7_flip 7 6 0
Drop 6 0 1
Tile:1 8 5 0
Map 12 3 1
Tile:13 9 5 0
Tile:9 9 4 1
Tile:9 9 6 0
Tile:8 9 3 1
Tile:6_flip 10 3 0
Tile:0 11 3 1
Tile:9_flip 7 4 0
Destroy 6 5 1
Tile:3 8 6 0
Tile:8 10 4 1
Map 12 7 0
Tile:10 9 2 1
Tile:6 5 6 0
Drop 2 0 1
Tile:6 8 7 0
Drop 2 0 1
Tile:4 5 4 0
Tile:9 8 3 1
Tile:6 6 5 0
Drop 2 0 1
Malus 0 0 0
Bonus 0 0 1
Tile:9 6 4 0
Drop 1 0 1
Tile:8 10 5 0
Malus 0 0 1
Destroy 7 6 0
Drop 1 0 1
Map 12 7 0
Drop 1 0 1
Map 12 7 0
Drop 2 0 1
Drop 4 0 0
Drop 2 0 1
Drop 3 0 0
Drop 0 0 1
Drop 1 0 0
Drop 0 0 1
Bonus 0 0 0
Drop 0 0 1
Tile:7 6 6 0
Drop 0 0 1
Tile:8 6 7 0
Drop 0 0 1
GAMEOVER DRAW
# Game ended: Sun Apr 12 19:56:13 EDT 2020
