# Server version 0.08 running on DESKTOP-R5EVID9:8123
# Game ID: 26
# Board class: Saboteur.SaboteurBoard
# Timeout: 2000
# First Move Timeout: 30000
# Date: Sun Apr 12 17:25:19 EDT 2020
# Player 1: Player-0, 'RandomPlayer', running on DESKTOP-R5EVID9
# Player 2: Player-1, '260778557', running on DESKTOP-R5EVID9
START Player-0 RandomPlayer
START Player-1 260778557
BoardInit:Tile:3,Bonus,Tile:7,Tile:7,Tile:0,Malus,Tile:10,Tile:13,Tile:5,Tile:9,Tile:6,Tile:8,Tile:7,Tile:15,Map,Tile:10,Tile:9,Tile:7,Destroy,Tile:14,Bonus,Tile:4,Tile:9,Tile:0,Map,Map,Tile:8,Tile:10,Tile:2,Tile:6,Tile:8,Tile:5,Tile:5,Malus,Tile:0,Bonus,Tile:6,Tile:6,Tile:12,Tile:7,Tile:9-Bonus,Tile:6,Tile:11,Map,Tile:1,Tile:9,Destroy-Tile:5,Tile:0,Destroy,Tile:8,Map,Tile:8,Map-Tile:nugget,Tile:hidden2,Tile:hidden1
Map 12 3 1
Tile:8 5 6 0
Tile:6_flip 6 6 1
Tile:8 5 4 0
Tile:9 4 5 1
Tile:7_flip 6 7 0
Destroy 6 7 1
Tile:5 5 3 0
Tile:3 6 4 1
Map 12 7 0
Tile:10 5 7 1
Tile:9 5 8 0
Tile:5_flip 6 5 1
Map 12 3 0
Tile:6 4 6 1
Drop 3 0 0
Tile:1 7 6 1
Tile:13 3 6 0
Tile:9 6 7 1
Tile:8 8 6 0
Destroy 8 6 1
Tile:14_flip 2 6 0
Tile:11_flip 6 8 1
Tile:7 7 7 0
Tile:9_flip 3 7 1
Destroy 6 5 0
Drop 0 0 1
Tile:10 7 8 0
Tile:7 3 5 1
Drop 3 0 0
Tile:2_flip 6 3 1
Tile:6 6 5 0
Tile:8 5 9 1
Tile:5_flip 7 5 0
Tile:8 4 4 1
Drop 0 0 0
Drop 5 0 1
Map 12 7 0
Tile:0 7 3 1
Tile:6_flip 8 3 0
Tile:7 4 3 1
Tile:15 5 10 0
Tile:6_flip 4 9 1
Tile:0 8 6 0
Map 12 5 1
Drop 3 0 0
Drop 3 0 1
Tile:7_flip 3 4 0
Tile:9_flip 7 9 1
Tile:10 3 8 0
Drop 1 0 1
Malus 0 0 0
Bonus 0 0 1
Drop 0 0 0
Tile:0 9 3 1
GAMEOVER DRAW
# Game ended: Sun Apr 12 17:25:19 EDT 2020
