# Server version 0.08 running on DESKTOP-R5EVID9:8123
# Game ID: 128
# Board class: Saboteur.SaboteurBoard
# Timeout: 2000
# First Move Timeout: 30000
# Date: Sun Apr 12 20:08:05 EDT 2020
# Player 1: Player-0, '260778557', running on DESKTOP-R5EVID9
# Player 2: Player-1, 'RandomPlayer', running on DESKTOP-R5EVID9
START Player-0 260778557
START Player-1 RandomPlayer
BoardInit:Tile:7,Tile:8,Tile:8,Tile:8,Tile:10,Tile:1,Tile:14,Bonus,Tile:5,Tile:8,Tile:7,Map,Tile:10,Tile:0,Tile:9,Tile:9,Tile:3,Tile:15,Tile:6,Destroy,Destroy,Tile:9,Tile:6,Tile:7,Tile:10,Tile:8,Map,Map,Tile:6,Tile:13,Bonus,Tile:9,Malus,Tile:6,Tile:0,Tile:4,Tile:7,Tile:0,Bonus,Map,Bonus-Tile:5,Tile:5,Map,Tile:7,Tile:2,Tile:0,Tile:9-Malus,Tile:6,Map,Destroy,Tile:11,Tile:12,Tile:5-Tile:nugget,Tile:hidden1,Tile:hidden2
Tile:2 6 5 1
Map 12 3 0
Map 12 3 1
Tile:6 7 5 0
Tile:9_flip 5 4 1
Tile:8 7 4 0
Tile:5_flip 5 6 1
Tile:8 7 3 0
Tile:14_flip 4 6 1
Malus 0 0 0
Drop 4 0 1
Tile:8 8 3 0
Drop 0 0 1
Drop 1 0 0
Drop 0 0 1
Tile:0 9 3 0
Drop 5 0 1
Tile:9 8 2 0
Drop 3 0 1
Drop 1 0 0
Drop 2 0 1
Drop 1 0 0
Drop 0 0 1
Tile:9 6 3 0
Drop 0 0 1
Drop 1 0 0
Drop 5 0 1
Tile:8 10 3 0
Drop 6 0 1
Drop 2 0 0
Drop 0 0 1
Drop 2 0 0
Destroy 4 6 1
Tile:9 10 2 0
Drop 4 0 1
Tile:6 11 3 0
Drop 3 0 1
Drop 3 0 0
Bonus 0 0 1
Destroy 5 4 0
Tile:6_flip 8 5 1
Destroy 5 6 0
Tile:3 8 1 1
Drop 1 0 0
Tile:9_flip 5 6 1
Drop 1 0 0
Tile:7_flip 6 6 1
Drop 1 0 0
Malus 0 0 1
Bonus 0 0 0
Tile:0 4 5 1
Drop 1 0 0
Drop 1 0 1
Drop 0 0 0
Drop 0 0 1
GAMEOVER DRAW
# Game ended: Sun Apr 12 20:08:05 EDT 2020
