# Server version 0.08 running on DESKTOP-R5EVID9:8123
# Game ID: 91
# Board class: Saboteur.SaboteurBoard
# Timeout: 2000
# First Move Timeout: 30000
# Date: Sun Apr 12 19:19:00 EDT 2020
# Player 1: Player-0, '260778557', running on DESKTOP-R5EVID9
# Player 2: Player-1, 'RandomPlayer', running on DESKTOP-R5EVID9
START Player-0 260778557
START Player-1 RandomPlayer
BoardInit:Tile:0,Tile:8,Tile:5,Destroy,Bonus,Destroy,Tile:0,Tile:7,Tile:15,Malus,Tile:6,Map,Tile:6,Bonus,Tile:7,Map,Tile:2,Malus,Tile:10,Tile:14,Tile:5,Tile:10,Destroy,Map,Tile:10,Tile:1,Bonus,Tile:0,Tile:12,Tile:9,Tile:9,Tile:6,Tile:9,Tile:7,Tile:9,Tile:8,Tile:7,Tile:5,Tile:9,Tile:5,Tile:8-Map,Tile:7,Map,Tile:6,Bonus,Tile:3,Tile:4-Tile:8,Map,Tile:11,Tile:0,Tile:6,Tile:8,Tile:13-Tile:nugget,Tile:hidden1,Tile:hidden2
Map 12 5 1
Map 12 3 0
Drop 1 0 1
Tile:8 5 4 0
Drop 1 0 1
Tile:0 6 4 0
Drop 2 0 1
Tile:6 7 4 0
Tile:0 4 4 1
Tile:8 7 3 0
Tile:0 4 5 1
Tile:8 8 3 0
Tile:5 5 3 1
Drop 0 0 0
Tile:6 6 3 1
Drop 0 0 0
Tile:7 9 3 1
Drop 2 0 0
Drop 1 0 1
Malus 0 0 0
Drop 4 0 1
Drop 2 0 0
Drop 5 0 1
Tile:10 9 4 0
Drop 4 0 1
Drop 3 0 0
Drop 3 0 1
Malus 0 0 0
Drop 5 0 1
Tile:0 6 5 0
Drop 3 0 1
Tile:9 8 2 0
Destroy 4 5 1
Tile:6 9 2 0
Drop 3 0 1
Drop 3 0 0
Drop 3 0 1
Tile:8 10 2 0
Bonus 0 0 1
Drop 3 0 0
Drop 4 0 1
Drop 3 0 0
Drop 5 0 1
Drop 3 0 0
Drop 4 0 1
Drop 3 0 0
Drop 3 0 1
Drop 3 0 0
Drop 2 0 1
Drop 0 0 0
Drop 0 0 1
Drop 0 0 0
Drop 1 0 1
Drop 0 0 0
Drop 0 0 1
GAMEOVER DRAW
# Game ended: Sun Apr 12 19:19:00 EDT 2020
