# Server version 0.08 running on DESKTOP-R5EVID9:8123
# Game ID: 116
# Board class: Saboteur.SaboteurBoard
# Timeout: 2000
# First Move Timeout: 30000
# Date: Sun Apr 12 19:57:39 EDT 2020
# Player 1: Player-0, '260778557', running on DESKTOP-R5EVID9
# Player 2: Player-1, 'Human', running on DESKTOP-R5EVID9
START Player-0 260778557
START Player-1 Human
BoardInit:Tile:6,Tile:7,Tile:9,Malus,Tile:7,Tile:7,Tile:12,Map,Tile:8,Map,Tile:9,Tile:8,Tile:2,Malus,Tile:4,Destroy,Tile:7,Map,Bonus,Tile:5,Tile:8,Bonus,Tile:1,Tile:0,Map,Tile:14,Bonus,Tile:15,Tile:10,Tile:9,Tile:6,Tile:3,Tile:5,Tile:5,Destroy,Tile:8,Bonus,Tile:10,Tile:13,Tile:11,Map-Tile:5,Tile:0,Tile:6,Tile:6,Tile:8,Destroy,Tile:0-Tile:10,Tile:0,Tile:6,Map,Tile:7,Tile:9,Tile:9-Tile:nugget,Tile:hidden1,Tile:hidden2
Tile:6 6 5 1
Map 12 3 0
Tile:8 6 4 1
Tile:10 6 3 0
Tile:6 7 5 1
Tile:0 8 5 0
Tile:6 9 5 1
Tile:6 10 5 0
Tile:0 11 5 1
Tile:9 12 4 0
GAMEOVER WINNER 0
# Game ended: Sun Apr 12 19:57:50 EDT 2020
