# Server version 0.08 running on DESKTOP-R5EVID9:8123
# Game ID: 44
# Board class: Saboteur.SaboteurBoard
# Timeout: 2000
# First Move Timeout: 30000
# Date: Sun Apr 12 19:01:47 EDT 2020
# Player 1: Player-0, '260778557', running on DESKTOP-R5EVID9
# Player 2: Player-1, 'RandomPlayer', running on DESKTOP-R5EVID9
START Player-0 260778557
START Player-1 RandomPlayer
BoardInit:Tile:6,Tile:7,Tile:6,Destroy,Tile:4,Malus,Tile:9,Tile:12,Tile:0,Tile:8,Tile:9,Tile:6,Map,Tile:8,Tile:13,Tile:0,Map,Malus,Map,Tile:5,Tile:9,Tile:8,Tile:3,Tile:10,Map,Tile:8,Destroy,Tile:11,Bonus,Bonus,Destroy,Tile:6,Tile:10,Tile:5,Tile:6,Tile:2,Tile:15,Tile:8,Tile:7,Map,Tile:5-Bonus,Tile:0,Tile:0,Tile:5,Tile:9,Tile:7,Tile:7-Bonus,Tile:10,Tile:14,Tile:1,Tile:9,Map,Tile:7-Tile:hidden1,Tile:nugget,Tile:hidden2
Tile:0 4 5 1
Map 12 3 0
Tile:9_flip 5 4 1
Drop 2 0 0
Tile:6 4 4 1
Drop 2 0 0
Tile:6 3 4 1
Drop 3 0 0
Tile:5_flip 6 5 1
Drop 3 0 0
Tile:9 5 6 1
Malus 0 0 0
Bonus 0 0 1
Drop 4 0 0
Tile:7 4 3 1
Tile:10 6 4 0
Tile:0 3 5 1
Tile:0 6 6 0
Tile:9 5 7 1
Malus 0 0 0
Map 12 5 1
Drop 6 0 0
Drop 1 0 1
Tile:8 7 6 0
Map 12 7 1
Tile:9 7 5 0
Drop 0 0 1
Tile:6 8 5 0
Drop 2 0 1
Drop 6 0 0
Map 12 3 1
Tile:8 9 5 0
Destroy 4 5 1
Tile:8 10 5 0
Destroy 3 4 1
Drop 6 0 0
Drop 4 0 1
Drop 6 0 0
Drop 6 0 1
Tile:8 11 5 0
GAMEOVER WINNER 0
# Game ended: Sun Apr 12 19:01:47 EDT 2020
