# Server version 0.08 running on DESKTOP-R5EVID9:8123
# Game ID: 95
# Board class: Saboteur.SaboteurBoard
# Timeout: 2000
# First Move Timeout: 30000
# Date: Sun Apr 12 19:20:07 EDT 2020
# Player 1: Player-0, 'RandomPlayer', running on DESKTOP-R5EVID9
# Player 2: Player-1, 'RandomPlayer', running on DESKTOP-R5EVID9
START Player-0 RandomPlayer
START Player-1 RandomPlayer
BoardInit:Destroy,Map,Tile:8,Tile:1,Tile:7,Tile:13,Tile:7,Tile:9,Destroy,Bonus,Map,Tile:5,Tile:7,Map,Tile:3,Tile:9,Tile:5,Tile:6,Tile:9,Tile:11,Tile:6,Tile:8,Tile:9,Tile:0,Tile:8,Tile:10,Tile:15,Bonus,Map,Tile:2,Tile:7,Tile:5,Map,Bonus,Tile:6,Tile:0,Malus,Malus,Tile:10,Tile:7,Map-Tile:14,Tile:4,Tile:8,Bonus,Tile:9,Tile:6,Tile:6-Tile:0,Tile:10,Tile:12,Tile:8,Destroy,Tile:0,Tile:5-Tile:hidden1,Tile:hidden2,Tile:nugget
Tile:9 5 4 1
Tile:0 6 5 0
Tile:8 4 5 1
Tile:0 6 4 0
Tile:4 5 3 1
Tile:1 3 5 0
Drop 6 0 1
Drop 4 0 0
Tile:6_flip 7 4 1
Tile:8 8 4 0
Tile:14 4 6 1
Tile:9 5 6 0
Tile:6_flip 8 3 1
Tile:13 2 5 0
Drop 5 0 1
Tile:12_flip 7 3 0
Tile:3 9 3 1
Tile:9_flip 4 4 0
Tile:7_flip 2 6 1
Tile:6_flip 2 4 0
Tile:9_flip 7 5 1
Tile:5_flip 9 4 0
Tile:6 3 4 1
Destroy 3 4 0
Destroy 7 4 1
Map 12 5 0
Destroy 4 6 1
Tile:11_flip 7 6 0
Tile:9 5 7 1
Tile:0 3 6 0
Tile:15 8 5 1
Tile:10 4 3 0
Tile:5_flip 4 6 1
Tile:2_flip 1 4 0
Drop 0 0 1
Tile:8 5 8 0
Tile:6_flip 6 6 1
Tile:5 1 5 0
Tile:8 6 7 1
Tile:0 0 4 0
Tile:7 4 2 1
Drop 6 0 0
Tile:8 7 7 1
Malus 0 0 0
Drop 1 0 1
Drop 3 0 0
Map 12 3 1
Tile:10 5 9 0
Map 12 3 1
Map 12 7 0
Drop 1 0 1
Drop 0 0 0
Map 12 7 1
Drop 0 0 0
Malus 0 0 1
GAMEOVER DRAW
# Game ended: Sun Apr 12 19:20:07 EDT 2020
