# Server version 0.08 running on DESKTOP-R5EVID9:8123
# Game ID: 101
# Board class: Saboteur.SaboteurBoard
# Timeout: 2000
# First Move Timeout: 30000
# Date: Sun Apr 12 19:34:15 EDT 2020
# Player 1: Player-0, '260778557', running on 127.0.0.1
# Player 2: Player-1, 'RandomPlayer', running on 127.0.0.1
START Player-0 260778557
START Player-1 RandomPlayer
BoardInit:Map,Tile:9,Malus,Tile:8,Tile:7,Map,Tile:5,Bonus,Tile:7,Tile:5,Tile:12,Tile:7,Tile:9,Tile:8,Tile:2,Destroy,Tile:8,Destroy,Tile:9,Tile:15,Tile:6,Tile:6,Map,Map,Tile:4,Map,Tile:10,Bonus,Tile:5,Tile:6,Tile:6,Tile:13,Tile:14,Tile:11,Tile:9,Malus,Tile:0,Tile:8,Tile:1,Tile:9,Tile:8-Tile:6,Tile:3,Bonus,Destroy,Tile:10,Map,Tile:0-Tile:10,Tile:5,Bonus,Tile:0,Tile:7,Tile:0,Tile:7-Tile:hidden1,Tile:nugget,Tile:hidden2
Tile:6_flip 6 5 1
Drop 1 0 0
Drop 1 0 1
Drop 3 0 0
Map 12 5 1
Drop 4 0 0
Tile:7 7 5 1
Map 12 3 0
Malus 0 0 1
Bonus 0 0 0
Tile:3_flip 6 6 1
Drop 6 0 0
Tile:5 4 5 1
Drop 6 0 0
Destroy 4 5 1
Tile:8 7 6 0
Map 12 7 1
Tile:0 8 6 0
Tile:9_flip 5 6 1
Tile:0 9 6 0
Tile:7_flip 4 5 1
Drop 6 0 0
Tile:6 10 6 1
Tile:10 10 5 0
Tile:2 10 4 1
Map 12 5 0
Tile:10 4 4 1
Tile:8 11 4 0
Tile:9_flip 11 3 1
Tile:9 11 5 0
Map 12 3 1
Destroy 4 4 0
Tile:8 9 4 1
Destroy 4 5 0
Tile:6_flip 4 5 1
Drop 2 0 0
Tile:5_flip 7 7 1
Drop 4 0 0
Tile:9_flip 11 2 1
Drop 4 0 0
Drop 1 0 1
Malus 0 0 0
Drop 0 0 1
Drop 0 0 0
Drop 4 0 1
Drop 0 0 0
Drop 2 0 1
Drop 0 0 0
Drop 0 0 1
Drop 0 0 0
Drop 0 0 1
Drop 0 0 0
Drop 1 0 1
Drop 0 0 0
Drop 0 0 1
GAMEOVER DRAW
# Game ended: Sun Apr 12 19:34:15 EDT 2020
