# Server version 0.08 running on DESKTOP-R5EVID9:8123
# Game ID: 110
# Board class: Saboteur.SaboteurBoard
# Timeout: 2000
# First Move Timeout: 30000
# Date: Sun Apr 12 19:40:21 EDT 2020
# Player 1: Player-0, 'RandomPlayer', running on DESKTOP-R5EVID9
# Player 2: Player-1, '260778557', running on DESKTOP-R5EVID9
START Player-0 RandomPlayer
START Player-1 260778557
BoardInit:Tile:6,Tile:9,Tile:2,Tile:7,Tile:5,Tile:8,Map,Destroy,Tile:7,Malus,Tile:10,Tile:5,Tile:9,Map,Tile:12,Tile:7,Bonus,Tile:0,Tile:6,Tile:6,Tile:10,Tile:3,Tile:15,Tile:5,Tile:1,Bonus,Tile:7,Tile:8,Tile:9,Tile:0,Map,Bonus,Map,Malus,Map,Tile:8,Destroy,Tile:8,Tile:0,Tile:8,Destroy-Tile:9,Tile:14,Bonus,Tile:11,Tile:6,Tile:10,Tile:0-Tile:6,Tile:13,Tile:4,Tile:5,Tile:7,Tile:9,Map-Tile:nugget,Tile:hidden1,Tile:hidden2
Drop 1 0 1
Tile:7 5 4 0
Drop 2 0 1
Tile:9 4 5 0
Drop 6 0 1
Tile:5_flip 4 6 0
Drop 6 0 1
Tile:8 4 4 0
Map 12 3 1
Tile:7_flip 3 6 0
Tile:9 4 3 1
Tile:9_flip 3 5 0
Tile:6 5 3 1
Tile:5 3 4 0
Tile:0 6 3 1
Tile:4 4 2 0
Tile:6 7 3 1
Tile:6 2 5 0
Tile:10 7 2 1
Destroy 6 3 0
Tile:6 8 3 1
Map 12 3 0
Tile:10 8 2 1
Tile:6_flip 7 1 0
Tile:9 5 2 1
Tile:7_flip 5 6 0
Tile:10 5 1 1
Tile:0 6 6 0
Drop 1 0 1
Tile:13 6 3 0
Tile:9 6 4 1
Tile:8 7 6 0
Drop 1 0 1
Tile:0 9 3 0
Drop 2 0 1
Tile:3 10 3 0
Drop 2 0 1
Tile:5_flip 7 7 0
Drop 2 0 1
Tile:8 1 5 0
Tile:0 7 4 1
Drop 2 0 0
Drop 2 0 1
Tile:8 8 1 0
Drop 2 0 1
Malus 0 0 0
Bonus 0 0 1
Malus 0 0 0
Bonus 0 0 1
Map 12 7 0
Drop 0 0 1
Tile:8 0 5 0
Drop 0 0 1
Drop 0 0 0
Drop 0 0 1
GAMEOVER DRAW
# Game ended: Sun Apr 12 19:40:21 EDT 2020
