# Server version 0.08 running on DESKTOP-R5EVID9:8123
# Game ID: 82
# Board class: Saboteur.SaboteurBoard
# Timeout: 2000
# First Move Timeout: 30000
# Date: Sun Apr 12 19:16:12 EDT 2020
# Player 1: Player-0, '260778557', running on 127.0.0.1
# Player 2: Player-1, 'RandomPlayer', running on 127.0.0.1
START Player-0 260778557
START Player-1 RandomPlayer
BoardInit:Destroy,Tile:9,Map,Tile:0,Tile:7,Tile:7,Tile:14,Tile:13,Tile:10,Tile:8,Tile:5,Tile:0,Tile:6,Tile:6,Tile:10,Tile:12,Tile:1,Tile:9,Tile:15,Tile:7,Tile:6,Tile:9,Bonus,Bonus,Tile:5,Map,Tile:0,Tile:6,Bonus,Tile:0,Tile:8,Tile:9,Tile:7,Map,Malus,Tile:5,Bonus,Tile:4,Tile:8,Malus,Tile:5-Tile:3,Map,Map,Tile:9,Tile:11,Tile:6,Tile:2-Tile:10,Destroy,Tile:8,Destroy,Map,Tile:7,Tile:8-Tile:hidden1,Tile:hidden2,Tile:nugget
Map 12 3 1
Map 12 3 0
Tile:11_flip 6 5 1
Drop 4 0 0
Drop 2 0 1
Tile:10 6 4 0
Tile:7_flip 6 6 1
Drop 6 0 0
Tile:6_flip 6 3 1
Drop 6 0 0
Drop 0 0 1
Tile:8 7 6 0
Tile:5 5 3 1
Tile:8 8 6 0
Tile:6 4 5 1
Tile:9 8 5 0
Tile:10 8 7 1
Drop 6 0 0
Tile:10 5 4 1
Tile:0 9 5 0
Tile:15 4 4 1
Drop 6 0 0
Destroy 8 5 1
Tile:8 10 5 0
Tile:6_flip 8 5 1
Tile:0 11 5 0
Tile:14 7 3 1
Map 12 5 0
Drop 5 0 1
Tile:6 10 6 0
Map 12 3 1
Tile:0 11 6 0
Tile:8 12 6 1
Tile:6 13 6 0
Tile:7 10 4 1
Map 12 7 0
Tile:1 9 6 1
Destroy 4 4 0
Tile:0 9 4 1
Destroy 4 5 0
Tile:2 13 5 1
Drop 4 0 0
Map 12 5 1
Drop 4 0 0
Drop 4 0 1
Malus 0 0 0
Drop 0 0 1
Drop 0 0 0
Bonus 0 0 1
Drop 0 0 0
Drop 1 0 1
Drop 0 0 0
Tile:5 7 2 1
Drop 0 0 0
Malus 0 0 1
GAMEOVER DRAW
# Game ended: Sun Apr 12 19:16:12 EDT 2020
