# Server version 0.08 running on DESKTOP-R5EVID9:8123
# Game ID: 92
# Board class: Saboteur.SaboteurBoard
# Timeout: 2000
# First Move Timeout: 30000
# Date: Sun Apr 12 19:19:39 EDT 2020
# Player 1: Player-0, 'RandomPlayer', running on DESKTOP-R5EVID9
# Player 2: Player-1, '260778557', running on DESKTOP-R5EVID9
START Player-0 RandomPlayer
START Player-1 260778557
BoardInit:Tile:7,Tile:9,Tile:15,Map,Malus,Tile:0,Tile:9,Tile:8,Tile:4,Tile:7,Map,Tile:3,Tile:6,Tile:9,Tile:8,Tile:8,Bonus,Tile:14,Bonus,Tile:1,Malus,Tile:0,Tile:2,Bonus,Tile:7,Tile:8,Destroy,Tile:8,Map,Tile:11,Tile:5,Destroy,Tile:5,Tile:6,Tile:5,Map,Tile:7,Bonus,Tile:10,Tile:6,Map-Tile:6,Tile:12,Tile:9,Tile:7,Tile:10,Tile:10,Tile:5-Map,Tile:6,Tile:13,Tile:0,Tile:9,Tile:0,Destroy-Tile:nugget,Tile:hidden2,Tile:hidden1
Drop 1 0 1
Tile:13 5 6 0
Drop 2 0 1
Map 12 3 0
Drop 4 0 1
Tile:9_flip 5 7 0
Drop 4 0 1
Tile:0 4 5 0
Drop 4 0 1
Tile:6_flip 4 7 0
Malus 0 0 1
Map 12 3 0
Map 12 3 1
Drop 6 0 0
Tile:6 6 5 1
Destroy 6 5 0
Tile:9 5 4 1
Drop 5 0 0
Tile:10 5 3 1
Drop 3 0 0
Tile:6 6 4 1
Drop 2 0 0
Tile:10 6 3 1
Drop 0 0 0
Tile:8 7 4 1
Drop 5 0 0
Tile:9 7 3 1
Drop 0 0 0
Drop 0 0 1
Drop 6 0 0
Malus 0 0 1
Drop 1 0 0
Drop 2 0 1
Destroy 6 4 0
Drop 2 0 1
Drop 0 0 0
Drop 3 0 1
Map 12 7 0
Drop 3 0 1
Bonus 0 0 0
Tile:10 7 2 1
Drop 4 0 0
Drop 3 0 1
Bonus 0 0 0
Drop 3 0 1
Drop 3 0 0
Drop 3 0 1
Tile:6_flip 5 2 0
Drop 3 0 1
Tile:1 4 6 0
Drop 0 0 1
Drop 0 0 0
Drop 0 0 1
Tile:8 7 1 0
Drop 0 0 1
GAMEOVER DRAW
# Game ended: Sun Apr 12 19:19:39 EDT 2020
