# Server version 0.08 running on DESKTOP-R5EVID9:8123
# Game ID: 4
# Board class: Saboteur.SaboteurBoard
# Timeout: 2000
# First Move Timeout: 30000
# Date: Sun Apr 12 16:04:28 EDT 2020
# Player 1: Player-0, '260778557', running on DESKTOP-R5EVID9
# Player 2: Player-1, 'RandomPlayer', running on DESKTOP-R5EVID9
START Player-0 260778557
START Player-1 RandomPlayer
BoardInit:Tile:0,Tile:10,Tile:9,Tile:9,Tile:7,Tile:5,Tile:3,Bonus,Tile:12,Tile:7,Tile:8,Map,Tile:8,Tile:6,Destroy,Tile:6,Tile:4,Map,Map,Tile:9,Tile:10,Map,Tile:7,Malus,Tile:8,Tile:13,Bonus,Tile:7,Map,Tile:5,Tile:5,Tile:5,Destroy,Tile:1,Bonus,Tile:2,Map,Tile:6,Destroy,Tile:7,Tile:8-Malus,Tile:8,Tile:14,Tile:11,Tile:9,Bonus,Tile:6-Tile:0,Tile:15,Tile:9,Tile:0,Tile:10,Tile:6,Tile:0-Tile:nugget,Tile:hidden1,Tile:hidden2
Tile:6 6 5 1
Drop 1 0 0
Tile:11_flip 7 5 1
Tile:9 7 4 0
Tile:14 5 6 1
Tile:0 8 4 0
Tile:7 6 4 1
Tile:0 9 4 0
Tile:9_flip 10 4 1
Tile:10 10 5 0
Malus 0 0 1
Bonus 0 0 0
Tile:8 4 6 1
Map 12 3 0
Tile:9_flip 7 3 1
Tile:10 10 3 0
Destroy 10 5 1
Tile:9 10 2 0
Tile:8 3 6 1
Tile:6 11 2 0
Tile:8 5 4 1
Tile:0 12 2 0
Drop 1 0 1
Drop 4 0 0
Drop 5 0 1
Drop 5 0 0
Tile:8 3 7 1
Malus 0 0 0
Drop 2 0 1
Drop 5 0 0
Bonus 0 0 1
Drop 0 0 0
Tile:4 5 3 1
Drop 0 0 0
Destroy 10 2 1
Tile:6 13 2 0
Tile:7_flip 6 3 1
Tile:9 10 2 0
Map 12 5 1
Drop 4 0 0
Destroy 6 4 1
Drop 4 0 0
Tile:3_flip 3 8 1
Drop 0 0 0
Drop 4 0 1
Drop 0 0 0
Tile:8 2 7 1
Drop 0 0 0
Tile:5 13 1 1
Drop 0 0 0
Map 12 3 1
Drop 0 0 0
Drop 1 0 1
Drop 0 0 0
Drop 0 0 1
GAMEOVER DRAW
# Game ended: Sun Apr 12 16:04:28 EDT 2020
