# Server version 0.08 running on DESKTOP-R5EVID9:8123
# Game ID: 78
# Board class: Saboteur.SaboteurBoard
# Timeout: 2000
# First Move Timeout: 30000
# Date: Sun Apr 12 19:16:07 EDT 2020
# Player 1: Player-0, '260778557', running on 127.0.0.1
# Player 2: Player-1, 'RandomPlayer', running on 127.0.0.1
START Player-0 260778557
START Player-1 RandomPlayer
BoardInit:Destroy,Tile:8,Tile:9,Tile:0,Bonus,Tile:6,Malus,Tile:14,Tile:7,Tile:2,Tile:10,Tile:7,Tile:12,Tile:11,Map,Tile:8,Tile:6,Tile:5,Tile:5,Tile:3,Tile:10,Tile:5,Map,Tile:1,Tile:6,Tile:13,Tile:7,Tile:7,Tile:5,Map,Tile:0,Tile:8,Tile:15,Tile:0,Tile:6,Tile:8,Map,Tile:0,Map,Bonus,Tile:9-Destroy,Tile:9,Tile:6,Tile:4,Tile:9,Bonus,Tile:7-Bonus,Tile:9,Destroy,Map,Tile:8,Tile:10,Malus-Tile:hidden1,Tile:hidden2,Tile:nugget
Tile:7 5 4 1
Map 12 3 0
Tile:9_flip 6 5 1
Malus 0 0 0
Drop 6 0 1
Tile:9 6 4 0
Destroy 6 4 1
Tile:8 6 6 0
Drop 1 0 1
Drop 6 0 0
Drop 3 0 1
Drop 6 0 0
Drop 4 0 1
Drop 6 0 0
Drop 2 0 1
Drop 6 0 0
Drop 0 0 1
Tile:8 7 6 0
Map 12 7 1
Drop 6 0 0
Drop 2 0 1
Drop 6 0 0
Drop 3 0 1
Drop 6 0 0
Drop 5 0 1
Drop 6 0 0
Map 12 5 1
Drop 6 0 0
Drop 6 0 1
Drop 6 0 0
Drop 1 0 1
Map 12 5 0
Drop 6 0 1
Tile:10 7 5 0
Drop 3 0 1
Tile:0 8 6 0
Drop 3 0 1
Tile:6 9 6 0
Map 12 5 1
Tile:8 9 5 0
Drop 6 0 1
Tile:8 10 5 0
Drop 0 0 1
Tile:0 11 5 0
Drop 4 0 1
Tile:8 12 4 0
Drop 2 0 1
Tile:0 13 5 0
Drop 0 0 1
Destroy 12 4 0
Drop 0 0 1
Drop 0 0 0
Drop 1 0 1
Drop 0 0 0
Drop 0 0 1
GAMEOVER DRAW
# Game ended: Sun Apr 12 19:16:07 EDT 2020
