# Server version 0.08 running on DESKTOP-R5EVID9:8123
# Game ID: 65
# Board class: Saboteur.SaboteurBoard
# Timeout: 2000
# First Move Timeout: 30000
# Date: Sun Apr 12 19:14:02 EDT 2020
# Player 1: Player-0, 'RandomPlayer', running on 127.0.0.1
# Player 2: Player-1, '260778557', running on 127.0.0.1
START Player-0 RandomPlayer
START Player-1 260778557
BoardInit:Tile:15,Tile:6,Tile:11,Tile:5,Tile:3,Tile:4,Bonus,Tile:7,Tile:0,Bonus,Map,Tile:9,Tile:8,Tile:13,Tile:5,Tile:14,Tile:0,Tile:9,Destroy,Tile:9,Tile:8,Tile:7,Tile:7,Bonus,Tile:8,Tile:10,Malus,Bonus,Map,Tile:9,Tile:2,Tile:7,Destroy,Tile:0,Tile:8,Tile:1,Tile:8,Map,Destroy,Tile:5,Map-Tile:10,Tile:6,Malus,Tile:7,Tile:6,Tile:10,Map-Map,Tile:5,Tile:0,Tile:9,Tile:12,Tile:6,Tile:6-Tile:hidden1,Tile:hidden2,Tile:nugget
Map 12 3 1
Tile:12_flip 4 5 0
Malus 0 0 1
Map 12 3 0
Drop 2 0 1
Drop 4 0 0
Drop 4 0 1
Drop 5 0 0
Drop 4 0 1
Drop 1 0 0
Drop 4 0 1
Bonus 0 0 0
Map 12 5 1
Drop 6 0 0
Tile:6 6 5 1
Drop 2 0 0
Drop 6 0 1
Drop 1 0 0
Tile:6 7 5 1
Tile:5 5 4 0
Tile:0 8 5 1
Tile:9_flip 6 4 0
Tile:8 9 5 1
Drop 1 0 0
Drop 6 0 1
Drop 2 0 0
Tile:0 10 5 1
Tile:9 9 6 0
Malus 0 0 1
Drop 2 0 0
Map 12 7 1
Drop 4 0 0
Tile:10 9 7 1
Drop 6 0 0
Tile:8 11 5 1
Drop 4 0 0
Tile:10 12 6 1
GAMEOVER WINNER 1
# Game ended: Sun Apr 12 19:14:02 EDT 2020
